[0.017s] Invoking command in '/home/caldo/Projects/trekking_test_ws/build/trekking': CMAKE_PREFIX_PATH=/home/caldo/Projects/uros_ws/install/micro_ros_setup:/home/caldo/Projects/uros_ws/install/micro_ros_agent:/home/caldo/Projects/uros_ws/install/micro_ros_msgs:/home/caldo/Projects/trekking_test_ws/install/trekking:/home/caldo/Projects/trekking_test_ws/install/sllidar_ros2:/opt/ros/jazzy:/home/caldo/Projects/trekking_test_ws/install/rplidar_ros:/home/caldo/Projects/trekking_test_ws/install/rf2o_laser_odometry:/home/caldo/Projects/trekking_test_ws/install/articubot_one:/opt/ros/jazzy/opt/gz_sim_vendor:/opt/ros/jazzy/opt/gz_sensors_vendor:/opt/ros/jazzy/opt/gz_physics_vendor:/opt/ros/jazzy/opt/sdformat_vendor:/opt/ros/jazzy/opt/gz_gui_vendor:/opt/ros/jazzy/opt/gz_transport_vendor:/opt/ros/jazzy/opt/gz_rendering_vendor:/opt/ros/jazzy/opt/gz_plugin_vendor:/opt/ros/jazzy/opt/gz_fuel_tools_vendor:/opt/ros/jazzy/opt/gz_msgs_vendor:/opt/ros/jazzy/opt/gz_common_vendor:/opt/ros/jazzy/opt/gz_math_vendor:/opt/ros/jazzy/opt/gz_utils_vendor:/opt/ros/jazzy/opt/gz_tools_vendor:/opt/ros/jazzy/opt/gz_ogre_next_vendor:/opt/ros/jazzy/opt/gz_dartsim_vendor:/opt/ros/jazzy/opt/gz_cmake_vendor PS1=\n\[\e[90;1m\][\[\e[0;34m\]\@\[\e[90;1m\]]-\[\e[90;1m\][\[\e[0;32m\]\u\[\e[0;33m\]@\[\e[0;32m\]\h\[\e[90;1m\]]-\[\e[90;1m\][\[\e[0;35m\]\w\[\e[90;1m\]]- \[[0;32m\]|articubot_clone U:93 ?:18 \[[0;31m\]✗\[[0;32m\]|\n\[\e[39m\]$ /usr/bin/cmake --build /home/caldo/Projects/trekking_test_ws/build/trekking -- -j8 -l8
[0.069s] Invoked command in '/home/caldo/Projects/trekking_test_ws/build/trekking' returned '0': CMAKE_PREFIX_PATH=/home/caldo/Projects/uros_ws/install/micro_ros_setup:/home/caldo/Projects/uros_ws/install/micro_ros_agent:/home/caldo/Projects/uros_ws/install/micro_ros_msgs:/home/caldo/Projects/trekking_test_ws/install/trekking:/home/caldo/Projects/trekking_test_ws/install/sllidar_ros2:/opt/ros/jazzy:/home/caldo/Projects/trekking_test_ws/install/rplidar_ros:/home/caldo/Projects/trekking_test_ws/install/rf2o_laser_odometry:/home/caldo/Projects/trekking_test_ws/install/articubot_one:/opt/ros/jazzy/opt/gz_sim_vendor:/opt/ros/jazzy/opt/gz_sensors_vendor:/opt/ros/jazzy/opt/gz_physics_vendor:/opt/ros/jazzy/opt/sdformat_vendor:/opt/ros/jazzy/opt/gz_gui_vendor:/opt/ros/jazzy/opt/gz_transport_vendor:/opt/ros/jazzy/opt/gz_rendering_vendor:/opt/ros/jazzy/opt/gz_plugin_vendor:/opt/ros/jazzy/opt/gz_fuel_tools_vendor:/opt/ros/jazzy/opt/gz_msgs_vendor:/opt/ros/jazzy/opt/gz_common_vendor:/opt/ros/jazzy/opt/gz_math_vendor:/opt/ros/jazzy/opt/gz_utils_vendor:/opt/ros/jazzy/opt/gz_tools_vendor:/opt/ros/jazzy/opt/gz_ogre_next_vendor:/opt/ros/jazzy/opt/gz_dartsim_vendor:/opt/ros/jazzy/opt/gz_cmake_vendor PS1=\n\[\e[90;1m\][\[\e[0;34m\]\@\[\e[90;1m\]]-\[\e[90;1m\][\[\e[0;32m\]\u\[\e[0;33m\]@\[\e[0;32m\]\h\[\e[90;1m\]]-\[\e[90;1m\][\[\e[0;35m\]\w\[\e[90;1m\]]- \[[0;32m\]|articubot_clone U:93 ?:18 \[[0;31m\]✗\[[0;32m\]|\n\[\e[39m\]$ /usr/bin/cmake --build /home/caldo/Projects/trekking_test_ws/build/trekking -- -j8 -l8
[0.081s] Invoking command in '/home/caldo/Projects/trekking_test_ws/build/trekking': CMAKE_PREFIX_PATH=/home/caldo/Projects/uros_ws/install/micro_ros_setup:/home/caldo/Projects/uros_ws/install/micro_ros_agent:/home/caldo/Projects/uros_ws/install/micro_ros_msgs:/home/caldo/Projects/trekking_test_ws/install/trekking:/home/caldo/Projects/trekking_test_ws/install/sllidar_ros2:/opt/ros/jazzy:/home/caldo/Projects/trekking_test_ws/install/rplidar_ros:/home/caldo/Projects/trekking_test_ws/install/rf2o_laser_odometry:/home/caldo/Projects/trekking_test_ws/install/articubot_one:/opt/ros/jazzy/opt/gz_sim_vendor:/opt/ros/jazzy/opt/gz_sensors_vendor:/opt/ros/jazzy/opt/gz_physics_vendor:/opt/ros/jazzy/opt/sdformat_vendor:/opt/ros/jazzy/opt/gz_gui_vendor:/opt/ros/jazzy/opt/gz_transport_vendor:/opt/ros/jazzy/opt/gz_rendering_vendor:/opt/ros/jazzy/opt/gz_plugin_vendor:/opt/ros/jazzy/opt/gz_fuel_tools_vendor:/opt/ros/jazzy/opt/gz_msgs_vendor:/opt/ros/jazzy/opt/gz_common_vendor:/opt/ros/jazzy/opt/gz_math_vendor:/opt/ros/jazzy/opt/gz_utils_vendor:/opt/ros/jazzy/opt/gz_tools_vendor:/opt/ros/jazzy/opt/gz_ogre_next_vendor:/opt/ros/jazzy/opt/gz_dartsim_vendor:/opt/ros/jazzy/opt/gz_cmake_vendor PS1=\n\[\e[90;1m\][\[\e[0;34m\]\@\[\e[90;1m\]]-\[\e[90;1m\][\[\e[0;32m\]\u\[\e[0;33m\]@\[\e[0;32m\]\h\[\e[90;1m\]]-\[\e[90;1m\][\[\e[0;35m\]\w\[\e[90;1m\]]- \[[0;32m\]|articubot_clone U:93 ?:18 \[[0;31m\]✗\[[0;32m\]|\n\[\e[39m\]$ /usr/bin/cmake --install /home/caldo/Projects/trekking_test_ws/build/trekking
[0.091s] -- Install configuration: ""
[0.091s] -- Execute custom install script
[0.092s] -- Up-to-date symlink: /home/caldo/Projects/trekking_test_ws/install/trekking/share/trekking/config/mapper_params_online_async.yaml
[0.092s] -- Up-to-date symlink: /home/caldo/Projects/trekking_test_ws/install/trekking/share/trekking/config/nav2_params.yaml
[0.092s] -- Up-to-date symlink: /home/caldo/Projects/trekking_test_ws/install/trekking/share/trekking/config/view_bot.rviz
[0.093s] -- Up-to-date symlink: /home/caldo/Projects/trekking_test_ws/install/trekking/share/trekking/description/camera.xacro
[0.093s] -- Up-to-date symlink: /home/caldo/Projects/trekking_test_ws/install/trekking/share/trekking/description/depth_camera.xacro
[0.093s] -- Up-to-date symlink: /home/caldo/Projects/trekking_test_ws/install/trekking/share/trekking/description/face.xacro
[0.093s] -- Up-to-date symlink: /home/caldo/Projects/trekking_test_ws/install/trekking/share/trekking/description/gazebo_control.xacro
[0.093s] -- Up-to-date symlink: /home/caldo/Projects/trekking_test_ws/install/trekking/share/trekking/description/inertial_macros.xacro
[0.094s] -- Up-to-date symlink: /home/caldo/Projects/trekking_test_ws/install/trekking/share/trekking/description/lidar.xacro
[0.094s] -- Up-to-date symlink: /home/caldo/Projects/trekking_test_ws/install/trekking/share/trekking/description/robot.urdf.xacro
[0.094s] -- Up-to-date symlink: /home/caldo/Projects/trekking_test_ws/install/trekking/share/trekking/description/robot_core.urdf.xacro
[0.094s] -- Up-to-date symlink: /home/caldo/Projects/trekking_test_ws/install/trekking/share/trekking/description/robot_core.xacro
[0.094s] -- Up-to-date symlink: /home/caldo/Projects/trekking_test_ws/install/trekking/share/trekking/description/ros2_control.xacro
[0.095s] -- Up-to-date symlink: /home/caldo/Projects/trekking_test_ws/install/trekking/share/trekking/launch/localization_launch.py
[0.095s] -- Up-to-date symlink: /home/caldo/Projects/trekking_test_ws/install/trekking/share/trekking/launch/main.launch.py
[0.095s] -- Up-to-date symlink: /home/caldo/Projects/trekking_test_ws/install/trekking/share/trekking/launch/navigation_launch.py
[0.096s] -- Up-to-date symlink: /home/caldo/Projects/trekking_test_ws/install/trekking/share/trekking/launch/online_async_launch.py
[0.096s] -- Up-to-date symlink: /home/caldo/Projects/trekking_test_ws/install/trekking/share/trekking/launch/rplidar.launch.py
[0.096s] -- Up-to-date symlink: /home/caldo/Projects/trekking_test_ws/install/trekking/share/trekking/launch/rsp.launch.py
[0.096s] -- Up-to-date symlink: /home/caldo/Projects/trekking_test_ws/install/trekking/share/ament_index/resource_index/package_run_dependencies/trekking
[0.097s] -- Up-to-date symlink: /home/caldo/Projects/trekking_test_ws/install/trekking/share/ament_index/resource_index/parent_prefix_path/trekking
[0.097s] -- Up-to-date symlink: /home/caldo/Projects/trekking_test_ws/install/trekking/share/trekking/environment/ament_prefix_path.sh
[0.097s] -- Up-to-date symlink: /home/caldo/Projects/trekking_test_ws/install/trekking/share/trekking/environment/ament_prefix_path.dsv
[0.097s] -- Up-to-date symlink: /home/caldo/Projects/trekking_test_ws/install/trekking/share/trekking/environment/path.sh
[0.098s] -- Up-to-date symlink: /home/caldo/Projects/trekking_test_ws/install/trekking/share/trekking/environment/path.dsv
[0.098s] -- Up-to-date symlink: /home/caldo/Projects/trekking_test_ws/install/trekking/share/trekking/local_setup.bash
[0.098s] -- Up-to-date symlink: /home/caldo/Projects/trekking_test_ws/install/trekking/share/trekking/local_setup.sh
[0.099s] -- Up-to-date symlink: /home/caldo/Projects/trekking_test_ws/install/trekking/share/trekking/local_setup.zsh
[0.099s] -- Up-to-date symlink: /home/caldo/Projects/trekking_test_ws/install/trekking/share/trekking/local_setup.dsv
[0.099s] -- Symlinking: /home/caldo/Projects/trekking_test_ws/install/trekking/share/trekking/package.dsv
[0.108s] -- Up-to-date symlink: /home/caldo/Projects/trekking_test_ws/install/trekking/share/ament_index/resource_index/packages/trekking
[0.108s] -- Up-to-date symlink: /home/caldo/Projects/trekking_test_ws/install/trekking/share/trekking/cmake/trekkingConfig.cmake
[0.109s] -- Up-to-date symlink: /home/caldo/Projects/trekking_test_ws/install/trekking/share/trekking/cmake/trekkingConfig-version.cmake
[0.109s] -- Up-to-date symlink: /home/caldo/Projects/trekking_test_ws/install/trekking/share/trekking/package.xml
[0.111s] Invoked command in '/home/caldo/Projects/trekking_test_ws/build/trekking' returned '0': CMAKE_PREFIX_PATH=/home/caldo/Projects/uros_ws/install/micro_ros_setup:/home/caldo/Projects/uros_ws/install/micro_ros_agent:/home/caldo/Projects/uros_ws/install/micro_ros_msgs:/home/caldo/Projects/trekking_test_ws/install/trekking:/home/caldo/Projects/trekking_test_ws/install/sllidar_ros2:/opt/ros/jazzy:/home/caldo/Projects/trekking_test_ws/install/rplidar_ros:/home/caldo/Projects/trekking_test_ws/install/rf2o_laser_odometry:/home/caldo/Projects/trekking_test_ws/install/articubot_one:/opt/ros/jazzy/opt/gz_sim_vendor:/opt/ros/jazzy/opt/gz_sensors_vendor:/opt/ros/jazzy/opt/gz_physics_vendor:/opt/ros/jazzy/opt/sdformat_vendor:/opt/ros/jazzy/opt/gz_gui_vendor:/opt/ros/jazzy/opt/gz_transport_vendor:/opt/ros/jazzy/opt/gz_rendering_vendor:/opt/ros/jazzy/opt/gz_plugin_vendor:/opt/ros/jazzy/opt/gz_fuel_tools_vendor:/opt/ros/jazzy/opt/gz_msgs_vendor:/opt/ros/jazzy/opt/gz_common_vendor:/opt/ros/jazzy/opt/gz_math_vendor:/opt/ros/jazzy/opt/gz_utils_vendor:/opt/ros/jazzy/opt/gz_tools_vendor:/opt/ros/jazzy/opt/gz_ogre_next_vendor:/opt/ros/jazzy/opt/gz_dartsim_vendor:/opt/ros/jazzy/opt/gz_cmake_vendor PS1=\n\[\e[90;1m\][\[\e[0;34m\]\@\[\e[90;1m\]]-\[\e[90;1m\][\[\e[0;32m\]\u\[\e[0;33m\]@\[\e[0;32m\]\h\[\e[90;1m\]]-\[\e[90;1m\][\[\e[0;35m\]\w\[\e[90;1m\]]- \[[0;32m\]|articubot_clone U:93 ?:18 \[[0;31m\]✗\[[0;32m\]|\n\[\e[39m\]$ /usr/bin/cmake --install /home/caldo/Projects/trekking_test_ws/build/trekking
