-- Found ament_cmake: 2.5.3 (/opt/ros/jazzy/share/ament_cmake/cmake)
-- Override CMake install command with custom implementation using symlinks instead of copying resources
-- Found ament_lint_auto: 0.17.1 (/opt/ros/jazzy/share/ament_lint_auto/cmake)
-- Added test 'copyright' to check source files copyright and LICENSE
-- Added test 'flake8' to check Python code syntax and style conventions
-- Configured 'flake8' exclude dirs and/or files: 
-- Added test 'lint_cmake' to check CMake code style
-- Added test 'pep257' to check Python code against some of the docstring style conventions in PEP 257
-- Added test 'xmllint' to check XML markup files
-- Configuring done (0.5s)
-- Generating done (0.0s)
-- Build files have been written to: /home/caldo/Projects/trekking_test_ws/build/trekking
-- Install configuration: ""
-- Execute custom install script
-- Symlinking: /home/caldo/Projects/trekking_test_ws/install/trekking/share/trekking/config/empty.yaml
-- Symlinking: /home/caldo/Projects/trekking_test_ws/install/trekking/share/trekking/config/view_bot.rviz
-- Symlinking: /home/caldo/Projects/trekking_test_ws/install/trekking/share/trekking/description/inertial_macros.xacro
-- Symlinking: /home/caldo/Projects/trekking_test_ws/install/trekking/share/trekking/description/robot.urdf.xacro
-- Symlinking: /home/caldo/Projects/trekking_test_ws/install/trekking/share/trekking/description/robot_core.xacro
-- Symlinking: /home/caldo/Projects/trekking_test_ws/install/trekking/share/trekking/launch/rsp.launch.py
-- Symlinking: /home/caldo/Projects/trekking_test_ws/install/trekking/share/ament_index/resource_index/package_run_dependencies/trekking
-- Symlinking: /home/caldo/Projects/trekking_test_ws/install/trekking/share/ament_index/resource_index/parent_prefix_path/trekking
-- Symlinking: /home/caldo/Projects/trekking_test_ws/install/trekking/share/trekking/environment/ament_prefix_path.sh
-- Symlinking: /home/caldo/Projects/trekking_test_ws/install/trekking/share/trekking/environment/ament_prefix_path.dsv
-- Symlinking: /home/caldo/Projects/trekking_test_ws/install/trekking/share/trekking/environment/path.sh
-- Symlinking: /home/caldo/Projects/trekking_test_ws/install/trekking/share/trekking/environment/path.dsv
-- Symlinking: /home/caldo/Projects/trekking_test_ws/install/trekking/share/trekking/local_setup.bash
-- Symlinking: /home/caldo/Projects/trekking_test_ws/install/trekking/share/trekking/local_setup.sh
-- Symlinking: /home/caldo/Projects/trekking_test_ws/install/trekking/share/trekking/local_setup.zsh
-- Symlinking: /home/caldo/Projects/trekking_test_ws/install/trekking/share/trekking/local_setup.dsv
-- Symlinking: /home/caldo/Projects/trekking_test_ws/install/trekking/share/trekking/package.dsv
-- Symlinking: /home/caldo/Projects/trekking_test_ws/install/trekking/share/ament_index/resource_index/packages/trekking
-- Symlinking: /home/caldo/Projects/trekking_test_ws/install/trekking/share/trekking/cmake/trekkingConfig.cmake
-- Symlinking: /home/caldo/Projects/trekking_test_ws/install/trekking/share/trekking/cmake/trekkingConfig-version.cmake
-- Symlinking: /home/caldo/Projects/trekking_test_ws/install/trekking/share/trekking/package.xml
