-- The C compiler identification is GNU 13.3.0
-- The CXX compiler identification is GNU 13.3.0
-- Detecting C compiler ABI info
-- Detecting C compiler ABI info - done
-- Check for working C compiler: /usr/bin/cc - skipped
-- Detecting C compile features
-- Detecting C compile features - done
-- Detecting CXX compiler ABI info
-- Detecting CXX compiler ABI info - done
-- Check for working CXX compiler: /usr/bin/c++ - skipped
-- Detecting CXX compile features
-- Detecting CXX compile features - done
-- Found ament_cmake: 2.5.3 (/opt/ros/jazzy/share/ament_cmake/cmake)
-- Found Python3: /home/caldo/.espressif/python_env/idf5.2_py3.12_env/bin/python3 (found version "3.12.3") found components: Interpreter 
-- Found ament_lint_auto: 0.17.1 (/opt/ros/jazzy/share/ament_lint_auto/cmake)
-- Added test 'copyright' to check source files copyright and LICENSE
-- Added test 'flake8' to check Python code syntax and style conventions
-- Configured 'flake8' exclude dirs and/or files: 
-- Added test 'lint_cmake' to check CMake code style
-- Added test 'pep257' to check Python code against some of the docstring style conventions in PEP 257
-- Added test 'xmllint' to check XML markup files
-- Configuring done (1.3s)
-- Generating done (0.0s)
-- Build files have been written to: /home/caldo/Projects/trekking_test_ws/build/trekking
-- Install configuration: ""
-- Installing: /home/caldo/Projects/trekking_test_ws/install/trekking/share/trekking/config
-- Installing: /home/caldo/Projects/trekking_test_ws/install/trekking/share/trekking/config/empty.yaml
-- Installing: /home/caldo/Projects/trekking_test_ws/install/trekking/share/trekking/config/view_bot.rviz
-- Installing: /home/caldo/Projects/trekking_test_ws/install/trekking/share/trekking/description
-- Installing: /home/caldo/Projects/trekking_test_ws/install/trekking/share/trekking/description/inertial_macros.xacro
-- Installing: /home/caldo/Projects/trekking_test_ws/install/trekking/share/trekking/description/robot.urdf.xacro
-- Installing: /home/caldo/Projects/trekking_test_ws/install/trekking/share/trekking/description/robot_core.xacro
-- Installing: /home/caldo/Projects/trekking_test_ws/install/trekking/share/trekking/launch
-- Installing: /home/caldo/Projects/trekking_test_ws/install/trekking/share/trekking/launch/rsp.launch.py
CMake Error at cmake_install.cmake:46 (file):
  file INSTALL cannot find
  "/home/caldo/Projects/trekking_test_ws/src/trekking/worlds": No such file or
  directory.


