[0.012s] Invoking command in '/home/caldo/Projects/trekking_test_ws/build/trekking': CMAKE_PREFIX_PATH=${CMAKE_PREFIX_PATH}:/opt/ros/jazzy DEBUGINFOD_URLS=https://debuginfod.ubuntu.com /usr/bin/cmake --build /home/caldo/Projects/trekking_test_ws/build/trekking -- -j8 -l8
[0.035s] -- Found ament_cmake: 2.5.3 (/opt/ros/jazzy/share/ament_cmake/cmake)
[0.206s] -- Override CMake install command with custom implementation using symlinks instead of copying resources
[0.224s] -- Found ament_lint_auto: 0.17.2 (/opt/ros/jazzy/share/ament_lint_auto/cmake)
[0.314s] -- Added test 'copyright' to check source files copyright and LICENSE
[0.317s] -- Added test 'flake8' to check Python code syntax and style conventions
[0.317s] -- Configured 'flake8' exclude dirs and/or files: 
[0.317s] -- Added test 'lint_cmake' to check CMake code style
[0.318s] -- Added test 'pep257' to check Python code against some of the docstring style conventions in PEP 257
[0.319s] -- Added test 'xmllint' to check XML markup files
[0.321s] -- Configuring done (0.3s)
[0.325s] -- Generating done (0.0s)
[0.327s] -- Build files have been written to: /home/caldo/Projects/trekking_test_ws/build/trekking
[0.346s] Invoked command in '/home/caldo/Projects/trekking_test_ws/build/trekking' returned '0': CMAKE_PREFIX_PATH=${CMAKE_PREFIX_PATH}:/opt/ros/jazzy DEBUGINFOD_URLS=https://debuginfod.ubuntu.com /usr/bin/cmake --build /home/caldo/Projects/trekking_test_ws/build/trekking -- -j8 -l8
[0.354s] Invoking command in '/home/caldo/Projects/trekking_test_ws/build/trekking': CMAKE_PREFIX_PATH=${CMAKE_PREFIX_PATH}:/opt/ros/jazzy DEBUGINFOD_URLS=https://debuginfod.ubuntu.com /usr/bin/cmake --install /home/caldo/Projects/trekking_test_ws/build/trekking
[0.360s] -- Install configuration: ""
[0.361s] -- Execute custom install script
[0.361s] -- Up-to-date symlink: /home/caldo/Projects/trekking_test_ws/install/trekking/share/trekking/config/mapper_params_online_async.yaml
[0.361s] -- Up-to-date symlink: /home/caldo/Projects/trekking_test_ws/install/trekking/share/trekking/config/nav2_params.yaml
[0.362s] -- Up-to-date symlink: /home/caldo/Projects/trekking_test_ws/install/trekking/share/trekking/config/view_bot.rviz
[0.362s] -- Up-to-date symlink: /home/caldo/Projects/trekking_test_ws/install/trekking/share/trekking/description/inertial_macros.xacro
[0.362s] -- Up-to-date symlink: /home/caldo/Projects/trekking_test_ws/install/trekking/share/trekking/description/lidar.xacro
[0.363s] -- Up-to-date symlink: /home/caldo/Projects/trekking_test_ws/install/trekking/share/trekking/description/robot.urdf.xacro
[0.363s] -- Up-to-date symlink: /home/caldo/Projects/trekking_test_ws/install/trekking/share/trekking/description/robot_core.urdf.xacro
[0.363s] -- Up-to-date symlink: /home/caldo/Projects/trekking_test_ws/install/trekking/share/trekking/description/robot_core.xacro
[0.363s] -- Up-to-date symlink: /home/caldo/Projects/trekking_test_ws/install/trekking/share/trekking/description/ros2_control.xacro
[0.364s] -- Up-to-date symlink: /home/caldo/Projects/trekking_test_ws/install/trekking/share/trekking/launch/localization_launch.py
[0.364s] -- Up-to-date symlink: /home/caldo/Projects/trekking_test_ws/install/trekking/share/trekking/launch/main.launch.py
[0.364s] -- Up-to-date symlink: /home/caldo/Projects/trekking_test_ws/install/trekking/share/trekking/launch/navigation_launch.py
[0.364s] -- Up-to-date symlink: /home/caldo/Projects/trekking_test_ws/install/trekking/share/trekking/launch/online_async_launch.py
[0.365s] -- Up-to-date symlink: /home/caldo/Projects/trekking_test_ws/install/trekking/share/trekking/launch/rplidar.launch.py
[0.365s] -- Up-to-date symlink: /home/caldo/Projects/trekking_test_ws/install/trekking/share/trekking/launch/rsp.launch.py
[0.365s] -- Up-to-date symlink: /home/caldo/Projects/trekking_test_ws/install/trekking/share/ament_index/resource_index/package_run_dependencies/trekking
[0.366s] -- Up-to-date symlink: /home/caldo/Projects/trekking_test_ws/install/trekking/share/ament_index/resource_index/parent_prefix_path/trekking
[0.366s] -- Up-to-date symlink: /home/caldo/Projects/trekking_test_ws/install/trekking/share/trekking/environment/ament_prefix_path.sh
[0.366s] -- Up-to-date symlink: /home/caldo/Projects/trekking_test_ws/install/trekking/share/trekking/environment/ament_prefix_path.dsv
[0.366s] -- Up-to-date symlink: /home/caldo/Projects/trekking_test_ws/install/trekking/share/trekking/environment/path.sh
[0.367s] -- Up-to-date symlink: /home/caldo/Projects/trekking_test_ws/install/trekking/share/trekking/environment/path.dsv
[0.367s] -- Up-to-date symlink: /home/caldo/Projects/trekking_test_ws/install/trekking/share/trekking/local_setup.bash
[0.367s] -- Up-to-date symlink: /home/caldo/Projects/trekking_test_ws/install/trekking/share/trekking/local_setup.sh
[0.368s] -- Up-to-date symlink: /home/caldo/Projects/trekking_test_ws/install/trekking/share/trekking/local_setup.zsh
[0.368s] -- Up-to-date symlink: /home/caldo/Projects/trekking_test_ws/install/trekking/share/trekking/local_setup.dsv
[0.368s] -- Symlinking: /home/caldo/Projects/trekking_test_ws/install/trekking/share/trekking/package.dsv
[0.376s] -- Up-to-date symlink: /home/caldo/Projects/trekking_test_ws/install/trekking/share/ament_index/resource_index/packages/trekking
[0.376s] -- Up-to-date symlink: /home/caldo/Projects/trekking_test_ws/install/trekking/share/trekking/cmake/trekkingConfig.cmake
[0.377s] -- Up-to-date symlink: /home/caldo/Projects/trekking_test_ws/install/trekking/share/trekking/cmake/trekkingConfig-version.cmake
[0.377s] -- Up-to-date symlink: /home/caldo/Projects/trekking_test_ws/install/trekking/share/trekking/package.xml
[0.378s] Invoked command in '/home/caldo/Projects/trekking_test_ws/build/trekking' returned '0': CMAKE_PREFIX_PATH=${CMAKE_PREFIX_PATH}:/opt/ros/jazzy DEBUGINFOD_URLS=https://debuginfod.ubuntu.com /usr/bin/cmake --install /home/caldo/Projects/trekking_test_ws/build/trekking
