[0.130s] DEBUG:colcon:Command line arguments: ['/usr/bin/colcon', 'build', '--symlink-install']
[0.130s] DEBUG:colcon:Parsed command line arguments: Namespace(log_base=None, log_level=None, verb_name='build', build_base='build', install_base='install', merge_install=False, symlink_install=True, test_result_base=None, continue_on_error=False, executor='parallel', parallel_workers=8, event_handlers=None, ignore_user_meta=False, metas=['./colcon.meta'], base_paths=['.'], packages_ignore=None, packages_ignore_regex=None, paths=None, packages_up_to=None, packages_up_to_regex=None, packages_above=None, packages_above_and_dependencies=None, packages_above_depth=None, packages_select_by_dep=None, packages_skip_by_dep=None, packages_skip_up_to=None, packages_select_build_failed=False, packages_skip_build_finished=False, packages_select_test_failures=False, packages_skip_test_passed=False, packages_select=None, packages_skip=None, packages_select_regex=None, packages_skip_regex=None, packages_start=None, packages_end=None, allow_overriding=[], cmake_args=None, cmake_target=None, cmake_target_skip_unavailable=False, cmake_clean_cache=False, cmake_clean_first=False, cmake_force_configure=False, ament_cmake_args=None, catkin_cmake_args=None, catkin_skip_building_tests=False, mixin_files=None, mixin=None, verb_parser=<colcon_mixin.mixin.mixin_argument.MixinArgumentDecorator object at 0x774e6cda43e0>, verb_extension=<colcon_core.verb.build.BuildVerb object at 0x774e6cfc6210>, main=<bound method BuildVerb.main of <colcon_core.verb.build.BuildVerb object at 0x774e6cfc6210>>, mixin_verb=('build',))
[0.167s] Level 1:colcon.colcon_core.package_discovery:discover_packages(colcon_meta) check parameters
[0.167s] Level 1:colcon.colcon_core.package_discovery:discover_packages(recursive) check parameters
[0.167s] Level 1:colcon.colcon_core.package_discovery:discover_packages(ignore) check parameters
[0.167s] Level 1:colcon.colcon_core.package_discovery:discover_packages(path) check parameters
[0.167s] Level 1:colcon.colcon_core.package_discovery:discover_packages(colcon_meta) discover
[0.167s] Level 1:colcon.colcon_core.package_discovery:discover_packages(recursive) discover
[0.167s] INFO:colcon.colcon_core.package_discovery:Crawling recursively for packages in '/home/caldo/Projects/trekking_test_ws'
[0.167s] Level 1:colcon.colcon_core.package_identification:_identify(.) by extensions ['ignore', 'ignore_ament_install']
[0.167s] Level 1:colcon.colcon_core.package_identification:_identify(.) by extension 'ignore'
[0.168s] Level 1:colcon.colcon_core.package_identification:_identify(.) by extension 'ignore_ament_install'
[0.168s] Level 1:colcon.colcon_core.package_identification:_identify(.) by extensions ['colcon_pkg']
[0.168s] Level 1:colcon.colcon_core.package_identification:_identify(.) by extension 'colcon_pkg'
[0.168s] Level 1:colcon.colcon_core.package_identification:_identify(.) by extensions ['colcon_meta']
[0.168s] Level 1:colcon.colcon_core.package_identification:_identify(.) by extension 'colcon_meta'
[0.168s] Level 1:colcon.colcon_core.package_identification:_identify(.) by extensions ['ros']
[0.168s] Level 1:colcon.colcon_core.package_identification:_identify(.) by extension 'ros'
[0.196s] Level 1:colcon.colcon_core.package_identification:_identify(.) by extensions ['cmake', 'python']
[0.196s] Level 1:colcon.colcon_core.package_identification:_identify(.) by extension 'cmake'
[0.196s] Level 1:colcon.colcon_core.package_identification:_identify(.) by extension 'python'
[0.196s] Level 1:colcon.colcon_core.package_identification:_identify(.) by extensions ['python_setup_py']
[0.196s] Level 1:colcon.colcon_core.package_identification:_identify(.) by extension 'python_setup_py'
[0.196s] Level 1:colcon.colcon_core.package_identification:_identify(build) by extensions ['ignore', 'ignore_ament_install']
[0.196s] Level 1:colcon.colcon_core.package_identification:_identify(build) by extension 'ignore'
[0.196s] Level 1:colcon.colcon_core.package_identification:_identify(build) ignored
[0.197s] Level 1:colcon.colcon_core.package_identification:_identify(install) by extensions ['ignore', 'ignore_ament_install']
[0.197s] Level 1:colcon.colcon_core.package_identification:_identify(install) by extension 'ignore'
[0.197s] Level 1:colcon.colcon_core.package_identification:_identify(install) ignored
[0.197s] Level 1:colcon.colcon_core.package_identification:_identify(log) by extensions ['ignore', 'ignore_ament_install']
[0.197s] Level 1:colcon.colcon_core.package_identification:_identify(log) by extension 'ignore'
[0.197s] Level 1:colcon.colcon_core.package_identification:_identify(log) ignored
[0.197s] Level 1:colcon.colcon_core.package_identification:_identify(src) by extensions ['ignore', 'ignore_ament_install']
[0.197s] Level 1:colcon.colcon_core.package_identification:_identify(src) by extension 'ignore'
[0.197s] Level 1:colcon.colcon_core.package_identification:_identify(src) by extension 'ignore_ament_install'
[0.197s] Level 1:colcon.colcon_core.package_identification:_identify(src) by extensions ['colcon_pkg']
[0.197s] Level 1:colcon.colcon_core.package_identification:_identify(src) by extension 'colcon_pkg'
[0.197s] Level 1:colcon.colcon_core.package_identification:_identify(src) by extensions ['colcon_meta']
[0.197s] Level 1:colcon.colcon_core.package_identification:_identify(src) by extension 'colcon_meta'
[0.197s] Level 1:colcon.colcon_core.package_identification:_identify(src) by extensions ['ros']
[0.197s] Level 1:colcon.colcon_core.package_identification:_identify(src) by extension 'ros'
[0.197s] Level 1:colcon.colcon_core.package_identification:_identify(src) by extensions ['cmake', 'python']
[0.197s] Level 1:colcon.colcon_core.package_identification:_identify(src) by extension 'cmake'
[0.197s] Level 1:colcon.colcon_core.package_identification:_identify(src) by extension 'python'
[0.198s] Level 1:colcon.colcon_core.package_identification:_identify(src) by extensions ['python_setup_py']
[0.198s] Level 1:colcon.colcon_core.package_identification:_identify(src) by extension 'python_setup_py'
[0.198s] Level 1:colcon.colcon_core.package_identification:_identify(src/rf2o_laser_odometry) by extensions ['ignore', 'ignore_ament_install']
[0.198s] Level 1:colcon.colcon_core.package_identification:_identify(src/rf2o_laser_odometry) by extension 'ignore'
[0.198s] Level 1:colcon.colcon_core.package_identification:_identify(src/rf2o_laser_odometry) by extension 'ignore_ament_install'
[0.198s] Level 1:colcon.colcon_core.package_identification:_identify(src/rf2o_laser_odometry) by extensions ['colcon_pkg']
[0.198s] Level 1:colcon.colcon_core.package_identification:_identify(src/rf2o_laser_odometry) by extension 'colcon_pkg'
[0.198s] Level 1:colcon.colcon_core.package_identification:_identify(src/rf2o_laser_odometry) by extensions ['colcon_meta']
[0.198s] Level 1:colcon.colcon_core.package_identification:_identify(src/rf2o_laser_odometry) by extension 'colcon_meta'
[0.198s] Level 1:colcon.colcon_core.package_identification:_identify(src/rf2o_laser_odometry) by extensions ['ros']
[0.198s] Level 1:colcon.colcon_core.package_identification:_identify(src/rf2o_laser_odometry) by extension 'ros'
[0.201s] DEBUG:colcon.colcon_core.package_identification:Package 'src/rf2o_laser_odometry' with type 'ros.ament_cmake' and name 'rf2o_laser_odometry'
[0.201s] Level 1:colcon.colcon_core.package_identification:_identify(src/sllidar_ros2) by extensions ['ignore', 'ignore_ament_install']
[0.201s] Level 1:colcon.colcon_core.package_identification:_identify(src/sllidar_ros2) by extension 'ignore'
[0.201s] Level 1:colcon.colcon_core.package_identification:_identify(src/sllidar_ros2) by extension 'ignore_ament_install'
[0.201s] Level 1:colcon.colcon_core.package_identification:_identify(src/sllidar_ros2) by extensions ['colcon_pkg']
[0.201s] Level 1:colcon.colcon_core.package_identification:_identify(src/sllidar_ros2) by extension 'colcon_pkg'
[0.201s] Level 1:colcon.colcon_core.package_identification:_identify(src/sllidar_ros2) by extensions ['colcon_meta']
[0.201s] Level 1:colcon.colcon_core.package_identification:_identify(src/sllidar_ros2) by extension 'colcon_meta'
[0.201s] Level 1:colcon.colcon_core.package_identification:_identify(src/sllidar_ros2) by extensions ['ros']
[0.201s] Level 1:colcon.colcon_core.package_identification:_identify(src/sllidar_ros2) by extension 'ros'
[0.202s] DEBUG:colcon.colcon_core.package_identification:Package 'src/sllidar_ros2' with type 'ros.ament_cmake' and name 'sllidar_ros2'
[0.202s] Level 1:colcon.colcon_core.package_identification:_identify(src/trekking) by extensions ['ignore', 'ignore_ament_install']
[0.202s] Level 1:colcon.colcon_core.package_identification:_identify(src/trekking) by extension 'ignore'
[0.202s] Level 1:colcon.colcon_core.package_identification:_identify(src/trekking) by extension 'ignore_ament_install'
[0.202s] Level 1:colcon.colcon_core.package_identification:_identify(src/trekking) by extensions ['colcon_pkg']
[0.202s] Level 1:colcon.colcon_core.package_identification:_identify(src/trekking) by extension 'colcon_pkg'
[0.202s] Level 1:colcon.colcon_core.package_identification:_identify(src/trekking) by extensions ['colcon_meta']
[0.202s] Level 1:colcon.colcon_core.package_identification:_identify(src/trekking) by extension 'colcon_meta'
[0.202s] Level 1:colcon.colcon_core.package_identification:_identify(src/trekking) by extensions ['ros']
[0.202s] Level 1:colcon.colcon_core.package_identification:_identify(src/trekking) by extension 'ros'
[0.202s] DEBUG:colcon.colcon_core.package_identification:Package 'src/trekking' with type 'ros.ament_cmake' and name 'trekking'
[0.202s] Level 1:colcon.colcon_core.package_discovery:discover_packages(recursive) using defaults
[0.202s] Level 1:colcon.colcon_core.package_discovery:discover_packages(ignore) discover
[0.202s] Level 1:colcon.colcon_core.package_discovery:discover_packages(ignore) using defaults
[0.202s] Level 1:colcon.colcon_core.package_discovery:discover_packages(path) discover
[0.202s] Level 1:colcon.colcon_core.package_discovery:discover_packages(path) using defaults
[0.223s] Level 1:colcon.colcon_core.package_discovery:discover_packages(prefix_path) check parameters
[0.223s] Level 1:colcon.colcon_core.package_discovery:discover_packages(prefix_path) discover
[0.226s] DEBUG:colcon.colcon_installed_package_information.package_discovery:Found 5 installed packages in /home/caldo/Projects/trekking_test_ws/install
[0.227s] DEBUG:colcon.colcon_installed_package_information.package_discovery:Found 378 installed packages in /opt/ros/jazzy
[0.228s] Level 1:colcon.colcon_core.package_discovery:discover_packages(prefix_path) using defaults
[0.303s] Level 5:colcon.colcon_core.verb:set package 'rf2o_laser_odometry' build argument 'cmake_args' from command line to 'None'
[0.303s] Level 5:colcon.colcon_core.verb:set package 'rf2o_laser_odometry' build argument 'cmake_target' from command line to 'None'
[0.303s] Level 5:colcon.colcon_core.verb:set package 'rf2o_laser_odometry' build argument 'cmake_target_skip_unavailable' from command line to 'False'
[0.303s] Level 5:colcon.colcon_core.verb:set package 'rf2o_laser_odometry' build argument 'cmake_clean_cache' from command line to 'False'
[0.303s] Level 5:colcon.colcon_core.verb:set package 'rf2o_laser_odometry' build argument 'cmake_clean_first' from command line to 'False'
[0.303s] Level 5:colcon.colcon_core.verb:set package 'rf2o_laser_odometry' build argument 'cmake_force_configure' from command line to 'False'
[0.303s] Level 5:colcon.colcon_core.verb:set package 'rf2o_laser_odometry' build argument 'ament_cmake_args' from command line to 'None'
[0.303s] Level 5:colcon.colcon_core.verb:set package 'rf2o_laser_odometry' build argument 'catkin_cmake_args' from command line to 'None'
[0.303s] Level 5:colcon.colcon_core.verb:set package 'rf2o_laser_odometry' build argument 'catkin_skip_building_tests' from command line to 'False'
[0.303s] DEBUG:colcon.colcon_core.verb:Building package 'rf2o_laser_odometry' with the following arguments: {'ament_cmake_args': None, 'build_base': '/home/caldo/Projects/trekking_test_ws/build/rf2o_laser_odometry', 'catkin_cmake_args': None, 'catkin_skip_building_tests': False, 'cmake_args': None, 'cmake_clean_cache': False, 'cmake_clean_first': False, 'cmake_force_configure': False, 'cmake_target': None, 'cmake_target_skip_unavailable': False, 'install_base': '/home/caldo/Projects/trekking_test_ws/install/rf2o_laser_odometry', 'merge_install': False, 'path': '/home/caldo/Projects/trekking_test_ws/src/rf2o_laser_odometry', 'symlink_install': True, 'test_result_base': None}
[0.303s] Level 5:colcon.colcon_core.verb:set package 'sllidar_ros2' build argument 'cmake_args' from command line to 'None'
[0.303s] Level 5:colcon.colcon_core.verb:set package 'sllidar_ros2' build argument 'cmake_target' from command line to 'None'
[0.303s] Level 5:colcon.colcon_core.verb:set package 'sllidar_ros2' build argument 'cmake_target_skip_unavailable' from command line to 'False'
[0.303s] Level 5:colcon.colcon_core.verb:set package 'sllidar_ros2' build argument 'cmake_clean_cache' from command line to 'False'
[0.303s] Level 5:colcon.colcon_core.verb:set package 'sllidar_ros2' build argument 'cmake_clean_first' from command line to 'False'
[0.303s] Level 5:colcon.colcon_core.verb:set package 'sllidar_ros2' build argument 'cmake_force_configure' from command line to 'False'
[0.303s] Level 5:colcon.colcon_core.verb:set package 'sllidar_ros2' build argument 'ament_cmake_args' from command line to 'None'
[0.303s] Level 5:colcon.colcon_core.verb:set package 'sllidar_ros2' build argument 'catkin_cmake_args' from command line to 'None'
[0.303s] Level 5:colcon.colcon_core.verb:set package 'sllidar_ros2' build argument 'catkin_skip_building_tests' from command line to 'False'
[0.303s] DEBUG:colcon.colcon_core.verb:Building package 'sllidar_ros2' with the following arguments: {'ament_cmake_args': None, 'build_base': '/home/caldo/Projects/trekking_test_ws/build/sllidar_ros2', 'catkin_cmake_args': None, 'catkin_skip_building_tests': False, 'cmake_args': None, 'cmake_clean_cache': False, 'cmake_clean_first': False, 'cmake_force_configure': False, 'cmake_target': None, 'cmake_target_skip_unavailable': False, 'install_base': '/home/caldo/Projects/trekking_test_ws/install/sllidar_ros2', 'merge_install': False, 'path': '/home/caldo/Projects/trekking_test_ws/src/sllidar_ros2', 'symlink_install': True, 'test_result_base': None}
[0.304s] Level 5:colcon.colcon_core.verb:set package 'trekking' build argument 'cmake_args' from command line to 'None'
[0.304s] Level 5:colcon.colcon_core.verb:set package 'trekking' build argument 'cmake_target' from command line to 'None'
[0.304s] Level 5:colcon.colcon_core.verb:set package 'trekking' build argument 'cmake_target_skip_unavailable' from command line to 'False'
[0.304s] Level 5:colcon.colcon_core.verb:set package 'trekking' build argument 'cmake_clean_cache' from command line to 'False'
[0.304s] Level 5:colcon.colcon_core.verb:set package 'trekking' build argument 'cmake_clean_first' from command line to 'False'
[0.304s] Level 5:colcon.colcon_core.verb:set package 'trekking' build argument 'cmake_force_configure' from command line to 'False'
[0.304s] Level 5:colcon.colcon_core.verb:set package 'trekking' build argument 'ament_cmake_args' from command line to 'None'
[0.304s] Level 5:colcon.colcon_core.verb:set package 'trekking' build argument 'catkin_cmake_args' from command line to 'None'
[0.304s] Level 5:colcon.colcon_core.verb:set package 'trekking' build argument 'catkin_skip_building_tests' from command line to 'False'
[0.304s] DEBUG:colcon.colcon_core.verb:Building package 'trekking' with the following arguments: {'ament_cmake_args': None, 'build_base': '/home/caldo/Projects/trekking_test_ws/build/trekking', 'catkin_cmake_args': None, 'catkin_skip_building_tests': False, 'cmake_args': None, 'cmake_clean_cache': False, 'cmake_clean_first': False, 'cmake_force_configure': False, 'cmake_target': None, 'cmake_target_skip_unavailable': False, 'install_base': '/home/caldo/Projects/trekking_test_ws/install/trekking', 'merge_install': False, 'path': '/home/caldo/Projects/trekking_test_ws/src/trekking', 'symlink_install': True, 'test_result_base': None}
[0.304s] INFO:colcon.colcon_core.executor:Executing jobs using 'parallel' executor
[0.305s] DEBUG:colcon.colcon_parallel_executor.executor.parallel:run_until_complete
[0.305s] INFO:colcon.colcon_ros.task.ament_cmake.build:Building ROS package in '/home/caldo/Projects/trekking_test_ws/src/rf2o_laser_odometry' with build type 'ament_cmake'
[0.305s] INFO:colcon.colcon_cmake.task.cmake.build:Building CMake package in '/home/caldo/Projects/trekking_test_ws/src/rf2o_laser_odometry'
[0.308s] INFO:colcon.colcon_core.plugin_system:Skipping extension 'colcon_core.shell.bat': Not used on non-Windows systems
[0.308s] INFO:colcon.colcon_core.shell:Skip shell extension 'powershell' for command environment: Not usable outside of PowerShell
[0.308s] DEBUG:colcon.colcon_core.shell:Skip shell extension 'dsv' for command environment
[0.312s] INFO:colcon.colcon_ros.task.ament_cmake.build:Building ROS package in '/home/caldo/Projects/trekking_test_ws/src/sllidar_ros2' with build type 'ament_cmake'
[0.312s] INFO:colcon.colcon_cmake.task.cmake.build:Building CMake package in '/home/caldo/Projects/trekking_test_ws/src/sllidar_ros2'
[0.312s] INFO:colcon.colcon_core.shell:Skip shell extension 'powershell' for command environment: Not usable outside of PowerShell
[0.312s] DEBUG:colcon.colcon_core.shell:Skip shell extension 'dsv' for command environment
[0.315s] INFO:colcon.colcon_ros.task.ament_cmake.build:Building ROS package in '/home/caldo/Projects/trekking_test_ws/src/trekking' with build type 'ament_cmake'
[0.315s] INFO:colcon.colcon_cmake.task.cmake.build:Building CMake package in '/home/caldo/Projects/trekking_test_ws/src/trekking'
[0.315s] INFO:colcon.colcon_core.shell:Skip shell extension 'powershell' for command environment: Not usable outside of PowerShell
[0.315s] DEBUG:colcon.colcon_core.shell:Skip shell extension 'dsv' for command environment
[0.322s] DEBUG:colcon.colcon_core.event_handler.log_command:Invoking command in '/home/caldo/Projects/trekking_test_ws/build/rf2o_laser_odometry': CMAKE_PREFIX_PATH=/home/caldo/Projects/trekking_test_ws/install/trekking:/home/caldo/Projects/trekking_test_ws/install/sllidar_ros2:/opt/ros/jazzy:/home/caldo/Projects/trekking_test_ws/install/rplidar_ros:/home/caldo/Projects/trekking_test_ws/install/rf2o_laser_odometry:/opt/ros/jazzy/opt/gz_sim_vendor:/opt/ros/jazzy/opt/gz_sensors_vendor:/opt/ros/jazzy/opt/gz_physics_vendor:/opt/ros/jazzy/opt/sdformat_vendor:/opt/ros/jazzy/opt/gz_gui_vendor:/opt/ros/jazzy/opt/gz_transport_vendor:/opt/ros/jazzy/opt/gz_rendering_vendor:/opt/ros/jazzy/opt/gz_plugin_vendor:/opt/ros/jazzy/opt/gz_fuel_tools_vendor:/opt/ros/jazzy/opt/gz_msgs_vendor:/opt/ros/jazzy/opt/gz_common_vendor:/opt/ros/jazzy/opt/gz_math_vendor:/opt/ros/jazzy/opt/gz_utils_vendor:/opt/ros/jazzy/opt/gz_tools_vendor:/opt/ros/jazzy/opt/gz_ogre_next_vendor:/opt/ros/jazzy/opt/gz_dartsim_vendor:/opt/ros/jazzy/opt/gz_cmake_vendor DEBUGINFOD_URLS=https://debuginfod.ubuntu.com /usr/bin/cmake --build /home/caldo/Projects/trekking_test_ws/build/rf2o_laser_odometry -- -j8 -l8
[0.324s] DEBUG:colcon.colcon_core.event_handler.log_command:Invoking command in '/home/caldo/Projects/trekking_test_ws/build/sllidar_ros2': CMAKE_PREFIX_PATH=/home/caldo/Projects/trekking_test_ws/install/trekking:/home/caldo/Projects/trekking_test_ws/install/sllidar_ros2:/opt/ros/jazzy:/home/caldo/Projects/trekking_test_ws/install/rplidar_ros:/home/caldo/Projects/trekking_test_ws/install/rf2o_laser_odometry:/opt/ros/jazzy/opt/gz_sim_vendor:/opt/ros/jazzy/opt/gz_sensors_vendor:/opt/ros/jazzy/opt/gz_physics_vendor:/opt/ros/jazzy/opt/sdformat_vendor:/opt/ros/jazzy/opt/gz_gui_vendor:/opt/ros/jazzy/opt/gz_transport_vendor:/opt/ros/jazzy/opt/gz_rendering_vendor:/opt/ros/jazzy/opt/gz_plugin_vendor:/opt/ros/jazzy/opt/gz_fuel_tools_vendor:/opt/ros/jazzy/opt/gz_msgs_vendor:/opt/ros/jazzy/opt/gz_common_vendor:/opt/ros/jazzy/opt/gz_math_vendor:/opt/ros/jazzy/opt/gz_utils_vendor:/opt/ros/jazzy/opt/gz_tools_vendor:/opt/ros/jazzy/opt/gz_ogre_next_vendor:/opt/ros/jazzy/opt/gz_dartsim_vendor:/opt/ros/jazzy/opt/gz_cmake_vendor DEBUGINFOD_URLS=https://debuginfod.ubuntu.com /usr/bin/cmake --build /home/caldo/Projects/trekking_test_ws/build/sllidar_ros2 -- -j8 -l8
[0.327s] DEBUG:colcon.colcon_core.event_handler.log_command:Invoking command in '/home/caldo/Projects/trekking_test_ws/build/trekking': CMAKE_PREFIX_PATH=/home/caldo/Projects/trekking_test_ws/install/trekking:/home/caldo/Projects/trekking_test_ws/install/sllidar_ros2:/opt/ros/jazzy:/home/caldo/Projects/trekking_test_ws/install/rplidar_ros:/home/caldo/Projects/trekking_test_ws/install/rf2o_laser_odometry:/opt/ros/jazzy/opt/gz_sim_vendor:/opt/ros/jazzy/opt/gz_sensors_vendor:/opt/ros/jazzy/opt/gz_physics_vendor:/opt/ros/jazzy/opt/sdformat_vendor:/opt/ros/jazzy/opt/gz_gui_vendor:/opt/ros/jazzy/opt/gz_transport_vendor:/opt/ros/jazzy/opt/gz_rendering_vendor:/opt/ros/jazzy/opt/gz_plugin_vendor:/opt/ros/jazzy/opt/gz_fuel_tools_vendor:/opt/ros/jazzy/opt/gz_msgs_vendor:/opt/ros/jazzy/opt/gz_common_vendor:/opt/ros/jazzy/opt/gz_math_vendor:/opt/ros/jazzy/opt/gz_utils_vendor:/opt/ros/jazzy/opt/gz_tools_vendor:/opt/ros/jazzy/opt/gz_ogre_next_vendor:/opt/ros/jazzy/opt/gz_dartsim_vendor:/opt/ros/jazzy/opt/gz_cmake_vendor DEBUGINFOD_URLS=https://debuginfod.ubuntu.com /usr/bin/cmake --build /home/caldo/Projects/trekking_test_ws/build/trekking -- -j8 -l8
[0.362s] DEBUG:colcon.colcon_core.event_handler.log_command:Invoked command in '/home/caldo/Projects/trekking_test_ws/build/trekking' returned '0': CMAKE_PREFIX_PATH=/home/caldo/Projects/trekking_test_ws/install/trekking:/home/caldo/Projects/trekking_test_ws/install/sllidar_ros2:/opt/ros/jazzy:/home/caldo/Projects/trekking_test_ws/install/rplidar_ros:/home/caldo/Projects/trekking_test_ws/install/rf2o_laser_odometry:/opt/ros/jazzy/opt/gz_sim_vendor:/opt/ros/jazzy/opt/gz_sensors_vendor:/opt/ros/jazzy/opt/gz_physics_vendor:/opt/ros/jazzy/opt/sdformat_vendor:/opt/ros/jazzy/opt/gz_gui_vendor:/opt/ros/jazzy/opt/gz_transport_vendor:/opt/ros/jazzy/opt/gz_rendering_vendor:/opt/ros/jazzy/opt/gz_plugin_vendor:/opt/ros/jazzy/opt/gz_fuel_tools_vendor:/opt/ros/jazzy/opt/gz_msgs_vendor:/opt/ros/jazzy/opt/gz_common_vendor:/opt/ros/jazzy/opt/gz_math_vendor:/opt/ros/jazzy/opt/gz_utils_vendor:/opt/ros/jazzy/opt/gz_tools_vendor:/opt/ros/jazzy/opt/gz_ogre_next_vendor:/opt/ros/jazzy/opt/gz_dartsim_vendor:/opt/ros/jazzy/opt/gz_cmake_vendor DEBUGINFOD_URLS=https://debuginfod.ubuntu.com /usr/bin/cmake --build /home/caldo/Projects/trekking_test_ws/build/trekking -- -j8 -l8
[0.371s] DEBUG:colcon.colcon_core.event_handler.log_command:Invoking command in '/home/caldo/Projects/trekking_test_ws/build/trekking': CMAKE_PREFIX_PATH=/home/caldo/Projects/trekking_test_ws/install/trekking:/home/caldo/Projects/trekking_test_ws/install/sllidar_ros2:/opt/ros/jazzy:/home/caldo/Projects/trekking_test_ws/install/rplidar_ros:/home/caldo/Projects/trekking_test_ws/install/rf2o_laser_odometry:/opt/ros/jazzy/opt/gz_sim_vendor:/opt/ros/jazzy/opt/gz_sensors_vendor:/opt/ros/jazzy/opt/gz_physics_vendor:/opt/ros/jazzy/opt/sdformat_vendor:/opt/ros/jazzy/opt/gz_gui_vendor:/opt/ros/jazzy/opt/gz_transport_vendor:/opt/ros/jazzy/opt/gz_rendering_vendor:/opt/ros/jazzy/opt/gz_plugin_vendor:/opt/ros/jazzy/opt/gz_fuel_tools_vendor:/opt/ros/jazzy/opt/gz_msgs_vendor:/opt/ros/jazzy/opt/gz_common_vendor:/opt/ros/jazzy/opt/gz_math_vendor:/opt/ros/jazzy/opt/gz_utils_vendor:/opt/ros/jazzy/opt/gz_tools_vendor:/opt/ros/jazzy/opt/gz_ogre_next_vendor:/opt/ros/jazzy/opt/gz_dartsim_vendor:/opt/ros/jazzy/opt/gz_cmake_vendor DEBUGINFOD_URLS=https://debuginfod.ubuntu.com /usr/bin/cmake --install /home/caldo/Projects/trekking_test_ws/build/trekking
[0.393s] Level 1:colcon.colcon_core.environment:create_environment_scripts_only(trekking)
[0.393s] DEBUG:colcon.colcon_core.event_handler.log_command:Invoked command in '/home/caldo/Projects/trekking_test_ws/build/trekking' returned '0': CMAKE_PREFIX_PATH=/home/caldo/Projects/trekking_test_ws/install/trekking:/home/caldo/Projects/trekking_test_ws/install/sllidar_ros2:/opt/ros/jazzy:/home/caldo/Projects/trekking_test_ws/install/rplidar_ros:/home/caldo/Projects/trekking_test_ws/install/rf2o_laser_odometry:/opt/ros/jazzy/opt/gz_sim_vendor:/opt/ros/jazzy/opt/gz_sensors_vendor:/opt/ros/jazzy/opt/gz_physics_vendor:/opt/ros/jazzy/opt/sdformat_vendor:/opt/ros/jazzy/opt/gz_gui_vendor:/opt/ros/jazzy/opt/gz_transport_vendor:/opt/ros/jazzy/opt/gz_rendering_vendor:/opt/ros/jazzy/opt/gz_plugin_vendor:/opt/ros/jazzy/opt/gz_fuel_tools_vendor:/opt/ros/jazzy/opt/gz_msgs_vendor:/opt/ros/jazzy/opt/gz_common_vendor:/opt/ros/jazzy/opt/gz_math_vendor:/opt/ros/jazzy/opt/gz_utils_vendor:/opt/ros/jazzy/opt/gz_tools_vendor:/opt/ros/jazzy/opt/gz_ogre_next_vendor:/opt/ros/jazzy/opt/gz_dartsim_vendor:/opt/ros/jazzy/opt/gz_cmake_vendor DEBUGINFOD_URLS=https://debuginfod.ubuntu.com /usr/bin/cmake --install /home/caldo/Projects/trekking_test_ws/build/trekking
[0.395s] Level 1:colcon.colcon_core.environment:checking '/home/caldo/Projects/trekking_test_ws/install/trekking' for CMake module files
[0.396s] Level 1:colcon.colcon_core.environment:checking '/home/caldo/Projects/trekking_test_ws/install/trekking' for CMake config files
[0.396s] Level 1:colcon.colcon_core.shell:create_environment_hook('trekking', 'cmake_prefix_path')
[0.396s] INFO:colcon.colcon_core.shell:Creating environment hook '/home/caldo/Projects/trekking_test_ws/install/trekking/share/trekking/hook/cmake_prefix_path.ps1'
[0.397s] INFO:colcon.colcon_core.shell:Creating environment descriptor '/home/caldo/Projects/trekking_test_ws/install/trekking/share/trekking/hook/cmake_prefix_path.dsv'
[0.397s] INFO:colcon.colcon_core.shell:Creating environment hook '/home/caldo/Projects/trekking_test_ws/install/trekking/share/trekking/hook/cmake_prefix_path.sh'
[0.398s] Level 1:colcon.colcon_core.environment:checking '/home/caldo/Projects/trekking_test_ws/install/trekking/bin'
[0.398s] Level 1:colcon.colcon_core.environment:checking '/home/caldo/Projects/trekking_test_ws/install/trekking/lib/pkgconfig/trekking.pc'
[0.398s] Level 1:colcon.colcon_core.environment:checking '/home/caldo/Projects/trekking_test_ws/install/trekking/lib/python3.12/site-packages'
[0.398s] Level 1:colcon.colcon_core.environment:checking '/home/caldo/Projects/trekking_test_ws/install/trekking/bin'
[0.399s] INFO:colcon.colcon_core.shell:Creating package script '/home/caldo/Projects/trekking_test_ws/install/trekking/share/trekking/package.ps1'
[0.399s] INFO:colcon.colcon_core.shell:Creating package descriptor '/home/caldo/Projects/trekking_test_ws/install/trekking/share/trekking/package.dsv'
[0.400s] INFO:colcon.colcon_core.shell:Creating package script '/home/caldo/Projects/trekking_test_ws/install/trekking/share/trekking/package.sh'
[0.400s] INFO:colcon.colcon_core.shell:Creating package script '/home/caldo/Projects/trekking_test_ws/install/trekking/share/trekking/package.bash'
[0.401s] INFO:colcon.colcon_core.shell:Creating package script '/home/caldo/Projects/trekking_test_ws/install/trekking/share/trekking/package.zsh'
[0.401s] Level 1:colcon.colcon_core.environment:create_file_with_runtime_dependencies(/home/caldo/Projects/trekking_test_ws/install/trekking/share/colcon-core/packages/trekking)
[0.401s] Level 1:colcon.colcon_core.environment:create_environment_scripts_only(trekking)
[0.402s] Level 1:colcon.colcon_core.environment:checking '/home/caldo/Projects/trekking_test_ws/install/trekking' for CMake module files
[0.402s] Level 1:colcon.colcon_core.environment:checking '/home/caldo/Projects/trekking_test_ws/install/trekking' for CMake config files
[0.402s] Level 1:colcon.colcon_core.shell:create_environment_hook('trekking', 'cmake_prefix_path')
[0.402s] INFO:colcon.colcon_core.shell:Creating environment hook '/home/caldo/Projects/trekking_test_ws/install/trekking/share/trekking/hook/cmake_prefix_path.ps1'
[0.403s] INFO:colcon.colcon_core.shell:Creating environment descriptor '/home/caldo/Projects/trekking_test_ws/install/trekking/share/trekking/hook/cmake_prefix_path.dsv'
[0.403s] INFO:colcon.colcon_core.shell:Creating environment hook '/home/caldo/Projects/trekking_test_ws/install/trekking/share/trekking/hook/cmake_prefix_path.sh'
[0.403s] Level 1:colcon.colcon_core.environment:checking '/home/caldo/Projects/trekking_test_ws/install/trekking/bin'
[0.403s] Level 1:colcon.colcon_core.environment:checking '/home/caldo/Projects/trekking_test_ws/install/trekking/lib/pkgconfig/trekking.pc'
[0.404s] Level 1:colcon.colcon_core.environment:checking '/home/caldo/Projects/trekking_test_ws/install/trekking/lib/python3.12/site-packages'
[0.404s] Level 1:colcon.colcon_core.environment:checking '/home/caldo/Projects/trekking_test_ws/install/trekking/bin'
[0.404s] INFO:colcon.colcon_core.shell:Creating package script '/home/caldo/Projects/trekking_test_ws/install/trekking/share/trekking/package.ps1'
[0.404s] INFO:colcon.colcon_core.shell:Creating package descriptor '/home/caldo/Projects/trekking_test_ws/install/trekking/share/trekking/package.dsv'
[0.405s] INFO:colcon.colcon_core.shell:Creating package script '/home/caldo/Projects/trekking_test_ws/install/trekking/share/trekking/package.sh'
[0.405s] INFO:colcon.colcon_core.shell:Creating package script '/home/caldo/Projects/trekking_test_ws/install/trekking/share/trekking/package.bash'
[0.406s] INFO:colcon.colcon_core.shell:Creating package script '/home/caldo/Projects/trekking_test_ws/install/trekking/share/trekking/package.zsh'
[0.406s] Level 1:colcon.colcon_core.environment:create_file_with_runtime_dependencies(/home/caldo/Projects/trekking_test_ws/install/trekking/share/colcon-core/packages/trekking)
[12.363s] DEBUG:colcon.colcon_core.event_handler.log_command:Invoked command in '/home/caldo/Projects/trekking_test_ws/build/sllidar_ros2' returned '0': CMAKE_PREFIX_PATH=/home/caldo/Projects/trekking_test_ws/install/trekking:/home/caldo/Projects/trekking_test_ws/install/sllidar_ros2:/opt/ros/jazzy:/home/caldo/Projects/trekking_test_ws/install/rplidar_ros:/home/caldo/Projects/trekking_test_ws/install/rf2o_laser_odometry:/opt/ros/jazzy/opt/gz_sim_vendor:/opt/ros/jazzy/opt/gz_sensors_vendor:/opt/ros/jazzy/opt/gz_physics_vendor:/opt/ros/jazzy/opt/sdformat_vendor:/opt/ros/jazzy/opt/gz_gui_vendor:/opt/ros/jazzy/opt/gz_transport_vendor:/opt/ros/jazzy/opt/gz_rendering_vendor:/opt/ros/jazzy/opt/gz_plugin_vendor:/opt/ros/jazzy/opt/gz_fuel_tools_vendor:/opt/ros/jazzy/opt/gz_msgs_vendor:/opt/ros/jazzy/opt/gz_common_vendor:/opt/ros/jazzy/opt/gz_math_vendor:/opt/ros/jazzy/opt/gz_utils_vendor:/opt/ros/jazzy/opt/gz_tools_vendor:/opt/ros/jazzy/opt/gz_ogre_next_vendor:/opt/ros/jazzy/opt/gz_dartsim_vendor:/opt/ros/jazzy/opt/gz_cmake_vendor DEBUGINFOD_URLS=https://debuginfod.ubuntu.com /usr/bin/cmake --build /home/caldo/Projects/trekking_test_ws/build/sllidar_ros2 -- -j8 -l8
[12.366s] DEBUG:colcon.colcon_core.event_handler.log_command:Invoking command in '/home/caldo/Projects/trekking_test_ws/build/sllidar_ros2': CMAKE_PREFIX_PATH=/home/caldo/Projects/trekking_test_ws/install/trekking:/home/caldo/Projects/trekking_test_ws/install/sllidar_ros2:/opt/ros/jazzy:/home/caldo/Projects/trekking_test_ws/install/rplidar_ros:/home/caldo/Projects/trekking_test_ws/install/rf2o_laser_odometry:/opt/ros/jazzy/opt/gz_sim_vendor:/opt/ros/jazzy/opt/gz_sensors_vendor:/opt/ros/jazzy/opt/gz_physics_vendor:/opt/ros/jazzy/opt/sdformat_vendor:/opt/ros/jazzy/opt/gz_gui_vendor:/opt/ros/jazzy/opt/gz_transport_vendor:/opt/ros/jazzy/opt/gz_rendering_vendor:/opt/ros/jazzy/opt/gz_plugin_vendor:/opt/ros/jazzy/opt/gz_fuel_tools_vendor:/opt/ros/jazzy/opt/gz_msgs_vendor:/opt/ros/jazzy/opt/gz_common_vendor:/opt/ros/jazzy/opt/gz_math_vendor:/opt/ros/jazzy/opt/gz_utils_vendor:/opt/ros/jazzy/opt/gz_tools_vendor:/opt/ros/jazzy/opt/gz_ogre_next_vendor:/opt/ros/jazzy/opt/gz_dartsim_vendor:/opt/ros/jazzy/opt/gz_cmake_vendor DEBUGINFOD_URLS=https://debuginfod.ubuntu.com /usr/bin/cmake --install /home/caldo/Projects/trekking_test_ws/build/sllidar_ros2
[12.407s] Level 1:colcon.colcon_core.environment:create_environment_scripts_only(sllidar_ros2)
[12.408s] Level 1:colcon.colcon_core.environment:checking '/home/caldo/Projects/trekking_test_ws/install/sllidar_ros2' for CMake module files
[12.408s] DEBUG:colcon.colcon_core.event_handler.log_command:Invoked command in '/home/caldo/Projects/trekking_test_ws/build/sllidar_ros2' returned '0': CMAKE_PREFIX_PATH=/home/caldo/Projects/trekking_test_ws/install/trekking:/home/caldo/Projects/trekking_test_ws/install/sllidar_ros2:/opt/ros/jazzy:/home/caldo/Projects/trekking_test_ws/install/rplidar_ros:/home/caldo/Projects/trekking_test_ws/install/rf2o_laser_odometry:/opt/ros/jazzy/opt/gz_sim_vendor:/opt/ros/jazzy/opt/gz_sensors_vendor:/opt/ros/jazzy/opt/gz_physics_vendor:/opt/ros/jazzy/opt/sdformat_vendor:/opt/ros/jazzy/opt/gz_gui_vendor:/opt/ros/jazzy/opt/gz_transport_vendor:/opt/ros/jazzy/opt/gz_rendering_vendor:/opt/ros/jazzy/opt/gz_plugin_vendor:/opt/ros/jazzy/opt/gz_fuel_tools_vendor:/opt/ros/jazzy/opt/gz_msgs_vendor:/opt/ros/jazzy/opt/gz_common_vendor:/opt/ros/jazzy/opt/gz_math_vendor:/opt/ros/jazzy/opt/gz_utils_vendor:/opt/ros/jazzy/opt/gz_tools_vendor:/opt/ros/jazzy/opt/gz_ogre_next_vendor:/opt/ros/jazzy/opt/gz_dartsim_vendor:/opt/ros/jazzy/opt/gz_cmake_vendor DEBUGINFOD_URLS=https://debuginfod.ubuntu.com /usr/bin/cmake --install /home/caldo/Projects/trekking_test_ws/build/sllidar_ros2
[12.409s] Level 1:colcon.colcon_core.environment:checking '/home/caldo/Projects/trekking_test_ws/install/sllidar_ros2' for CMake config files
[12.409s] Level 1:colcon.colcon_core.shell:create_environment_hook('sllidar_ros2', 'cmake_prefix_path')
[12.410s] INFO:colcon.colcon_core.shell:Creating environment hook '/home/caldo/Projects/trekking_test_ws/install/sllidar_ros2/share/sllidar_ros2/hook/cmake_prefix_path.ps1'
[12.412s] INFO:colcon.colcon_core.shell:Creating environment descriptor '/home/caldo/Projects/trekking_test_ws/install/sllidar_ros2/share/sllidar_ros2/hook/cmake_prefix_path.dsv'
[12.413s] INFO:colcon.colcon_core.shell:Creating environment hook '/home/caldo/Projects/trekking_test_ws/install/sllidar_ros2/share/sllidar_ros2/hook/cmake_prefix_path.sh'
[12.414s] Level 1:colcon.colcon_core.environment:checking '/home/caldo/Projects/trekking_test_ws/install/sllidar_ros2/lib'
[12.414s] Level 1:colcon.colcon_core.environment:checking '/home/caldo/Projects/trekking_test_ws/install/sllidar_ros2/bin'
[12.414s] Level 1:colcon.colcon_core.environment:checking '/home/caldo/Projects/trekking_test_ws/install/sllidar_ros2/lib/pkgconfig/sllidar_ros2.pc'
[12.414s] Level 1:colcon.colcon_core.environment:checking '/home/caldo/Projects/trekking_test_ws/install/sllidar_ros2/lib/python3.12/site-packages'
[12.414s] Level 1:colcon.colcon_core.environment:checking '/home/caldo/Projects/trekking_test_ws/install/sllidar_ros2/bin'
[12.415s] INFO:colcon.colcon_core.shell:Creating package script '/home/caldo/Projects/trekking_test_ws/install/sllidar_ros2/share/sllidar_ros2/package.ps1'
[12.415s] INFO:colcon.colcon_core.shell:Creating package descriptor '/home/caldo/Projects/trekking_test_ws/install/sllidar_ros2/share/sllidar_ros2/package.dsv'
[12.416s] INFO:colcon.colcon_core.shell:Creating package script '/home/caldo/Projects/trekking_test_ws/install/sllidar_ros2/share/sllidar_ros2/package.sh'
[12.416s] INFO:colcon.colcon_core.shell:Creating package script '/home/caldo/Projects/trekking_test_ws/install/sllidar_ros2/share/sllidar_ros2/package.bash'
[12.417s] INFO:colcon.colcon_core.shell:Creating package script '/home/caldo/Projects/trekking_test_ws/install/sllidar_ros2/share/sllidar_ros2/package.zsh'
[12.417s] Level 1:colcon.colcon_core.environment:create_file_with_runtime_dependencies(/home/caldo/Projects/trekking_test_ws/install/sllidar_ros2/share/colcon-core/packages/sllidar_ros2)
[12.418s] Level 1:colcon.colcon_core.environment:create_environment_scripts_only(sllidar_ros2)
[12.418s] Level 1:colcon.colcon_core.environment:checking '/home/caldo/Projects/trekking_test_ws/install/sllidar_ros2' for CMake module files
[12.418s] Level 1:colcon.colcon_core.environment:checking '/home/caldo/Projects/trekking_test_ws/install/sllidar_ros2' for CMake config files
[12.419s] Level 1:colcon.colcon_core.shell:create_environment_hook('sllidar_ros2', 'cmake_prefix_path')
[12.419s] INFO:colcon.colcon_core.shell:Creating environment hook '/home/caldo/Projects/trekking_test_ws/install/sllidar_ros2/share/sllidar_ros2/hook/cmake_prefix_path.ps1'
[12.419s] INFO:colcon.colcon_core.shell:Creating environment descriptor '/home/caldo/Projects/trekking_test_ws/install/sllidar_ros2/share/sllidar_ros2/hook/cmake_prefix_path.dsv'
[12.420s] INFO:colcon.colcon_core.shell:Creating environment hook '/home/caldo/Projects/trekking_test_ws/install/sllidar_ros2/share/sllidar_ros2/hook/cmake_prefix_path.sh'
[12.420s] Level 1:colcon.colcon_core.environment:checking '/home/caldo/Projects/trekking_test_ws/install/sllidar_ros2/lib'
[12.420s] Level 1:colcon.colcon_core.environment:checking '/home/caldo/Projects/trekking_test_ws/install/sllidar_ros2/bin'
[12.420s] Level 1:colcon.colcon_core.environment:checking '/home/caldo/Projects/trekking_test_ws/install/sllidar_ros2/lib/pkgconfig/sllidar_ros2.pc'
[12.420s] Level 1:colcon.colcon_core.environment:checking '/home/caldo/Projects/trekking_test_ws/install/sllidar_ros2/lib/python3.12/site-packages'
[12.421s] Level 1:colcon.colcon_core.environment:checking '/home/caldo/Projects/trekking_test_ws/install/sllidar_ros2/bin'
[12.421s] INFO:colcon.colcon_core.shell:Creating package script '/home/caldo/Projects/trekking_test_ws/install/sllidar_ros2/share/sllidar_ros2/package.ps1'
[12.421s] INFO:colcon.colcon_core.shell:Creating package descriptor '/home/caldo/Projects/trekking_test_ws/install/sllidar_ros2/share/sllidar_ros2/package.dsv'
[12.422s] INFO:colcon.colcon_core.shell:Creating package script '/home/caldo/Projects/trekking_test_ws/install/sllidar_ros2/share/sllidar_ros2/package.sh'
[12.422s] INFO:colcon.colcon_core.shell:Creating package script '/home/caldo/Projects/trekking_test_ws/install/sllidar_ros2/share/sllidar_ros2/package.bash'
[12.422s] INFO:colcon.colcon_core.shell:Creating package script '/home/caldo/Projects/trekking_test_ws/install/sllidar_ros2/share/sllidar_ros2/package.zsh'
[12.423s] Level 1:colcon.colcon_core.environment:create_file_with_runtime_dependencies(/home/caldo/Projects/trekking_test_ws/install/sllidar_ros2/share/colcon-core/packages/sllidar_ros2)
[25.712s] DEBUG:colcon.colcon_core.event_handler.log_command:Invoked command in '/home/caldo/Projects/trekking_test_ws/build/rf2o_laser_odometry' returned '0': CMAKE_PREFIX_PATH=/home/caldo/Projects/trekking_test_ws/install/trekking:/home/caldo/Projects/trekking_test_ws/install/sllidar_ros2:/opt/ros/jazzy:/home/caldo/Projects/trekking_test_ws/install/rplidar_ros:/home/caldo/Projects/trekking_test_ws/install/rf2o_laser_odometry:/opt/ros/jazzy/opt/gz_sim_vendor:/opt/ros/jazzy/opt/gz_sensors_vendor:/opt/ros/jazzy/opt/gz_physics_vendor:/opt/ros/jazzy/opt/sdformat_vendor:/opt/ros/jazzy/opt/gz_gui_vendor:/opt/ros/jazzy/opt/gz_transport_vendor:/opt/ros/jazzy/opt/gz_rendering_vendor:/opt/ros/jazzy/opt/gz_plugin_vendor:/opt/ros/jazzy/opt/gz_fuel_tools_vendor:/opt/ros/jazzy/opt/gz_msgs_vendor:/opt/ros/jazzy/opt/gz_common_vendor:/opt/ros/jazzy/opt/gz_math_vendor:/opt/ros/jazzy/opt/gz_utils_vendor:/opt/ros/jazzy/opt/gz_tools_vendor:/opt/ros/jazzy/opt/gz_ogre_next_vendor:/opt/ros/jazzy/opt/gz_dartsim_vendor:/opt/ros/jazzy/opt/gz_cmake_vendor DEBUGINFOD_URLS=https://debuginfod.ubuntu.com /usr/bin/cmake --build /home/caldo/Projects/trekking_test_ws/build/rf2o_laser_odometry -- -j8 -l8
[25.713s] DEBUG:colcon.colcon_core.event_handler.log_command:Invoking command in '/home/caldo/Projects/trekking_test_ws/build/rf2o_laser_odometry': CMAKE_PREFIX_PATH=/home/caldo/Projects/trekking_test_ws/install/trekking:/home/caldo/Projects/trekking_test_ws/install/sllidar_ros2:/opt/ros/jazzy:/home/caldo/Projects/trekking_test_ws/install/rplidar_ros:/home/caldo/Projects/trekking_test_ws/install/rf2o_laser_odometry:/opt/ros/jazzy/opt/gz_sim_vendor:/opt/ros/jazzy/opt/gz_sensors_vendor:/opt/ros/jazzy/opt/gz_physics_vendor:/opt/ros/jazzy/opt/sdformat_vendor:/opt/ros/jazzy/opt/gz_gui_vendor:/opt/ros/jazzy/opt/gz_transport_vendor:/opt/ros/jazzy/opt/gz_rendering_vendor:/opt/ros/jazzy/opt/gz_plugin_vendor:/opt/ros/jazzy/opt/gz_fuel_tools_vendor:/opt/ros/jazzy/opt/gz_msgs_vendor:/opt/ros/jazzy/opt/gz_common_vendor:/opt/ros/jazzy/opt/gz_math_vendor:/opt/ros/jazzy/opt/gz_utils_vendor:/opt/ros/jazzy/opt/gz_tools_vendor:/opt/ros/jazzy/opt/gz_ogre_next_vendor:/opt/ros/jazzy/opt/gz_dartsim_vendor:/opt/ros/jazzy/opt/gz_cmake_vendor DEBUGINFOD_URLS=https://debuginfod.ubuntu.com /usr/bin/cmake --install /home/caldo/Projects/trekking_test_ws/build/rf2o_laser_odometry
[25.745s] Level 1:colcon.colcon_core.environment:create_environment_scripts_only(rf2o_laser_odometry)
[25.746s] DEBUG:colcon.colcon_core.event_handler.log_command:Invoked command in '/home/caldo/Projects/trekking_test_ws/build/rf2o_laser_odometry' returned '0': CMAKE_PREFIX_PATH=/home/caldo/Projects/trekking_test_ws/install/trekking:/home/caldo/Projects/trekking_test_ws/install/sllidar_ros2:/opt/ros/jazzy:/home/caldo/Projects/trekking_test_ws/install/rplidar_ros:/home/caldo/Projects/trekking_test_ws/install/rf2o_laser_odometry:/opt/ros/jazzy/opt/gz_sim_vendor:/opt/ros/jazzy/opt/gz_sensors_vendor:/opt/ros/jazzy/opt/gz_physics_vendor:/opt/ros/jazzy/opt/sdformat_vendor:/opt/ros/jazzy/opt/gz_gui_vendor:/opt/ros/jazzy/opt/gz_transport_vendor:/opt/ros/jazzy/opt/gz_rendering_vendor:/opt/ros/jazzy/opt/gz_plugin_vendor:/opt/ros/jazzy/opt/gz_fuel_tools_vendor:/opt/ros/jazzy/opt/gz_msgs_vendor:/opt/ros/jazzy/opt/gz_common_vendor:/opt/ros/jazzy/opt/gz_math_vendor:/opt/ros/jazzy/opt/gz_utils_vendor:/opt/ros/jazzy/opt/gz_tools_vendor:/opt/ros/jazzy/opt/gz_ogre_next_vendor:/opt/ros/jazzy/opt/gz_dartsim_vendor:/opt/ros/jazzy/opt/gz_cmake_vendor DEBUGINFOD_URLS=https://debuginfod.ubuntu.com /usr/bin/cmake --install /home/caldo/Projects/trekking_test_ws/build/rf2o_laser_odometry
[25.746s] Level 1:colcon.colcon_core.environment:checking '/home/caldo/Projects/trekking_test_ws/install/rf2o_laser_odometry' for CMake module files
[25.748s] Level 1:colcon.colcon_core.environment:checking '/home/caldo/Projects/trekking_test_ws/install/rf2o_laser_odometry' for CMake config files
[25.749s] Level 1:colcon.colcon_core.shell:create_environment_hook('rf2o_laser_odometry', 'cmake_prefix_path')
[25.750s] INFO:colcon.colcon_core.shell:Creating environment hook '/home/caldo/Projects/trekking_test_ws/install/rf2o_laser_odometry/share/rf2o_laser_odometry/hook/cmake_prefix_path.ps1'
[25.750s] INFO:colcon.colcon_core.shell:Creating environment descriptor '/home/caldo/Projects/trekking_test_ws/install/rf2o_laser_odometry/share/rf2o_laser_odometry/hook/cmake_prefix_path.dsv'
[25.751s] INFO:colcon.colcon_core.shell:Creating environment hook '/home/caldo/Projects/trekking_test_ws/install/rf2o_laser_odometry/share/rf2o_laser_odometry/hook/cmake_prefix_path.sh'
[25.752s] Level 1:colcon.colcon_core.environment:checking '/home/caldo/Projects/trekking_test_ws/install/rf2o_laser_odometry/lib'
[25.752s] Level 1:colcon.colcon_core.environment:checking '/home/caldo/Projects/trekking_test_ws/install/rf2o_laser_odometry/bin'
[25.752s] Level 1:colcon.colcon_core.environment:checking '/home/caldo/Projects/trekking_test_ws/install/rf2o_laser_odometry/lib/pkgconfig/rf2o_laser_odometry.pc'
[25.752s] Level 1:colcon.colcon_core.environment:checking '/home/caldo/Projects/trekking_test_ws/install/rf2o_laser_odometry/lib/python3.12/site-packages'
[25.753s] Level 1:colcon.colcon_core.environment:checking '/home/caldo/Projects/trekking_test_ws/install/rf2o_laser_odometry/bin'
[25.753s] INFO:colcon.colcon_core.shell:Creating package script '/home/caldo/Projects/trekking_test_ws/install/rf2o_laser_odometry/share/rf2o_laser_odometry/package.ps1'
[25.754s] INFO:colcon.colcon_core.shell:Creating package descriptor '/home/caldo/Projects/trekking_test_ws/install/rf2o_laser_odometry/share/rf2o_laser_odometry/package.dsv'
[25.754s] INFO:colcon.colcon_core.shell:Creating package script '/home/caldo/Projects/trekking_test_ws/install/rf2o_laser_odometry/share/rf2o_laser_odometry/package.sh'
[25.755s] INFO:colcon.colcon_core.shell:Creating package script '/home/caldo/Projects/trekking_test_ws/install/rf2o_laser_odometry/share/rf2o_laser_odometry/package.bash'
[25.755s] INFO:colcon.colcon_core.shell:Creating package script '/home/caldo/Projects/trekking_test_ws/install/rf2o_laser_odometry/share/rf2o_laser_odometry/package.zsh'
[25.756s] Level 1:colcon.colcon_core.environment:create_file_with_runtime_dependencies(/home/caldo/Projects/trekking_test_ws/install/rf2o_laser_odometry/share/colcon-core/packages/rf2o_laser_odometry)
[25.756s] Level 1:colcon.colcon_core.environment:create_environment_scripts_only(rf2o_laser_odometry)
[25.756s] Level 1:colcon.colcon_core.environment:checking '/home/caldo/Projects/trekking_test_ws/install/rf2o_laser_odometry' for CMake module files
[25.757s] Level 1:colcon.colcon_core.environment:checking '/home/caldo/Projects/trekking_test_ws/install/rf2o_laser_odometry' for CMake config files
[25.757s] Level 1:colcon.colcon_core.shell:create_environment_hook('rf2o_laser_odometry', 'cmake_prefix_path')
[25.758s] INFO:colcon.colcon_core.shell:Creating environment hook '/home/caldo/Projects/trekking_test_ws/install/rf2o_laser_odometry/share/rf2o_laser_odometry/hook/cmake_prefix_path.ps1'
[25.758s] INFO:colcon.colcon_core.shell:Creating environment descriptor '/home/caldo/Projects/trekking_test_ws/install/rf2o_laser_odometry/share/rf2o_laser_odometry/hook/cmake_prefix_path.dsv'
[25.759s] INFO:colcon.colcon_core.shell:Creating environment hook '/home/caldo/Projects/trekking_test_ws/install/rf2o_laser_odometry/share/rf2o_laser_odometry/hook/cmake_prefix_path.sh'
[25.759s] Level 1:colcon.colcon_core.environment:checking '/home/caldo/Projects/trekking_test_ws/install/rf2o_laser_odometry/lib'
[25.760s] Level 1:colcon.colcon_core.environment:checking '/home/caldo/Projects/trekking_test_ws/install/rf2o_laser_odometry/bin'
[25.760s] Level 1:colcon.colcon_core.environment:checking '/home/caldo/Projects/trekking_test_ws/install/rf2o_laser_odometry/lib/pkgconfig/rf2o_laser_odometry.pc'
[25.760s] Level 1:colcon.colcon_core.environment:checking '/home/caldo/Projects/trekking_test_ws/install/rf2o_laser_odometry/lib/python3.12/site-packages'
[25.760s] Level 1:colcon.colcon_core.environment:checking '/home/caldo/Projects/trekking_test_ws/install/rf2o_laser_odometry/bin'
[25.761s] INFO:colcon.colcon_core.shell:Creating package script '/home/caldo/Projects/trekking_test_ws/install/rf2o_laser_odometry/share/rf2o_laser_odometry/package.ps1'
[25.761s] INFO:colcon.colcon_core.shell:Creating package descriptor '/home/caldo/Projects/trekking_test_ws/install/rf2o_laser_odometry/share/rf2o_laser_odometry/package.dsv'
[25.762s] INFO:colcon.colcon_core.shell:Creating package script '/home/caldo/Projects/trekking_test_ws/install/rf2o_laser_odometry/share/rf2o_laser_odometry/package.sh'
[25.762s] INFO:colcon.colcon_core.shell:Creating package script '/home/caldo/Projects/trekking_test_ws/install/rf2o_laser_odometry/share/rf2o_laser_odometry/package.bash'
[25.763s] INFO:colcon.colcon_core.shell:Creating package script '/home/caldo/Projects/trekking_test_ws/install/rf2o_laser_odometry/share/rf2o_laser_odometry/package.zsh'
[25.764s] Level 1:colcon.colcon_core.environment:create_file_with_runtime_dependencies(/home/caldo/Projects/trekking_test_ws/install/rf2o_laser_odometry/share/colcon-core/packages/rf2o_laser_odometry)
[25.764s] DEBUG:colcon.colcon_parallel_executor.executor.parallel:closing loop
[25.765s] DEBUG:colcon.colcon_parallel_executor.executor.parallel:loop closed
[25.765s] DEBUG:colcon.colcon_parallel_executor.executor.parallel:run_until_complete finished with '0'
[25.765s] DEBUG:colcon.colcon_core.event_reactor:joining thread
[25.780s] INFO:colcon.colcon_core.plugin_system:Skipping extension 'colcon_notification.desktop_notification.terminal_notifier': Not used on non-Darwin systems
[25.781s] INFO:colcon.colcon_core.plugin_system:Skipping extension 'colcon_notification.desktop_notification.win32': Not used on non-Windows systems
[25.781s] INFO:colcon.colcon_notification.desktop_notification:Sending desktop notification using 'notify2'
[25.840s] DEBUG:colcon.colcon_core.event_reactor:joined thread
[25.841s] INFO:colcon.colcon_core.shell:Creating prefix script '/home/caldo/Projects/trekking_test_ws/install/local_setup.ps1'
[25.843s] INFO:colcon.colcon_core.shell:Creating prefix util module '/home/caldo/Projects/trekking_test_ws/install/_local_setup_util_ps1.py'
[25.846s] INFO:colcon.colcon_core.shell:Creating prefix chain script '/home/caldo/Projects/trekking_test_ws/install/setup.ps1'
[25.850s] INFO:colcon.colcon_core.shell:Creating prefix script '/home/caldo/Projects/trekking_test_ws/install/local_setup.sh'
[25.851s] INFO:colcon.colcon_core.shell:Creating prefix util module '/home/caldo/Projects/trekking_test_ws/install/_local_setup_util_sh.py'
[25.853s] INFO:colcon.colcon_core.shell:Creating prefix chain script '/home/caldo/Projects/trekking_test_ws/install/setup.sh'
[25.855s] INFO:colcon.colcon_core.shell:Creating prefix script '/home/caldo/Projects/trekking_test_ws/install/local_setup.bash'
[25.856s] INFO:colcon.colcon_core.shell:Creating prefix chain script '/home/caldo/Projects/trekking_test_ws/install/setup.bash'
[25.859s] INFO:colcon.colcon_core.shell:Creating prefix script '/home/caldo/Projects/trekking_test_ws/install/local_setup.zsh'
[25.860s] INFO:colcon.colcon_core.shell:Creating prefix chain script '/home/caldo/Projects/trekking_test_ws/install/setup.zsh'
