[0.171s] DEBUG:colcon:Command line arguments: ['/home/caldo/.espressif/python_env/idf5.2_py3.12_env/bin/colcon', 'build', '--symlink-install']
[0.171s] DEBUG:colcon:Parsed command line arguments: Namespace(log_base=None, log_level=None, verb_name='build', build_base='build', install_base='install', merge_install=False, symlink_install=True, test_result_base=None, continue_on_error=False, executor='parallel', parallel_workers=8, event_handlers=None, ignore_user_meta=False, metas=['./colcon.meta'], base_paths=['.'], packages_ignore=None, packages_ignore_regex=None, paths=None, packages_up_to=None, packages_up_to_regex=None, packages_above=None, packages_above_and_dependencies=None, packages_above_depth=None, packages_select_by_dep=None, packages_skip_by_dep=None, packages_skip_up_to=None, packages_select_build_failed=False, packages_skip_build_finished=False, packages_select_test_failures=False, packages_skip_test_passed=False, packages_select=None, packages_skip=None, packages_select_regex=None, packages_skip_regex=None, packages_start=None, packages_end=None, cmake_args=None, cmake_target=None, cmake_target_skip_unavailable=False, cmake_clean_cache=False, cmake_clean_first=False, cmake_force_configure=False, ament_cmake_args=None, catkin_cmake_args=None, catkin_skip_building_tests=False, verb_parser=<colcon_defaults.argument_parser.defaults.DefaultArgumentsDecorator object at 0x7915f111d8e0>, verb_extension=<colcon_core.verb.build.BuildVerb object at 0x7915f129d7f0>, main=<bound method BuildVerb.main of <colcon_core.verb.build.BuildVerb object at 0x7915f129d7f0>>)
[0.213s] Level 1:colcon.colcon_core.package_discovery:discover_packages(colcon_meta) check parameters
[0.213s] Level 1:colcon.colcon_core.package_discovery:discover_packages(recursive) check parameters
[0.213s] Level 1:colcon.colcon_core.package_discovery:discover_packages(ignore) check parameters
[0.213s] Level 1:colcon.colcon_core.package_discovery:discover_packages(path) check parameters
[0.213s] Level 1:colcon.colcon_core.package_discovery:discover_packages(colcon_meta) discover
[0.213s] Level 1:colcon.colcon_core.package_discovery:discover_packages(recursive) discover
[0.213s] INFO:colcon.colcon_core.package_discovery:Crawling recursively for packages in '/home/caldo/Projects/trekking_test_ws'
[0.213s] Level 1:colcon.colcon_core.package_identification:_identify(.) by extensions ['ignore', 'ignore_ament_install']
[0.213s] Level 1:colcon.colcon_core.package_identification:_identify(.) by extension 'ignore'
[0.213s] Level 1:colcon.colcon_core.package_identification:_identify(.) by extension 'ignore_ament_install'
[0.213s] Level 1:colcon.colcon_core.package_identification:_identify(.) by extensions ['colcon_pkg']
[0.213s] Level 1:colcon.colcon_core.package_identification:_identify(.) by extension 'colcon_pkg'
[0.213s] Level 1:colcon.colcon_core.package_identification:_identify(.) by extensions ['colcon_meta']
[0.213s] Level 1:colcon.colcon_core.package_identification:_identify(.) by extension 'colcon_meta'
[0.213s] Level 1:colcon.colcon_core.package_identification:_identify(.) by extensions ['ros']
[0.213s] Level 1:colcon.colcon_core.package_identification:_identify(.) by extension 'ros'
[0.243s] Level 1:colcon.colcon_core.package_identification:_identify(.) by extensions ['cmake', 'python']
[0.243s] Level 1:colcon.colcon_core.package_identification:_identify(.) by extension 'cmake'
[0.243s] Level 1:colcon.colcon_core.package_identification:_identify(.) by extension 'python'
[0.243s] Level 1:colcon.colcon_core.package_identification:_identify(.) by extensions ['python_setup_py']
[0.243s] Level 1:colcon.colcon_core.package_identification:_identify(.) by extension 'python_setup_py'
[0.243s] Level 1:colcon.colcon_core.package_identification:_identify(build) by extensions ['ignore', 'ignore_ament_install']
[0.243s] Level 1:colcon.colcon_core.package_identification:_identify(build) by extension 'ignore'
[0.243s] Level 1:colcon.colcon_core.package_identification:_identify(build) ignored
[0.243s] Level 1:colcon.colcon_core.package_identification:_identify(install) by extensions ['ignore', 'ignore_ament_install']
[0.243s] Level 1:colcon.colcon_core.package_identification:_identify(install) by extension 'ignore'
[0.243s] Level 1:colcon.colcon_core.package_identification:_identify(install) ignored
[0.244s] Level 1:colcon.colcon_core.package_identification:_identify(log) by extensions ['ignore', 'ignore_ament_install']
[0.244s] Level 1:colcon.colcon_core.package_identification:_identify(log) by extension 'ignore'
[0.244s] Level 1:colcon.colcon_core.package_identification:_identify(log) ignored
[0.244s] Level 1:colcon.colcon_core.package_identification:_identify(src) by extensions ['ignore', 'ignore_ament_install']
[0.244s] Level 1:colcon.colcon_core.package_identification:_identify(src) by extension 'ignore'
[0.244s] Level 1:colcon.colcon_core.package_identification:_identify(src) by extension 'ignore_ament_install'
[0.244s] Level 1:colcon.colcon_core.package_identification:_identify(src) by extensions ['colcon_pkg']
[0.244s] Level 1:colcon.colcon_core.package_identification:_identify(src) by extension 'colcon_pkg'
[0.244s] Level 1:colcon.colcon_core.package_identification:_identify(src) by extensions ['colcon_meta']
[0.244s] Level 1:colcon.colcon_core.package_identification:_identify(src) by extension 'colcon_meta'
[0.244s] Level 1:colcon.colcon_core.package_identification:_identify(src) by extensions ['ros']
[0.244s] Level 1:colcon.colcon_core.package_identification:_identify(src) by extension 'ros'
[0.244s] Level 1:colcon.colcon_core.package_identification:_identify(src) by extensions ['cmake', 'python']
[0.244s] Level 1:colcon.colcon_core.package_identification:_identify(src) by extension 'cmake'
[0.244s] Level 1:colcon.colcon_core.package_identification:_identify(src) by extension 'python'
[0.244s] Level 1:colcon.colcon_core.package_identification:_identify(src) by extensions ['python_setup_py']
[0.244s] Level 1:colcon.colcon_core.package_identification:_identify(src) by extension 'python_setup_py'
[0.244s] Level 1:colcon.colcon_core.package_identification:_identify(src/sllidar_ros2) by extensions ['ignore', 'ignore_ament_install']
[0.245s] Level 1:colcon.colcon_core.package_identification:_identify(src/sllidar_ros2) by extension 'ignore'
[0.245s] Level 1:colcon.colcon_core.package_identification:_identify(src/sllidar_ros2) by extension 'ignore_ament_install'
[0.245s] Level 1:colcon.colcon_core.package_identification:_identify(src/sllidar_ros2) by extensions ['colcon_pkg']
[0.245s] Level 1:colcon.colcon_core.package_identification:_identify(src/sllidar_ros2) by extension 'colcon_pkg'
[0.245s] Level 1:colcon.colcon_core.package_identification:_identify(src/sllidar_ros2) by extensions ['colcon_meta']
[0.245s] Level 1:colcon.colcon_core.package_identification:_identify(src/sllidar_ros2) by extension 'colcon_meta'
[0.245s] Level 1:colcon.colcon_core.package_identification:_identify(src/sllidar_ros2) by extensions ['ros']
[0.245s] Level 1:colcon.colcon_core.package_identification:_identify(src/sllidar_ros2) by extension 'ros'
[0.248s] DEBUG:colcon.colcon_core.package_identification:Package 'src/sllidar_ros2' with type 'ros.ament_cmake' and name 'sllidar_ros2'
[0.248s] Level 1:colcon.colcon_core.package_identification:_identify(src/trekking) by extensions ['ignore', 'ignore_ament_install']
[0.248s] Level 1:colcon.colcon_core.package_identification:_identify(src/trekking) by extension 'ignore'
[0.248s] Level 1:colcon.colcon_core.package_identification:_identify(src/trekking) by extension 'ignore_ament_install'
[0.248s] Level 1:colcon.colcon_core.package_identification:_identify(src/trekking) by extensions ['colcon_pkg']
[0.248s] Level 1:colcon.colcon_core.package_identification:_identify(src/trekking) by extension 'colcon_pkg'
[0.248s] Level 1:colcon.colcon_core.package_identification:_identify(src/trekking) by extensions ['colcon_meta']
[0.248s] Level 1:colcon.colcon_core.package_identification:_identify(src/trekking) by extension 'colcon_meta'
[0.248s] Level 1:colcon.colcon_core.package_identification:_identify(src/trekking) by extensions ['ros']
[0.248s] Level 1:colcon.colcon_core.package_identification:_identify(src/trekking) by extension 'ros'
[0.249s] DEBUG:colcon.colcon_core.package_identification:Package 'src/trekking' with type 'ros.ament_cmake' and name 'trekking'
[0.249s] Level 1:colcon.colcon_core.package_discovery:discover_packages(recursive) using defaults
[0.249s] Level 1:colcon.colcon_core.package_discovery:discover_packages(ignore) discover
[0.249s] Level 1:colcon.colcon_core.package_discovery:discover_packages(ignore) using defaults
[0.249s] Level 1:colcon.colcon_core.package_discovery:discover_packages(path) discover
[0.249s] Level 1:colcon.colcon_core.package_discovery:discover_packages(path) using defaults
[0.272s] Level 5:colcon.colcon_core.verb:set package 'sllidar_ros2' build argument 'cmake_args' from command line to 'None'
[0.273s] Level 5:colcon.colcon_core.verb:set package 'sllidar_ros2' build argument 'cmake_target' from command line to 'None'
[0.273s] Level 5:colcon.colcon_core.verb:set package 'sllidar_ros2' build argument 'cmake_target_skip_unavailable' from command line to 'False'
[0.273s] Level 5:colcon.colcon_core.verb:set package 'sllidar_ros2' build argument 'cmake_clean_cache' from command line to 'False'
[0.273s] Level 5:colcon.colcon_core.verb:set package 'sllidar_ros2' build argument 'cmake_clean_first' from command line to 'False'
[0.273s] Level 5:colcon.colcon_core.verb:set package 'sllidar_ros2' build argument 'cmake_force_configure' from command line to 'False'
[0.273s] Level 5:colcon.colcon_core.verb:set package 'sllidar_ros2' build argument 'ament_cmake_args' from command line to 'None'
[0.273s] Level 5:colcon.colcon_core.verb:set package 'sllidar_ros2' build argument 'catkin_cmake_args' from command line to 'None'
[0.273s] Level 5:colcon.colcon_core.verb:set package 'sllidar_ros2' build argument 'catkin_skip_building_tests' from command line to 'False'
[0.273s] DEBUG:colcon.colcon_core.verb:Building package 'sllidar_ros2' with the following arguments: {'ament_cmake_args': None, 'build_base': '/home/caldo/Projects/trekking_test_ws/build/sllidar_ros2', 'catkin_cmake_args': None, 'catkin_skip_building_tests': False, 'cmake_args': None, 'cmake_clean_cache': False, 'cmake_clean_first': False, 'cmake_force_configure': False, 'cmake_target': None, 'cmake_target_skip_unavailable': False, 'install_base': '/home/caldo/Projects/trekking_test_ws/install/sllidar_ros2', 'merge_install': False, 'path': '/home/caldo/Projects/trekking_test_ws/src/sllidar_ros2', 'symlink_install': True, 'test_result_base': None}
[0.273s] Level 5:colcon.colcon_core.verb:set package 'trekking' build argument 'cmake_args' from command line to 'None'
[0.273s] Level 5:colcon.colcon_core.verb:set package 'trekking' build argument 'cmake_target' from command line to 'None'
[0.273s] Level 5:colcon.colcon_core.verb:set package 'trekking' build argument 'cmake_target_skip_unavailable' from command line to 'False'
[0.273s] Level 5:colcon.colcon_core.verb:set package 'trekking' build argument 'cmake_clean_cache' from command line to 'False'
[0.273s] Level 5:colcon.colcon_core.verb:set package 'trekking' build argument 'cmake_clean_first' from command line to 'False'
[0.273s] Level 5:colcon.colcon_core.verb:set package 'trekking' build argument 'cmake_force_configure' from command line to 'False'
[0.273s] Level 5:colcon.colcon_core.verb:set package 'trekking' build argument 'ament_cmake_args' from command line to 'None'
[0.273s] Level 5:colcon.colcon_core.verb:set package 'trekking' build argument 'catkin_cmake_args' from command line to 'None'
[0.273s] Level 5:colcon.colcon_core.verb:set package 'trekking' build argument 'catkin_skip_building_tests' from command line to 'False'
[0.273s] DEBUG:colcon.colcon_core.verb:Building package 'trekking' with the following arguments: {'ament_cmake_args': None, 'build_base': '/home/caldo/Projects/trekking_test_ws/build/trekking', 'catkin_cmake_args': None, 'catkin_skip_building_tests': False, 'cmake_args': None, 'cmake_clean_cache': False, 'cmake_clean_first': False, 'cmake_force_configure': False, 'cmake_target': None, 'cmake_target_skip_unavailable': False, 'install_base': '/home/caldo/Projects/trekking_test_ws/install/trekking', 'merge_install': False, 'path': '/home/caldo/Projects/trekking_test_ws/src/trekking', 'symlink_install': True, 'test_result_base': None}
[0.273s] INFO:colcon.colcon_core.executor:Executing jobs using 'parallel' executor
[0.274s] DEBUG:colcon.colcon_parallel_executor.executor.parallel:run_until_complete
[0.274s] INFO:colcon.colcon_ros.task.ament_cmake.build:Building ROS package in '/home/caldo/Projects/trekking_test_ws/src/sllidar_ros2' with build type 'ament_cmake'
[0.275s] INFO:colcon.colcon_cmake.task.cmake.build:Building CMake package in '/home/caldo/Projects/trekking_test_ws/src/sllidar_ros2'
[0.277s] INFO:colcon.colcon_core.plugin_system:Skipping extension 'colcon_core.shell.bat': Not used on non-Windows systems
[0.278s] INFO:colcon.colcon_core.shell:Skip shell extension 'powershell' for command environment: Not usable outside of PowerShell
[0.278s] DEBUG:colcon.colcon_core.shell:Skip shell extension 'dsv' for command environment
[0.284s] INFO:colcon.colcon_ros.task.ament_cmake.build:Building ROS package in '/home/caldo/Projects/trekking_test_ws/src/trekking' with build type 'ament_cmake'
[0.284s] INFO:colcon.colcon_cmake.task.cmake.build:Building CMake package in '/home/caldo/Projects/trekking_test_ws/src/trekking'
[0.284s] INFO:colcon.colcon_core.shell:Skip shell extension 'powershell' for command environment: Not usable outside of PowerShell
[0.285s] DEBUG:colcon.colcon_core.shell:Skip shell extension 'dsv' for command environment
[0.290s] DEBUG:colcon.colcon_core.event_handler.log_command:Invoking command in '/home/caldo/Projects/trekking_test_ws/build/sllidar_ros2': CMAKE_PREFIX_PATH=${CMAKE_PREFIX_PATH}:/opt/ros/jazzy PS1=\n\[\e[90;1m\][\[\e[0;34m\]\@\[\e[90;1m\]]-\[\e[90;1m\][\[\e[0;32m\]\u\[\e[0;33m\]@\[\e[0;32m\]\h\[\e[90;1m\]]-\[\e[90;1m\][\[\e[0;35m\]\w\[\e[90;1m\]]-\n\[\e[39m\]$ /usr/bin/cmake /home/caldo/Projects/trekking_test_ws/src/sllidar_ros2 -DAMENT_CMAKE_SYMLINK_INSTALL=1 -DCMAKE_INSTALL_PREFIX=/home/caldo/Projects/trekking_test_ws/install/sllidar_ros2
[0.297s] DEBUG:colcon.colcon_core.event_handler.log_command:Invoking command in '/home/caldo/Projects/trekking_test_ws/build/trekking': CMAKE_PREFIX_PATH=${CMAKE_PREFIX_PATH}:/opt/ros/jazzy PS1=\n\[\e[90;1m\][\[\e[0;34m\]\@\[\e[90;1m\]]-\[\e[90;1m\][\[\e[0;32m\]\u\[\e[0;33m\]@\[\e[0;32m\]\h\[\e[90;1m\]]-\[\e[90;1m\][\[\e[0;35m\]\w\[\e[90;1m\]]-\n\[\e[39m\]$ /usr/bin/cmake --build /home/caldo/Projects/trekking_test_ws/build/trekking -- -j8 -l8
[0.350s] DEBUG:colcon.colcon_core.event_handler.log_command:Invoked command in '/home/caldo/Projects/trekking_test_ws/build/trekking' returned '0': CMAKE_PREFIX_PATH=${CMAKE_PREFIX_PATH}:/opt/ros/jazzy PS1=\n\[\e[90;1m\][\[\e[0;34m\]\@\[\e[90;1m\]]-\[\e[90;1m\][\[\e[0;32m\]\u\[\e[0;33m\]@\[\e[0;32m\]\h\[\e[90;1m\]]-\[\e[90;1m\][\[\e[0;35m\]\w\[\e[90;1m\]]-\n\[\e[39m\]$ /usr/bin/cmake --build /home/caldo/Projects/trekking_test_ws/build/trekking -- -j8 -l8
[0.362s] DEBUG:colcon.colcon_core.event_handler.log_command:Invoking command in '/home/caldo/Projects/trekking_test_ws/build/trekking': CMAKE_PREFIX_PATH=${CMAKE_PREFIX_PATH}:/opt/ros/jazzy PS1=\n\[\e[90;1m\][\[\e[0;34m\]\@\[\e[90;1m\]]-\[\e[90;1m\][\[\e[0;32m\]\u\[\e[0;33m\]@\[\e[0;32m\]\h\[\e[90;1m\]]-\[\e[90;1m\][\[\e[0;35m\]\w\[\e[90;1m\]]-\n\[\e[39m\]$ /usr/bin/cmake --install /home/caldo/Projects/trekking_test_ws/build/trekking
[0.391s] Level 1:colcon.colcon_core.environment:create_environment_scripts_only(trekking)
[0.392s] DEBUG:colcon.colcon_core.event_handler.log_command:Invoked command in '/home/caldo/Projects/trekking_test_ws/build/trekking' returned '0': CMAKE_PREFIX_PATH=${CMAKE_PREFIX_PATH}:/opt/ros/jazzy PS1=\n\[\e[90;1m\][\[\e[0;34m\]\@\[\e[90;1m\]]-\[\e[90;1m\][\[\e[0;32m\]\u\[\e[0;33m\]@\[\e[0;32m\]\h\[\e[90;1m\]]-\[\e[90;1m\][\[\e[0;35m\]\w\[\e[90;1m\]]-\n\[\e[39m\]$ /usr/bin/cmake --install /home/caldo/Projects/trekking_test_ws/build/trekking
[0.395s] Level 1:colcon.colcon_core.environment:checking '/home/caldo/Projects/trekking_test_ws/install/trekking' for CMake module files
[0.396s] Level 1:colcon.colcon_core.environment:checking '/home/caldo/Projects/trekking_test_ws/install/trekking' for CMake config files
[0.397s] Level 1:colcon.colcon_core.shell:create_environment_hook('trekking', 'cmake_prefix_path')
[0.397s] INFO:colcon.colcon_core.shell:Creating environment hook '/home/caldo/Projects/trekking_test_ws/install/trekking/share/trekking/hook/cmake_prefix_path.ps1'
[0.398s] INFO:colcon.colcon_core.shell:Creating environment descriptor '/home/caldo/Projects/trekking_test_ws/install/trekking/share/trekking/hook/cmake_prefix_path.dsv'
[0.398s] INFO:colcon.colcon_core.shell:Creating environment hook '/home/caldo/Projects/trekking_test_ws/install/trekking/share/trekking/hook/cmake_prefix_path.sh'
[0.399s] Level 1:colcon.colcon_core.environment:checking '/home/caldo/Projects/trekking_test_ws/install/trekking/bin'
[0.399s] Level 1:colcon.colcon_core.environment:checking '/home/caldo/Projects/trekking_test_ws/install/trekking/lib/pkgconfig/trekking.pc'
[0.402s] Level 1:colcon.colcon_core.environment:checking '/home/caldo/Projects/trekking_test_ws/install/trekking/lib/python3.12/site-packages'
[0.402s] Level 1:colcon.colcon_core.environment:checking '/home/caldo/Projects/trekking_test_ws/install/trekking/bin'
[0.403s] INFO:colcon.colcon_core.shell:Creating package script '/home/caldo/Projects/trekking_test_ws/install/trekking/share/trekking/package.ps1'
[0.404s] INFO:colcon.colcon_core.shell:Creating package descriptor '/home/caldo/Projects/trekking_test_ws/install/trekking/share/trekking/package.dsv'
[0.404s] INFO:colcon.colcon_core.shell:Creating package script '/home/caldo/Projects/trekking_test_ws/install/trekking/share/trekking/package.sh'
[0.405s] INFO:colcon.colcon_core.shell:Creating package script '/home/caldo/Projects/trekking_test_ws/install/trekking/share/trekking/package.bash'
[0.406s] INFO:colcon.colcon_core.shell:Creating package script '/home/caldo/Projects/trekking_test_ws/install/trekking/share/trekking/package.zsh'
[0.406s] Level 1:colcon.colcon_core.environment:create_file_with_runtime_dependencies(/home/caldo/Projects/trekking_test_ws/install/trekking/share/colcon-core/packages/trekking)
[0.407s] Level 1:colcon.colcon_core.environment:create_environment_scripts_only(trekking)
[0.407s] Level 1:colcon.colcon_core.environment:checking '/home/caldo/Projects/trekking_test_ws/install/trekking' for CMake module files
[0.408s] Level 1:colcon.colcon_core.environment:checking '/home/caldo/Projects/trekking_test_ws/install/trekking' for CMake config files
[0.408s] Level 1:colcon.colcon_core.shell:create_environment_hook('trekking', 'cmake_prefix_path')
[0.408s] INFO:colcon.colcon_core.shell:Creating environment hook '/home/caldo/Projects/trekking_test_ws/install/trekking/share/trekking/hook/cmake_prefix_path.ps1'
[0.409s] INFO:colcon.colcon_core.shell:Creating environment descriptor '/home/caldo/Projects/trekking_test_ws/install/trekking/share/trekking/hook/cmake_prefix_path.dsv'
[0.409s] INFO:colcon.colcon_core.shell:Creating environment hook '/home/caldo/Projects/trekking_test_ws/install/trekking/share/trekking/hook/cmake_prefix_path.sh'
[0.409s] Level 1:colcon.colcon_core.environment:checking '/home/caldo/Projects/trekking_test_ws/install/trekking/bin'
[0.409s] Level 1:colcon.colcon_core.environment:checking '/home/caldo/Projects/trekking_test_ws/install/trekking/lib/pkgconfig/trekking.pc'
[0.410s] Level 1:colcon.colcon_core.environment:checking '/home/caldo/Projects/trekking_test_ws/install/trekking/lib/python3.12/site-packages'
[0.410s] Level 1:colcon.colcon_core.environment:checking '/home/caldo/Projects/trekking_test_ws/install/trekking/bin'
[0.410s] INFO:colcon.colcon_core.shell:Creating package script '/home/caldo/Projects/trekking_test_ws/install/trekking/share/trekking/package.ps1'
[0.410s] INFO:colcon.colcon_core.shell:Creating package descriptor '/home/caldo/Projects/trekking_test_ws/install/trekking/share/trekking/package.dsv'
[0.411s] INFO:colcon.colcon_core.shell:Creating package script '/home/caldo/Projects/trekking_test_ws/install/trekking/share/trekking/package.sh'
[0.411s] INFO:colcon.colcon_core.shell:Creating package script '/home/caldo/Projects/trekking_test_ws/install/trekking/share/trekking/package.bash'
[0.412s] INFO:colcon.colcon_core.shell:Creating package script '/home/caldo/Projects/trekking_test_ws/install/trekking/share/trekking/package.zsh'
[0.412s] Level 1:colcon.colcon_core.environment:create_file_with_runtime_dependencies(/home/caldo/Projects/trekking_test_ws/install/trekking/share/colcon-core/packages/trekking)
[1.988s] DEBUG:colcon.colcon_core.event_handler.log_command:Invoked command in '/home/caldo/Projects/trekking_test_ws/build/sllidar_ros2' returned '0': CMAKE_PREFIX_PATH=${CMAKE_PREFIX_PATH}:/opt/ros/jazzy PS1=\n\[\e[90;1m\][\[\e[0;34m\]\@\[\e[90;1m\]]-\[\e[90;1m\][\[\e[0;32m\]\u\[\e[0;33m\]@\[\e[0;32m\]\h\[\e[90;1m\]]-\[\e[90;1m\][\[\e[0;35m\]\w\[\e[90;1m\]]-\n\[\e[39m\]$ /usr/bin/cmake /home/caldo/Projects/trekking_test_ws/src/sllidar_ros2 -DAMENT_CMAKE_SYMLINK_INSTALL=1 -DCMAKE_INSTALL_PREFIX=/home/caldo/Projects/trekking_test_ws/install/sllidar_ros2
[1.989s] DEBUG:colcon.colcon_core.event_handler.log_command:Invoking command in '/home/caldo/Projects/trekking_test_ws/build/sllidar_ros2': CMAKE_PREFIX_PATH=${CMAKE_PREFIX_PATH}:/opt/ros/jazzy PS1=\n\[\e[90;1m\][\[\e[0;34m\]\@\[\e[90;1m\]]-\[\e[90;1m\][\[\e[0;32m\]\u\[\e[0;33m\]@\[\e[0;32m\]\h\[\e[90;1m\]]-\[\e[90;1m\][\[\e[0;35m\]\w\[\e[90;1m\]]-\n\[\e[39m\]$ /usr/bin/cmake --build /home/caldo/Projects/trekking_test_ws/build/sllidar_ros2 -- -j8 -l8
[13.618s] DEBUG:colcon.colcon_core.event_handler.log_command:Invoked command in '/home/caldo/Projects/trekking_test_ws/build/sllidar_ros2' returned '0': CMAKE_PREFIX_PATH=${CMAKE_PREFIX_PATH}:/opt/ros/jazzy PS1=\n\[\e[90;1m\][\[\e[0;34m\]\@\[\e[90;1m\]]-\[\e[90;1m\][\[\e[0;32m\]\u\[\e[0;33m\]@\[\e[0;32m\]\h\[\e[90;1m\]]-\[\e[90;1m\][\[\e[0;35m\]\w\[\e[90;1m\]]-\n\[\e[39m\]$ /usr/bin/cmake --build /home/caldo/Projects/trekking_test_ws/build/sllidar_ros2 -- -j8 -l8
[13.623s] DEBUG:colcon.colcon_core.event_handler.log_command:Invoking command in '/home/caldo/Projects/trekking_test_ws/build/sllidar_ros2': CMAKE_PREFIX_PATH=${CMAKE_PREFIX_PATH}:/opt/ros/jazzy PS1=\n\[\e[90;1m\][\[\e[0;34m\]\@\[\e[90;1m\]]-\[\e[90;1m\][\[\e[0;32m\]\u\[\e[0;33m\]@\[\e[0;32m\]\h\[\e[90;1m\]]-\[\e[90;1m\][\[\e[0;35m\]\w\[\e[90;1m\]]-\n\[\e[39m\]$ /usr/bin/cmake --install /home/caldo/Projects/trekking_test_ws/build/sllidar_ros2
[14.037s] Level 1:colcon.colcon_core.environment:create_environment_scripts_only(sllidar_ros2)
[14.038s] Level 1:colcon.colcon_core.environment:checking '/home/caldo/Projects/trekking_test_ws/install/sllidar_ros2' for CMake module files
[14.039s] DEBUG:colcon.colcon_core.event_handler.log_command:Invoked command in '/home/caldo/Projects/trekking_test_ws/build/sllidar_ros2' returned '0': CMAKE_PREFIX_PATH=${CMAKE_PREFIX_PATH}:/opt/ros/jazzy PS1=\n\[\e[90;1m\][\[\e[0;34m\]\@\[\e[90;1m\]]-\[\e[90;1m\][\[\e[0;32m\]\u\[\e[0;33m\]@\[\e[0;32m\]\h\[\e[90;1m\]]-\[\e[90;1m\][\[\e[0;35m\]\w\[\e[90;1m\]]-\n\[\e[39m\]$ /usr/bin/cmake --install /home/caldo/Projects/trekking_test_ws/build/sllidar_ros2
[14.039s] Level 1:colcon.colcon_core.environment:checking '/home/caldo/Projects/trekking_test_ws/install/sllidar_ros2' for CMake config files
[14.040s] Level 1:colcon.colcon_core.shell:create_environment_hook('sllidar_ros2', 'cmake_prefix_path')
[14.040s] INFO:colcon.colcon_core.shell:Creating environment hook '/home/caldo/Projects/trekking_test_ws/install/sllidar_ros2/share/sllidar_ros2/hook/cmake_prefix_path.ps1'
[14.042s] INFO:colcon.colcon_core.shell:Creating environment descriptor '/home/caldo/Projects/trekking_test_ws/install/sllidar_ros2/share/sllidar_ros2/hook/cmake_prefix_path.dsv'
[14.043s] INFO:colcon.colcon_core.shell:Creating environment hook '/home/caldo/Projects/trekking_test_ws/install/sllidar_ros2/share/sllidar_ros2/hook/cmake_prefix_path.sh'
[14.044s] Level 1:colcon.colcon_core.environment:checking '/home/caldo/Projects/trekking_test_ws/install/sllidar_ros2/lib'
[14.045s] Level 1:colcon.colcon_core.environment:checking '/home/caldo/Projects/trekking_test_ws/install/sllidar_ros2/bin'
[14.045s] Level 1:colcon.colcon_core.environment:checking '/home/caldo/Projects/trekking_test_ws/install/sllidar_ros2/lib/pkgconfig/sllidar_ros2.pc'
[14.046s] Level 1:colcon.colcon_core.environment:checking '/home/caldo/Projects/trekking_test_ws/install/sllidar_ros2/lib/python3.12/site-packages'
[14.046s] Level 1:colcon.colcon_core.environment:checking '/home/caldo/Projects/trekking_test_ws/install/sllidar_ros2/bin'
[14.046s] INFO:colcon.colcon_core.shell:Creating package script '/home/caldo/Projects/trekking_test_ws/install/sllidar_ros2/share/sllidar_ros2/package.ps1'
[14.047s] INFO:colcon.colcon_core.shell:Creating package descriptor '/home/caldo/Projects/trekking_test_ws/install/sllidar_ros2/share/sllidar_ros2/package.dsv'
[14.047s] INFO:colcon.colcon_core.shell:Creating package script '/home/caldo/Projects/trekking_test_ws/install/sllidar_ros2/share/sllidar_ros2/package.sh'
[14.048s] INFO:colcon.colcon_core.shell:Creating package script '/home/caldo/Projects/trekking_test_ws/install/sllidar_ros2/share/sllidar_ros2/package.bash'
[14.048s] INFO:colcon.colcon_core.shell:Creating package script '/home/caldo/Projects/trekking_test_ws/install/sllidar_ros2/share/sllidar_ros2/package.zsh'
[14.049s] Level 1:colcon.colcon_core.environment:create_file_with_runtime_dependencies(/home/caldo/Projects/trekking_test_ws/install/sllidar_ros2/share/colcon-core/packages/sllidar_ros2)
[14.049s] Level 1:colcon.colcon_core.environment:create_environment_scripts_only(sllidar_ros2)
[14.050s] Level 1:colcon.colcon_core.environment:checking '/home/caldo/Projects/trekking_test_ws/install/sllidar_ros2' for CMake module files
[14.050s] Level 1:colcon.colcon_core.environment:checking '/home/caldo/Projects/trekking_test_ws/install/sllidar_ros2' for CMake config files
[14.050s] Level 1:colcon.colcon_core.shell:create_environment_hook('sllidar_ros2', 'cmake_prefix_path')
[14.051s] INFO:colcon.colcon_core.shell:Creating environment hook '/home/caldo/Projects/trekking_test_ws/install/sllidar_ros2/share/sllidar_ros2/hook/cmake_prefix_path.ps1'
[14.051s] INFO:colcon.colcon_core.shell:Creating environment descriptor '/home/caldo/Projects/trekking_test_ws/install/sllidar_ros2/share/sllidar_ros2/hook/cmake_prefix_path.dsv'
[14.051s] INFO:colcon.colcon_core.shell:Creating environment hook '/home/caldo/Projects/trekking_test_ws/install/sllidar_ros2/share/sllidar_ros2/hook/cmake_prefix_path.sh'
[14.052s] Level 1:colcon.colcon_core.environment:checking '/home/caldo/Projects/trekking_test_ws/install/sllidar_ros2/lib'
[14.052s] Level 1:colcon.colcon_core.environment:checking '/home/caldo/Projects/trekking_test_ws/install/sllidar_ros2/bin'
[14.052s] Level 1:colcon.colcon_core.environment:checking '/home/caldo/Projects/trekking_test_ws/install/sllidar_ros2/lib/pkgconfig/sllidar_ros2.pc'
[14.052s] Level 1:colcon.colcon_core.environment:checking '/home/caldo/Projects/trekking_test_ws/install/sllidar_ros2/lib/python3.12/site-packages'
[14.052s] Level 1:colcon.colcon_core.environment:checking '/home/caldo/Projects/trekking_test_ws/install/sllidar_ros2/bin'
[14.053s] INFO:colcon.colcon_core.shell:Creating package script '/home/caldo/Projects/trekking_test_ws/install/sllidar_ros2/share/sllidar_ros2/package.ps1'
[14.053s] INFO:colcon.colcon_core.shell:Creating package descriptor '/home/caldo/Projects/trekking_test_ws/install/sllidar_ros2/share/sllidar_ros2/package.dsv'
[14.054s] INFO:colcon.colcon_core.shell:Creating package script '/home/caldo/Projects/trekking_test_ws/install/sllidar_ros2/share/sllidar_ros2/package.sh'
[14.054s] INFO:colcon.colcon_core.shell:Creating package script '/home/caldo/Projects/trekking_test_ws/install/sllidar_ros2/share/sllidar_ros2/package.bash'
[14.055s] INFO:colcon.colcon_core.shell:Creating package script '/home/caldo/Projects/trekking_test_ws/install/sllidar_ros2/share/sllidar_ros2/package.zsh'
[14.055s] Level 1:colcon.colcon_core.environment:create_file_with_runtime_dependencies(/home/caldo/Projects/trekking_test_ws/install/sllidar_ros2/share/colcon-core/packages/sllidar_ros2)
[14.056s] DEBUG:colcon.colcon_parallel_executor.executor.parallel:closing loop
[14.057s] DEBUG:colcon.colcon_parallel_executor.executor.parallel:loop closed
[14.057s] DEBUG:colcon.colcon_parallel_executor.executor.parallel:run_until_complete finished with '0'
[14.057s] DEBUG:colcon.colcon_core.event_reactor:joining thread
[14.069s] INFO:colcon.colcon_core.plugin_system:Skipping extension 'colcon_notification.desktop_notification.notify2': 'notify2' not found
[14.070s] INFO:colcon.colcon_core.plugin_system:Skipping extension 'colcon_notification.desktop_notification.notify_send': Could not find 'notify-send'
[14.070s] INFO:colcon.colcon_core.plugin_system:Skipping extension 'colcon_notification.desktop_notification.terminal_notifier': Not used on non-Darwin systems
[14.070s] INFO:colcon.colcon_core.plugin_system:Skipping extension 'colcon_notification.desktop_notification.win32': Not used on non-Windows systems
[14.070s] DEBUG:colcon.colcon_core.event_reactor:joined thread
[14.071s] INFO:colcon.colcon_core.shell:Creating prefix script '/home/caldo/Projects/trekking_test_ws/install/local_setup.ps1'
[14.072s] INFO:colcon.colcon_core.shell:Creating prefix util module '/home/caldo/Projects/trekking_test_ws/install/_local_setup_util_ps1.py'
[14.074s] INFO:colcon.colcon_core.shell:Creating prefix chain script '/home/caldo/Projects/trekking_test_ws/install/setup.ps1'
[14.075s] INFO:colcon.colcon_core.shell:Creating prefix script '/home/caldo/Projects/trekking_test_ws/install/local_setup.sh'
[14.076s] INFO:colcon.colcon_core.shell:Creating prefix util module '/home/caldo/Projects/trekking_test_ws/install/_local_setup_util_sh.py'
[14.077s] INFO:colcon.colcon_core.shell:Creating prefix chain script '/home/caldo/Projects/trekking_test_ws/install/setup.sh'
[14.078s] INFO:colcon.colcon_core.shell:Creating prefix script '/home/caldo/Projects/trekking_test_ws/install/local_setup.bash'
[14.078s] INFO:colcon.colcon_core.shell:Creating prefix chain script '/home/caldo/Projects/trekking_test_ws/install/setup.bash'
[14.079s] INFO:colcon.colcon_core.shell:Creating prefix script '/home/caldo/Projects/trekking_test_ws/install/local_setup.zsh'
[14.080s] INFO:colcon.colcon_core.shell:Creating prefix chain script '/home/caldo/Projects/trekking_test_ws/install/setup.zsh'
