[0.014s] Invoking command in '/home/caldo/Projects/TREKKING_ROS2_WS/build/rf2o_laser_odometry': CMAKE_PREFIX_PATH=${CMAKE_PREFIX_PATH}:/opt/ros/jazzy DEBUGINFOD_URLS=https://debuginfod.ubuntu.com /usr/bin/cmake --build /home/caldo/Projects/TREKKING_ROS2_WS/build/rf2o_laser_odometry -- -j8 -l8
[0.020s] [0mCMake Error: The current CMakeCache.txt directory /home/caldo/Projects/TREKKING_ROS2_WS/build/rf2o_laser_odometry/CMakeCache.txt is different than the directory /home/caldo/Projects/trekking_test_ws/build/rf2o_laser_odometry where CMakeCache.txt was created. This may result in binaries being created in the wrong place. If you are not sure, reedit the CMakeCache.txt[0m
[0.068s] [ 40%] Built target rf2o_laser_odometry
[0.071s] [100%] Built target rf2o_laser_odometry_node
[0.092s] Invoked command in '/home/caldo/Projects/TREKKING_ROS2_WS/build/rf2o_laser_odometry' returned '0': CMAKE_PREFIX_PATH=${CMAKE_PREFIX_PATH}:/opt/ros/jazzy DEBUGINFOD_URLS=https://debuginfod.ubuntu.com /usr/bin/cmake --build /home/caldo/Projects/TREKKING_ROS2_WS/build/rf2o_laser_odometry -- -j8 -l8
[0.093s] Invoking command in '/home/caldo/Projects/TREKKING_ROS2_WS/build/rf2o_laser_odometry': CMAKE_PREFIX_PATH=${CMAKE_PREFIX_PATH}:/opt/ros/jazzy DEBUGINFOD_URLS=https://debuginfod.ubuntu.com /usr/bin/cmake --install /home/caldo/Projects/TREKKING_ROS2_WS/build/rf2o_laser_odometry
[0.099s] -- Install configuration: ""
[0.100s] -- Execute custom install script
[0.100s] -- Up-to-date symlink: /home/caldo/Projects/trekking_test_ws/install/rf2o_laser_odometry/lib/rf2o_laser_odometry/rf2o_laser_odometry_node
[0.100s] -- Up-to-date symlink: /home/caldo/Projects/trekking_test_ws/install/rf2o_laser_odometry/share/rf2o_laser_odometry/launch/rf2o_laser_odometry.launch.py
[0.100s] -- Up-to-date symlink: /home/caldo/Projects/trekking_test_ws/install/rf2o_laser_odometry/share/ament_index/resource_index/package_run_dependencies/rf2o_laser_odometry
[0.101s] -- Up-to-date symlink: /home/caldo/Projects/trekking_test_ws/install/rf2o_laser_odometry/share/ament_index/resource_index/parent_prefix_path/rf2o_laser_odometry
[0.101s] -- Up-to-date symlink: /home/caldo/Projects/trekking_test_ws/install/rf2o_laser_odometry/share/rf2o_laser_odometry/environment/ament_prefix_path.sh
[0.101s] -- Up-to-date symlink: /home/caldo/Projects/trekking_test_ws/install/rf2o_laser_odometry/share/rf2o_laser_odometry/environment/ament_prefix_path.dsv
[0.101s] -- Up-to-date symlink: /home/caldo/Projects/trekking_test_ws/install/rf2o_laser_odometry/share/rf2o_laser_odometry/environment/path.sh
[0.101s] -- Up-to-date symlink: /home/caldo/Projects/trekking_test_ws/install/rf2o_laser_odometry/share/rf2o_laser_odometry/environment/path.dsv
[0.101s] -- Up-to-date symlink: /home/caldo/Projects/trekking_test_ws/install/rf2o_laser_odometry/share/rf2o_laser_odometry/local_setup.bash
[0.101s] -- Up-to-date symlink: /home/caldo/Projects/trekking_test_ws/install/rf2o_laser_odometry/share/rf2o_laser_odometry/local_setup.sh
[0.102s] -- Up-to-date symlink: /home/caldo/Projects/trekking_test_ws/install/rf2o_laser_odometry/share/rf2o_laser_odometry/local_setup.zsh
[0.102s] -- Up-to-date symlink: /home/caldo/Projects/trekking_test_ws/install/rf2o_laser_odometry/share/rf2o_laser_odometry/local_setup.dsv
[0.102s] -- Up-to-date symlink: /home/caldo/Projects/trekking_test_ws/install/rf2o_laser_odometry/share/rf2o_laser_odometry/package.dsv
[0.102s] -- Up-to-date symlink: /home/caldo/Projects/trekking_test_ws/install/rf2o_laser_odometry/share/ament_index/resource_index/packages/rf2o_laser_odometry
[0.102s] -- Up-to-date symlink: /home/caldo/Projects/trekking_test_ws/install/rf2o_laser_odometry/share/rf2o_laser_odometry/cmake/rf2o_laser_odometryConfig.cmake
[0.102s] -- Up-to-date symlink: /home/caldo/Projects/trekking_test_ws/install/rf2o_laser_odometry/share/rf2o_laser_odometry/cmake/rf2o_laser_odometryConfig-version.cmake
[0.102s] -- Up-to-date symlink: /home/caldo/Projects/trekking_test_ws/install/rf2o_laser_odometry/share/rf2o_laser_odometry/package.xml
[0.105s] Invoked command in '/home/caldo/Projects/TREKKING_ROS2_WS/build/rf2o_laser_odometry' returned '0': CMAKE_PREFIX_PATH=${CMAKE_PREFIX_PATH}:/opt/ros/jazzy DEBUGINFOD_URLS=https://debuginfod.ubuntu.com /usr/bin/cmake --install /home/caldo/Projects/TREKKING_ROS2_WS/build/rf2o_laser_odometry
