[0.175s] DEBUG:colcon:Command line arguments: ['/home/caldo/.espressif/python_env/idf5.2_py3.12_env/bin/colcon', 'build', '--packages-select', 'rf2o_laser_odometry']
[0.175s] DEBUG:colcon:Parsed command line arguments: Namespace(log_base=None, log_level=None, verb_name='build', build_base='build', install_base='install', merge_install=False, symlink_install=False, test_result_base=None, continue_on_error=False, executor='parallel', parallel_workers=8, event_handlers=None, ignore_user_meta=False, metas=['./colcon.meta'], base_paths=['.'], packages_ignore=None, packages_ignore_regex=None, paths=None, packages_up_to=None, packages_up_to_regex=None, packages_above=None, packages_above_and_dependencies=None, packages_above_depth=None, packages_select_by_dep=None, packages_skip_by_dep=None, packages_skip_up_to=None, packages_select_build_failed=False, packages_skip_build_finished=False, packages_select_test_failures=False, packages_skip_test_passed=False, packages_select=['rf2o_laser_odometry'], packages_skip=None, packages_select_regex=None, packages_skip_regex=None, packages_start=None, packages_end=None, cmake_args=None, cmake_target=None, cmake_target_skip_unavailable=False, cmake_clean_cache=False, cmake_clean_first=False, cmake_force_configure=False, ament_cmake_args=None, catkin_cmake_args=None, catkin_skip_building_tests=False, verb_parser=<colcon_defaults.argument_parser.defaults.DefaultArgumentsDecorator object at 0x7636e9869b50>, verb_extension=<colcon_core.verb.build.BuildVerb object at 0x7636e99e2330>, main=<bound method BuildVerb.main of <colcon_core.verb.build.BuildVerb object at 0x7636e99e2330>>)
[0.239s] Level 1:colcon.colcon_core.package_discovery:discover_packages(colcon_meta) check parameters
[0.239s] Level 1:colcon.colcon_core.package_discovery:discover_packages(recursive) check parameters
[0.239s] Level 1:colcon.colcon_core.package_discovery:discover_packages(ignore) check parameters
[0.239s] Level 1:colcon.colcon_core.package_discovery:discover_packages(path) check parameters
[0.239s] Level 1:colcon.colcon_core.package_discovery:discover_packages(colcon_meta) discover
[0.239s] Level 1:colcon.colcon_core.package_discovery:discover_packages(recursive) discover
[0.239s] INFO:colcon.colcon_core.package_discovery:Crawling recursively for packages in '/home/caldo/Projects/trekking_test_ws'
[0.239s] Level 1:colcon.colcon_core.package_identification:_identify(.) by extensions ['ignore', 'ignore_ament_install']
[0.239s] Level 1:colcon.colcon_core.package_identification:_identify(.) by extension 'ignore'
[0.239s] Level 1:colcon.colcon_core.package_identification:_identify(.) by extension 'ignore_ament_install'
[0.239s] Level 1:colcon.colcon_core.package_identification:_identify(.) by extensions ['colcon_pkg']
[0.240s] Level 1:colcon.colcon_core.package_identification:_identify(.) by extension 'colcon_pkg'
[0.240s] Level 1:colcon.colcon_core.package_identification:_identify(.) by extensions ['colcon_meta']
[0.240s] Level 1:colcon.colcon_core.package_identification:_identify(.) by extension 'colcon_meta'
[0.240s] Level 1:colcon.colcon_core.package_identification:_identify(.) by extensions ['ros']
[0.240s] Level 1:colcon.colcon_core.package_identification:_identify(.) by extension 'ros'
[0.270s] Level 1:colcon.colcon_core.package_identification:_identify(.) by extensions ['cmake', 'python']
[0.270s] Level 1:colcon.colcon_core.package_identification:_identify(.) by extension 'cmake'
[0.270s] Level 1:colcon.colcon_core.package_identification:_identify(.) by extension 'python'
[0.270s] Level 1:colcon.colcon_core.package_identification:_identify(.) by extensions ['python_setup_py']
[0.270s] Level 1:colcon.colcon_core.package_identification:_identify(.) by extension 'python_setup_py'
[0.270s] Level 1:colcon.colcon_core.package_identification:_identify(build) by extensions ['ignore', 'ignore_ament_install']
[0.270s] Level 1:colcon.colcon_core.package_identification:_identify(build) by extension 'ignore'
[0.270s] Level 1:colcon.colcon_core.package_identification:_identify(build) ignored
[0.271s] Level 1:colcon.colcon_core.package_identification:_identify(install) by extensions ['ignore', 'ignore_ament_install']
[0.271s] Level 1:colcon.colcon_core.package_identification:_identify(install) by extension 'ignore'
[0.271s] Level 1:colcon.colcon_core.package_identification:_identify(install) ignored
[0.271s] Level 1:colcon.colcon_core.package_identification:_identify(log) by extensions ['ignore', 'ignore_ament_install']
[0.271s] Level 1:colcon.colcon_core.package_identification:_identify(log) by extension 'ignore'
[0.271s] Level 1:colcon.colcon_core.package_identification:_identify(log) ignored
[0.271s] Level 1:colcon.colcon_core.package_identification:_identify(src) by extensions ['ignore', 'ignore_ament_install']
[0.271s] Level 1:colcon.colcon_core.package_identification:_identify(src) by extension 'ignore'
[0.271s] Level 1:colcon.colcon_core.package_identification:_identify(src) by extension 'ignore_ament_install'
[0.271s] Level 1:colcon.colcon_core.package_identification:_identify(src) by extensions ['colcon_pkg']
[0.271s] Level 1:colcon.colcon_core.package_identification:_identify(src) by extension 'colcon_pkg'
[0.271s] Level 1:colcon.colcon_core.package_identification:_identify(src) by extensions ['colcon_meta']
[0.271s] Level 1:colcon.colcon_core.package_identification:_identify(src) by extension 'colcon_meta'
[0.271s] Level 1:colcon.colcon_core.package_identification:_identify(src) by extensions ['ros']
[0.271s] Level 1:colcon.colcon_core.package_identification:_identify(src) by extension 'ros'
[0.271s] Level 1:colcon.colcon_core.package_identification:_identify(src) by extensions ['cmake', 'python']
[0.272s] Level 1:colcon.colcon_core.package_identification:_identify(src) by extension 'cmake'
[0.272s] Level 1:colcon.colcon_core.package_identification:_identify(src) by extension 'python'
[0.272s] Level 1:colcon.colcon_core.package_identification:_identify(src) by extensions ['python_setup_py']
[0.272s] Level 1:colcon.colcon_core.package_identification:_identify(src) by extension 'python_setup_py'
[0.272s] Level 1:colcon.colcon_core.package_identification:_identify(src/rf2o_laser_odometry) by extensions ['ignore', 'ignore_ament_install']
[0.272s] Level 1:colcon.colcon_core.package_identification:_identify(src/rf2o_laser_odometry) by extension 'ignore'
[0.272s] Level 1:colcon.colcon_core.package_identification:_identify(src/rf2o_laser_odometry) by extension 'ignore_ament_install'
[0.272s] Level 1:colcon.colcon_core.package_identification:_identify(src/rf2o_laser_odometry) by extensions ['colcon_pkg']
[0.272s] Level 1:colcon.colcon_core.package_identification:_identify(src/rf2o_laser_odometry) by extension 'colcon_pkg'
[0.272s] Level 1:colcon.colcon_core.package_identification:_identify(src/rf2o_laser_odometry) by extensions ['colcon_meta']
[0.272s] Level 1:colcon.colcon_core.package_identification:_identify(src/rf2o_laser_odometry) by extension 'colcon_meta'
[0.272s] Level 1:colcon.colcon_core.package_identification:_identify(src/rf2o_laser_odometry) by extensions ['ros']
[0.272s] Level 1:colcon.colcon_core.package_identification:_identify(src/rf2o_laser_odometry) by extension 'ros'
[0.274s] DEBUG:colcon.colcon_core.package_identification:Package 'src/rf2o_laser_odometry' with type 'ros.ament_cmake' and name 'rf2o_laser_odometry'
[0.275s] Level 1:colcon.colcon_core.package_identification:_identify(src/sllidar_ros2) by extensions ['ignore', 'ignore_ament_install']
[0.275s] Level 1:colcon.colcon_core.package_identification:_identify(src/sllidar_ros2) by extension 'ignore'
[0.275s] Level 1:colcon.colcon_core.package_identification:_identify(src/sllidar_ros2) by extension 'ignore_ament_install'
[0.275s] Level 1:colcon.colcon_core.package_identification:_identify(src/sllidar_ros2) by extensions ['colcon_pkg']
[0.275s] Level 1:colcon.colcon_core.package_identification:_identify(src/sllidar_ros2) by extension 'colcon_pkg'
[0.275s] Level 1:colcon.colcon_core.package_identification:_identify(src/sllidar_ros2) by extensions ['colcon_meta']
[0.275s] Level 1:colcon.colcon_core.package_identification:_identify(src/sllidar_ros2) by extension 'colcon_meta'
[0.275s] Level 1:colcon.colcon_core.package_identification:_identify(src/sllidar_ros2) by extensions ['ros']
[0.275s] Level 1:colcon.colcon_core.package_identification:_identify(src/sllidar_ros2) by extension 'ros'
[0.276s] DEBUG:colcon.colcon_core.package_identification:Package 'src/sllidar_ros2' with type 'ros.ament_cmake' and name 'sllidar_ros2'
[0.276s] Level 1:colcon.colcon_core.package_identification:_identify(src/trekking) by extensions ['ignore', 'ignore_ament_install']
[0.276s] Level 1:colcon.colcon_core.package_identification:_identify(src/trekking) by extension 'ignore'
[0.276s] Level 1:colcon.colcon_core.package_identification:_identify(src/trekking) by extension 'ignore_ament_install'
[0.276s] Level 1:colcon.colcon_core.package_identification:_identify(src/trekking) by extensions ['colcon_pkg']
[0.276s] Level 1:colcon.colcon_core.package_identification:_identify(src/trekking) by extension 'colcon_pkg'
[0.276s] Level 1:colcon.colcon_core.package_identification:_identify(src/trekking) by extensions ['colcon_meta']
[0.276s] Level 1:colcon.colcon_core.package_identification:_identify(src/trekking) by extension 'colcon_meta'
[0.276s] Level 1:colcon.colcon_core.package_identification:_identify(src/trekking) by extensions ['ros']
[0.276s] Level 1:colcon.colcon_core.package_identification:_identify(src/trekking) by extension 'ros'
[0.276s] DEBUG:colcon.colcon_core.package_identification:Package 'src/trekking' with type 'ros.ament_cmake' and name 'trekking'
[0.276s] Level 1:colcon.colcon_core.package_discovery:discover_packages(recursive) using defaults
[0.277s] Level 1:colcon.colcon_core.package_discovery:discover_packages(ignore) discover
[0.277s] Level 1:colcon.colcon_core.package_discovery:discover_packages(ignore) using defaults
[0.277s] Level 1:colcon.colcon_core.package_discovery:discover_packages(path) discover
[0.277s] Level 1:colcon.colcon_core.package_discovery:discover_packages(path) using defaults
[0.298s] INFO:colcon.colcon_core.package_selection:Skipping not selected package 'sllidar_ros2' in 'src/sllidar_ros2'
[0.298s] INFO:colcon.colcon_core.package_selection:Skipping not selected package 'trekking' in 'src/trekking'
[0.298s] Level 5:colcon.colcon_core.verb:set package 'rf2o_laser_odometry' build argument 'cmake_args' from command line to 'None'
[0.298s] Level 5:colcon.colcon_core.verb:set package 'rf2o_laser_odometry' build argument 'cmake_target' from command line to 'None'
[0.298s] Level 5:colcon.colcon_core.verb:set package 'rf2o_laser_odometry' build argument 'cmake_target_skip_unavailable' from command line to 'False'
[0.298s] Level 5:colcon.colcon_core.verb:set package 'rf2o_laser_odometry' build argument 'cmake_clean_cache' from command line to 'False'
[0.298s] Level 5:colcon.colcon_core.verb:set package 'rf2o_laser_odometry' build argument 'cmake_clean_first' from command line to 'False'
[0.298s] Level 5:colcon.colcon_core.verb:set package 'rf2o_laser_odometry' build argument 'cmake_force_configure' from command line to 'False'
[0.298s] Level 5:colcon.colcon_core.verb:set package 'rf2o_laser_odometry' build argument 'ament_cmake_args' from command line to 'None'
[0.298s] Level 5:colcon.colcon_core.verb:set package 'rf2o_laser_odometry' build argument 'catkin_cmake_args' from command line to 'None'
[0.298s] Level 5:colcon.colcon_core.verb:set package 'rf2o_laser_odometry' build argument 'catkin_skip_building_tests' from command line to 'False'
[0.298s] DEBUG:colcon.colcon_core.verb:Building package 'rf2o_laser_odometry' with the following arguments: {'ament_cmake_args': None, 'build_base': '/home/caldo/Projects/trekking_test_ws/build/rf2o_laser_odometry', 'catkin_cmake_args': None, 'catkin_skip_building_tests': False, 'cmake_args': None, 'cmake_clean_cache': False, 'cmake_clean_first': False, 'cmake_force_configure': False, 'cmake_target': None, 'cmake_target_skip_unavailable': False, 'install_base': '/home/caldo/Projects/trekking_test_ws/install/rf2o_laser_odometry', 'merge_install': False, 'path': '/home/caldo/Projects/trekking_test_ws/src/rf2o_laser_odometry', 'symlink_install': False, 'test_result_base': None}
[0.298s] INFO:colcon.colcon_core.executor:Executing jobs using 'parallel' executor
[0.299s] DEBUG:colcon.colcon_parallel_executor.executor.parallel:run_until_complete
[0.299s] INFO:colcon.colcon_ros.task.ament_cmake.build:Building ROS package in '/home/caldo/Projects/trekking_test_ws/src/rf2o_laser_odometry' with build type 'ament_cmake'
[0.299s] INFO:colcon.colcon_cmake.task.cmake.build:Building CMake package in '/home/caldo/Projects/trekking_test_ws/src/rf2o_laser_odometry'
[0.302s] INFO:colcon.colcon_core.plugin_system:Skipping extension 'colcon_core.shell.bat': Not used on non-Windows systems
[0.302s] INFO:colcon.colcon_core.shell:Skip shell extension 'powershell' for command environment: Not usable outside of PowerShell
[0.302s] DEBUG:colcon.colcon_core.shell:Skip shell extension 'dsv' for command environment
[0.317s] DEBUG:colcon.colcon_core.event_handler.log_command:Invoking command in '/home/caldo/Projects/trekking_test_ws/build/rf2o_laser_odometry': CMAKE_PREFIX_PATH=/home/caldo/Projects/uros_ws/install/micro_ros_setup:/home/caldo/Projects/uros_ws/install/micro_ros_agent:/home/caldo/Projects/uros_ws/install/micro_ros_msgs:/home/caldo/Projects/trekking_test_ws/install/trekking:/home/caldo/Projects/trekking_test_ws/install/sllidar_ros2:/opt/ros/jazzy:/home/caldo/Projects/trekking_test_ws/install/rplidar_ros:/home/caldo/Projects/trekking_test_ws/install/rf2o_laser_odometry:/home/caldo/Projects/trekking_test_ws/install/articubot_one:/opt/ros/jazzy/opt/gz_sim_vendor:/opt/ros/jazzy/opt/gz_sensors_vendor:/opt/ros/jazzy/opt/gz_physics_vendor:/opt/ros/jazzy/opt/sdformat_vendor:/opt/ros/jazzy/opt/gz_gui_vendor:/opt/ros/jazzy/opt/gz_transport_vendor:/opt/ros/jazzy/opt/gz_rendering_vendor:/opt/ros/jazzy/opt/gz_plugin_vendor:/opt/ros/jazzy/opt/gz_fuel_tools_vendor:/opt/ros/jazzy/opt/gz_msgs_vendor:/opt/ros/jazzy/opt/gz_common_vendor:/opt/ros/jazzy/opt/gz_math_vendor:/opt/ros/jazzy/opt/gz_utils_vendor:/opt/ros/jazzy/opt/gz_tools_vendor:/opt/ros/jazzy/opt/gz_ogre_next_vendor:/opt/ros/jazzy/opt/gz_dartsim_vendor:/opt/ros/jazzy/opt/gz_cmake_vendor PS1=\n\[\e[90;1m\][\[\e[0;34m\]\@\[\e[90;1m\]]-\[\e[90;1m\][\[\e[0;32m\]\u\[\e[0;33m\]@\[\e[0;32m\]\h\[\e[90;1m\]]-\[\e[90;1m\][\[\e[0;35m\]\w\[\e[90;1m\]]- \[[0;32m\]|articubot_clone U:97 ?:22 \[[0;31m\]✗\[[0;32m\]|\n\[\e[39m\]$ /usr/bin/cmake --build /home/caldo/Projects/trekking_test_ws/build/rf2o_laser_odometry -- -j8 -l8
[0.400s] DEBUG:colcon.colcon_core.event_handler.log_command:Invoked command in '/home/caldo/Projects/trekking_test_ws/build/rf2o_laser_odometry' returned '0': CMAKE_PREFIX_PATH=/home/caldo/Projects/uros_ws/install/micro_ros_setup:/home/caldo/Projects/uros_ws/install/micro_ros_agent:/home/caldo/Projects/uros_ws/install/micro_ros_msgs:/home/caldo/Projects/trekking_test_ws/install/trekking:/home/caldo/Projects/trekking_test_ws/install/sllidar_ros2:/opt/ros/jazzy:/home/caldo/Projects/trekking_test_ws/install/rplidar_ros:/home/caldo/Projects/trekking_test_ws/install/rf2o_laser_odometry:/home/caldo/Projects/trekking_test_ws/install/articubot_one:/opt/ros/jazzy/opt/gz_sim_vendor:/opt/ros/jazzy/opt/gz_sensors_vendor:/opt/ros/jazzy/opt/gz_physics_vendor:/opt/ros/jazzy/opt/sdformat_vendor:/opt/ros/jazzy/opt/gz_gui_vendor:/opt/ros/jazzy/opt/gz_transport_vendor:/opt/ros/jazzy/opt/gz_rendering_vendor:/opt/ros/jazzy/opt/gz_plugin_vendor:/opt/ros/jazzy/opt/gz_fuel_tools_vendor:/opt/ros/jazzy/opt/gz_msgs_vendor:/opt/ros/jazzy/opt/gz_common_vendor:/opt/ros/jazzy/opt/gz_math_vendor:/opt/ros/jazzy/opt/gz_utils_vendor:/opt/ros/jazzy/opt/gz_tools_vendor:/opt/ros/jazzy/opt/gz_ogre_next_vendor:/opt/ros/jazzy/opt/gz_dartsim_vendor:/opt/ros/jazzy/opt/gz_cmake_vendor PS1=\n\[\e[90;1m\][\[\e[0;34m\]\@\[\e[90;1m\]]-\[\e[90;1m\][\[\e[0;32m\]\u\[\e[0;33m\]@\[\e[0;32m\]\h\[\e[90;1m\]]-\[\e[90;1m\][\[\e[0;35m\]\w\[\e[90;1m\]]- \[[0;32m\]|articubot_clone U:97 ?:22 \[[0;31m\]✗\[[0;32m\]|\n\[\e[39m\]$ /usr/bin/cmake --build /home/caldo/Projects/trekking_test_ws/build/rf2o_laser_odometry -- -j8 -l8
[0.411s] DEBUG:colcon.colcon_core.event_handler.log_command:Invoking command in '/home/caldo/Projects/trekking_test_ws/build/rf2o_laser_odometry': CMAKE_PREFIX_PATH=/home/caldo/Projects/uros_ws/install/micro_ros_setup:/home/caldo/Projects/uros_ws/install/micro_ros_agent:/home/caldo/Projects/uros_ws/install/micro_ros_msgs:/home/caldo/Projects/trekking_test_ws/install/trekking:/home/caldo/Projects/trekking_test_ws/install/sllidar_ros2:/opt/ros/jazzy:/home/caldo/Projects/trekking_test_ws/install/rplidar_ros:/home/caldo/Projects/trekking_test_ws/install/rf2o_laser_odometry:/home/caldo/Projects/trekking_test_ws/install/articubot_one:/opt/ros/jazzy/opt/gz_sim_vendor:/opt/ros/jazzy/opt/gz_sensors_vendor:/opt/ros/jazzy/opt/gz_physics_vendor:/opt/ros/jazzy/opt/sdformat_vendor:/opt/ros/jazzy/opt/gz_gui_vendor:/opt/ros/jazzy/opt/gz_transport_vendor:/opt/ros/jazzy/opt/gz_rendering_vendor:/opt/ros/jazzy/opt/gz_plugin_vendor:/opt/ros/jazzy/opt/gz_fuel_tools_vendor:/opt/ros/jazzy/opt/gz_msgs_vendor:/opt/ros/jazzy/opt/gz_common_vendor:/opt/ros/jazzy/opt/gz_math_vendor:/opt/ros/jazzy/opt/gz_utils_vendor:/opt/ros/jazzy/opt/gz_tools_vendor:/opt/ros/jazzy/opt/gz_ogre_next_vendor:/opt/ros/jazzy/opt/gz_dartsim_vendor:/opt/ros/jazzy/opt/gz_cmake_vendor PS1=\n\[\e[90;1m\][\[\e[0;34m\]\@\[\e[90;1m\]]-\[\e[90;1m\][\[\e[0;32m\]\u\[\e[0;33m\]@\[\e[0;32m\]\h\[\e[90;1m\]]-\[\e[90;1m\][\[\e[0;35m\]\w\[\e[90;1m\]]- \[[0;32m\]|articubot_clone U:97 ?:22 \[[0;31m\]✗\[[0;32m\]|\n\[\e[39m\]$ /usr/bin/cmake --install /home/caldo/Projects/trekking_test_ws/build/rf2o_laser_odometry
[0.431s] Level 1:colcon.colcon_core.environment:create_environment_scripts_only(rf2o_laser_odometry)
[0.431s] DEBUG:colcon.colcon_core.event_handler.log_command:Invoked command in '/home/caldo/Projects/trekking_test_ws/build/rf2o_laser_odometry' returned '0': CMAKE_PREFIX_PATH=/home/caldo/Projects/uros_ws/install/micro_ros_setup:/home/caldo/Projects/uros_ws/install/micro_ros_agent:/home/caldo/Projects/uros_ws/install/micro_ros_msgs:/home/caldo/Projects/trekking_test_ws/install/trekking:/home/caldo/Projects/trekking_test_ws/install/sllidar_ros2:/opt/ros/jazzy:/home/caldo/Projects/trekking_test_ws/install/rplidar_ros:/home/caldo/Projects/trekking_test_ws/install/rf2o_laser_odometry:/home/caldo/Projects/trekking_test_ws/install/articubot_one:/opt/ros/jazzy/opt/gz_sim_vendor:/opt/ros/jazzy/opt/gz_sensors_vendor:/opt/ros/jazzy/opt/gz_physics_vendor:/opt/ros/jazzy/opt/sdformat_vendor:/opt/ros/jazzy/opt/gz_gui_vendor:/opt/ros/jazzy/opt/gz_transport_vendor:/opt/ros/jazzy/opt/gz_rendering_vendor:/opt/ros/jazzy/opt/gz_plugin_vendor:/opt/ros/jazzy/opt/gz_fuel_tools_vendor:/opt/ros/jazzy/opt/gz_msgs_vendor:/opt/ros/jazzy/opt/gz_common_vendor:/opt/ros/jazzy/opt/gz_math_vendor:/opt/ros/jazzy/opt/gz_utils_vendor:/opt/ros/jazzy/opt/gz_tools_vendor:/opt/ros/jazzy/opt/gz_ogre_next_vendor:/opt/ros/jazzy/opt/gz_dartsim_vendor:/opt/ros/jazzy/opt/gz_cmake_vendor PS1=\n\[\e[90;1m\][\[\e[0;34m\]\@\[\e[90;1m\]]-\[\e[90;1m\][\[\e[0;32m\]\u\[\e[0;33m\]@\[\e[0;32m\]\h\[\e[90;1m\]]-\[\e[90;1m\][\[\e[0;35m\]\w\[\e[90;1m\]]- \[[0;32m\]|articubot_clone U:97 ?:22 \[[0;31m\]✗\[[0;32m\]|\n\[\e[39m\]$ /usr/bin/cmake --install /home/caldo/Projects/trekking_test_ws/build/rf2o_laser_odometry
[0.433s] Level 1:colcon.colcon_core.environment:checking '/home/caldo/Projects/trekking_test_ws/install/rf2o_laser_odometry' for CMake module files
[0.434s] Level 1:colcon.colcon_core.environment:checking '/home/caldo/Projects/trekking_test_ws/install/rf2o_laser_odometry' for CMake config files
[0.434s] Level 1:colcon.colcon_core.shell:create_environment_hook('rf2o_laser_odometry', 'cmake_prefix_path')
[0.434s] INFO:colcon.colcon_core.shell:Creating environment hook '/home/caldo/Projects/trekking_test_ws/install/rf2o_laser_odometry/share/rf2o_laser_odometry/hook/cmake_prefix_path.ps1'
[0.435s] INFO:colcon.colcon_core.shell:Creating environment descriptor '/home/caldo/Projects/trekking_test_ws/install/rf2o_laser_odometry/share/rf2o_laser_odometry/hook/cmake_prefix_path.dsv'
[0.435s] INFO:colcon.colcon_core.shell:Creating environment hook '/home/caldo/Projects/trekking_test_ws/install/rf2o_laser_odometry/share/rf2o_laser_odometry/hook/cmake_prefix_path.sh'
[0.436s] Level 1:colcon.colcon_core.environment:checking '/home/caldo/Projects/trekking_test_ws/install/rf2o_laser_odometry/lib'
[0.436s] Level 1:colcon.colcon_core.environment:checking '/home/caldo/Projects/trekking_test_ws/install/rf2o_laser_odometry/bin'
[0.436s] Level 1:colcon.colcon_core.environment:checking '/home/caldo/Projects/trekking_test_ws/install/rf2o_laser_odometry/lib/pkgconfig/rf2o_laser_odometry.pc'
[0.438s] Level 1:colcon.colcon_core.environment:checking '/home/caldo/Projects/trekking_test_ws/install/rf2o_laser_odometry/lib/python3.12/site-packages'
[0.438s] Level 1:colcon.colcon_core.environment:checking '/home/caldo/Projects/trekking_test_ws/install/rf2o_laser_odometry/bin'
[0.438s] INFO:colcon.colcon_core.shell:Creating package script '/home/caldo/Projects/trekking_test_ws/install/rf2o_laser_odometry/share/rf2o_laser_odometry/package.ps1'
[0.439s] INFO:colcon.colcon_core.shell:Creating package descriptor '/home/caldo/Projects/trekking_test_ws/install/rf2o_laser_odometry/share/rf2o_laser_odometry/package.dsv'
[0.439s] INFO:colcon.colcon_core.shell:Creating package script '/home/caldo/Projects/trekking_test_ws/install/rf2o_laser_odometry/share/rf2o_laser_odometry/package.sh'
[0.440s] INFO:colcon.colcon_core.shell:Creating package script '/home/caldo/Projects/trekking_test_ws/install/rf2o_laser_odometry/share/rf2o_laser_odometry/package.bash'
[0.440s] INFO:colcon.colcon_core.shell:Creating package script '/home/caldo/Projects/trekking_test_ws/install/rf2o_laser_odometry/share/rf2o_laser_odometry/package.zsh'
[0.441s] Level 1:colcon.colcon_core.environment:create_file_with_runtime_dependencies(/home/caldo/Projects/trekking_test_ws/install/rf2o_laser_odometry/share/colcon-core/packages/rf2o_laser_odometry)
[0.441s] Level 1:colcon.colcon_core.environment:create_environment_scripts_only(rf2o_laser_odometry)
[0.441s] Level 1:colcon.colcon_core.environment:checking '/home/caldo/Projects/trekking_test_ws/install/rf2o_laser_odometry' for CMake module files
[0.442s] Level 1:colcon.colcon_core.environment:checking '/home/caldo/Projects/trekking_test_ws/install/rf2o_laser_odometry' for CMake config files
[0.442s] Level 1:colcon.colcon_core.shell:create_environment_hook('rf2o_laser_odometry', 'cmake_prefix_path')
[0.442s] INFO:colcon.colcon_core.shell:Creating environment hook '/home/caldo/Projects/trekking_test_ws/install/rf2o_laser_odometry/share/rf2o_laser_odometry/hook/cmake_prefix_path.ps1'
[0.442s] INFO:colcon.colcon_core.shell:Creating environment descriptor '/home/caldo/Projects/trekking_test_ws/install/rf2o_laser_odometry/share/rf2o_laser_odometry/hook/cmake_prefix_path.dsv'
[0.443s] INFO:colcon.colcon_core.shell:Creating environment hook '/home/caldo/Projects/trekking_test_ws/install/rf2o_laser_odometry/share/rf2o_laser_odometry/hook/cmake_prefix_path.sh'
[0.443s] Level 1:colcon.colcon_core.environment:checking '/home/caldo/Projects/trekking_test_ws/install/rf2o_laser_odometry/lib'
[0.443s] Level 1:colcon.colcon_core.environment:checking '/home/caldo/Projects/trekking_test_ws/install/rf2o_laser_odometry/bin'
[0.443s] Level 1:colcon.colcon_core.environment:checking '/home/caldo/Projects/trekking_test_ws/install/rf2o_laser_odometry/lib/pkgconfig/rf2o_laser_odometry.pc'
[0.444s] Level 1:colcon.colcon_core.environment:checking '/home/caldo/Projects/trekking_test_ws/install/rf2o_laser_odometry/lib/python3.12/site-packages'
[0.444s] Level 1:colcon.colcon_core.environment:checking '/home/caldo/Projects/trekking_test_ws/install/rf2o_laser_odometry/bin'
[0.444s] INFO:colcon.colcon_core.shell:Creating package script '/home/caldo/Projects/trekking_test_ws/install/rf2o_laser_odometry/share/rf2o_laser_odometry/package.ps1'
[0.444s] INFO:colcon.colcon_core.shell:Creating package descriptor '/home/caldo/Projects/trekking_test_ws/install/rf2o_laser_odometry/share/rf2o_laser_odometry/package.dsv'
[0.445s] INFO:colcon.colcon_core.shell:Creating package script '/home/caldo/Projects/trekking_test_ws/install/rf2o_laser_odometry/share/rf2o_laser_odometry/package.sh'
[0.445s] INFO:colcon.colcon_core.shell:Creating package script '/home/caldo/Projects/trekking_test_ws/install/rf2o_laser_odometry/share/rf2o_laser_odometry/package.bash'
[0.446s] INFO:colcon.colcon_core.shell:Creating package script '/home/caldo/Projects/trekking_test_ws/install/rf2o_laser_odometry/share/rf2o_laser_odometry/package.zsh'
[0.446s] Level 1:colcon.colcon_core.environment:create_file_with_runtime_dependencies(/home/caldo/Projects/trekking_test_ws/install/rf2o_laser_odometry/share/colcon-core/packages/rf2o_laser_odometry)
[0.446s] DEBUG:colcon.colcon_parallel_executor.executor.parallel:closing loop
[0.446s] DEBUG:colcon.colcon_parallel_executor.executor.parallel:loop closed
[0.446s] DEBUG:colcon.colcon_parallel_executor.executor.parallel:run_until_complete finished with '0'
[0.446s] DEBUG:colcon.colcon_core.event_reactor:joining thread
[0.450s] INFO:colcon.colcon_core.plugin_system:Skipping extension 'colcon_notification.desktop_notification.notify2': 'notify2' not found
[0.450s] INFO:colcon.colcon_core.plugin_system:Skipping extension 'colcon_notification.desktop_notification.notify_send': Could not find 'notify-send'
[0.450s] INFO:colcon.colcon_core.plugin_system:Skipping extension 'colcon_notification.desktop_notification.terminal_notifier': Not used on non-Darwin systems
[0.450s] INFO:colcon.colcon_core.plugin_system:Skipping extension 'colcon_notification.desktop_notification.win32': Not used on non-Windows systems
[0.450s] DEBUG:colcon.colcon_core.event_reactor:joined thread
[0.450s] INFO:colcon.colcon_core.shell:Creating prefix script '/home/caldo/Projects/trekking_test_ws/install/local_setup.ps1'
[0.451s] INFO:colcon.colcon_core.shell:Creating prefix util module '/home/caldo/Projects/trekking_test_ws/install/_local_setup_util_ps1.py'
[0.452s] INFO:colcon.colcon_core.shell:Creating prefix chain script '/home/caldo/Projects/trekking_test_ws/install/setup.ps1'
[0.454s] INFO:colcon.colcon_core.shell:Creating prefix script '/home/caldo/Projects/trekking_test_ws/install/local_setup.sh'
[0.455s] INFO:colcon.colcon_core.shell:Creating prefix util module '/home/caldo/Projects/trekking_test_ws/install/_local_setup_util_sh.py'
[0.455s] INFO:colcon.colcon_core.shell:Creating prefix chain script '/home/caldo/Projects/trekking_test_ws/install/setup.sh'
[0.456s] INFO:colcon.colcon_core.shell:Creating prefix script '/home/caldo/Projects/trekking_test_ws/install/local_setup.bash'
[0.457s] INFO:colcon.colcon_core.shell:Creating prefix chain script '/home/caldo/Projects/trekking_test_ws/install/setup.bash'
[0.458s] INFO:colcon.colcon_core.shell:Creating prefix script '/home/caldo/Projects/trekking_test_ws/install/local_setup.zsh'
[0.459s] INFO:colcon.colcon_core.shell:Creating prefix chain script '/home/caldo/Projects/trekking_test_ws/install/setup.zsh'
