[0.095s] DEBUG:colcon:Command line arguments: ['/usr/bin/colcon', 'build', '--symlink-install']
[0.095s] DEBUG:colcon:Parsed command line arguments: Namespace(log_base=None, log_level=None, verb_name='build', build_base='build', install_base='install', merge_install=False, symlink_install=True, test_result_base=None, continue_on_error=False, executor='parallel', parallel_workers=8, event_handlers=None, ignore_user_meta=False, metas=['./colcon.meta'], base_paths=['.'], packages_ignore=None, packages_ignore_regex=None, paths=None, packages_up_to=None, packages_up_to_regex=None, packages_above=None, packages_above_and_dependencies=None, packages_above_depth=None, packages_select_by_dep=None, packages_skip_by_dep=None, packages_skip_up_to=None, packages_select_build_failed=False, packages_skip_build_finished=False, packages_select_test_failures=False, packages_skip_test_passed=False, packages_select=None, packages_skip=None, packages_select_regex=None, packages_skip_regex=None, packages_start=None, packages_end=None, allow_overriding=[], cmake_args=None, cmake_target=None, cmake_target_skip_unavailable=False, cmake_clean_cache=False, cmake_clean_first=False, cmake_force_configure=False, ament_cmake_args=None, catkin_cmake_args=None, catkin_skip_building_tests=False, mixin_files=None, mixin=None, verb_parser=<colcon_mixin.mixin.mixin_argument.MixinArgumentDecorator object at 0x77b1abb501d0>, verb_extension=<colcon_core.verb.build.BuildVerb object at 0x77b1abcd4a40>, main=<bound method BuildVerb.main of <colcon_core.verb.build.BuildVerb object at 0x77b1abcd4a40>>, mixin_verb=('build',))
[0.126s] Level 1:colcon.colcon_core.package_discovery:discover_packages(colcon_meta) check parameters
[0.126s] Level 1:colcon.colcon_core.package_discovery:discover_packages(recursive) check parameters
[0.127s] Level 1:colcon.colcon_core.package_discovery:discover_packages(ignore) check parameters
[0.127s] Level 1:colcon.colcon_core.package_discovery:discover_packages(path) check parameters
[0.127s] Level 1:colcon.colcon_core.package_discovery:discover_packages(colcon_meta) discover
[0.127s] Level 1:colcon.colcon_core.package_discovery:discover_packages(recursive) discover
[0.127s] INFO:colcon.colcon_core.package_discovery:Crawling recursively for packages in '/home/caldo/Projects/TREKKING_ROS2_WS'
[0.127s] Level 1:colcon.colcon_core.package_identification:_identify(.) by extensions ['ignore', 'ignore_ament_install']
[0.127s] Level 1:colcon.colcon_core.package_identification:_identify(.) by extension 'ignore'
[0.127s] Level 1:colcon.colcon_core.package_identification:_identify(.) by extension 'ignore_ament_install'
[0.127s] Level 1:colcon.colcon_core.package_identification:_identify(.) by extensions ['colcon_pkg']
[0.127s] Level 1:colcon.colcon_core.package_identification:_identify(.) by extension 'colcon_pkg'
[0.127s] Level 1:colcon.colcon_core.package_identification:_identify(.) by extensions ['colcon_meta']
[0.127s] Level 1:colcon.colcon_core.package_identification:_identify(.) by extension 'colcon_meta'
[0.127s] Level 1:colcon.colcon_core.package_identification:_identify(.) by extensions ['ros']
[0.127s] Level 1:colcon.colcon_core.package_identification:_identify(.) by extension 'ros'
[0.149s] Level 1:colcon.colcon_core.package_identification:_identify(.) by extensions ['cmake', 'python']
[0.149s] Level 1:colcon.colcon_core.package_identification:_identify(.) by extension 'cmake'
[0.149s] Level 1:colcon.colcon_core.package_identification:_identify(.) by extension 'python'
[0.149s] Level 1:colcon.colcon_core.package_identification:_identify(.) by extensions ['python_setup_py']
[0.149s] Level 1:colcon.colcon_core.package_identification:_identify(.) by extension 'python_setup_py'
[0.149s] Level 1:colcon.colcon_core.package_identification:_identify(build) by extensions ['ignore', 'ignore_ament_install']
[0.149s] Level 1:colcon.colcon_core.package_identification:_identify(build) by extension 'ignore'
[0.149s] Level 1:colcon.colcon_core.package_identification:_identify(build) ignored
[0.149s] Level 1:colcon.colcon_core.package_identification:_identify(install) by extensions ['ignore', 'ignore_ament_install']
[0.149s] Level 1:colcon.colcon_core.package_identification:_identify(install) by extension 'ignore'
[0.149s] Level 1:colcon.colcon_core.package_identification:_identify(install) ignored
[0.149s] Level 1:colcon.colcon_core.package_identification:_identify(log) by extensions ['ignore', 'ignore_ament_install']
[0.149s] Level 1:colcon.colcon_core.package_identification:_identify(log) by extension 'ignore'
[0.149s] Level 1:colcon.colcon_core.package_identification:_identify(log) ignored
[0.149s] Level 1:colcon.colcon_core.package_identification:_identify(src) by extensions ['ignore', 'ignore_ament_install']
[0.150s] Level 1:colcon.colcon_core.package_identification:_identify(src) by extension 'ignore'
[0.150s] Level 1:colcon.colcon_core.package_identification:_identify(src) by extension 'ignore_ament_install'
[0.150s] Level 1:colcon.colcon_core.package_identification:_identify(src) by extensions ['colcon_pkg']
[0.150s] Level 1:colcon.colcon_core.package_identification:_identify(src) by extension 'colcon_pkg'
[0.150s] Level 1:colcon.colcon_core.package_identification:_identify(src) by extensions ['colcon_meta']
[0.150s] Level 1:colcon.colcon_core.package_identification:_identify(src) by extension 'colcon_meta'
[0.150s] Level 1:colcon.colcon_core.package_identification:_identify(src) by extensions ['ros']
[0.150s] Level 1:colcon.colcon_core.package_identification:_identify(src) by extension 'ros'
[0.150s] Level 1:colcon.colcon_core.package_identification:_identify(src) by extensions ['cmake', 'python']
[0.150s] Level 1:colcon.colcon_core.package_identification:_identify(src) by extension 'cmake'
[0.150s] Level 1:colcon.colcon_core.package_identification:_identify(src) by extension 'python'
[0.150s] Level 1:colcon.colcon_core.package_identification:_identify(src) by extensions ['python_setup_py']
[0.150s] Level 1:colcon.colcon_core.package_identification:_identify(src) by extension 'python_setup_py'
[0.150s] Level 1:colcon.colcon_core.package_identification:_identify(src/rf2o_laser_odometry) by extensions ['ignore', 'ignore_ament_install']
[0.150s] Level 1:colcon.colcon_core.package_identification:_identify(src/rf2o_laser_odometry) by extension 'ignore'
[0.150s] Level 1:colcon.colcon_core.package_identification:_identify(src/rf2o_laser_odometry) by extension 'ignore_ament_install'
[0.150s] Level 1:colcon.colcon_core.package_identification:_identify(src/rf2o_laser_odometry) by extensions ['colcon_pkg']
[0.150s] Level 1:colcon.colcon_core.package_identification:_identify(src/rf2o_laser_odometry) by extension 'colcon_pkg'
[0.150s] Level 1:colcon.colcon_core.package_identification:_identify(src/rf2o_laser_odometry) by extensions ['colcon_meta']
[0.150s] Level 1:colcon.colcon_core.package_identification:_identify(src/rf2o_laser_odometry) by extension 'colcon_meta'
[0.150s] Level 1:colcon.colcon_core.package_identification:_identify(src/rf2o_laser_odometry) by extensions ['ros']
[0.150s] Level 1:colcon.colcon_core.package_identification:_identify(src/rf2o_laser_odometry) by extension 'ros'
[0.153s] DEBUG:colcon.colcon_core.package_identification:Package 'src/rf2o_laser_odometry' with type 'ros.ament_cmake' and name 'rf2o_laser_odometry'
[0.153s] Level 1:colcon.colcon_core.package_identification:_identify(src/sllidar_ros2) by extensions ['ignore', 'ignore_ament_install']
[0.153s] Level 1:colcon.colcon_core.package_identification:_identify(src/sllidar_ros2) by extension 'ignore'
[0.153s] Level 1:colcon.colcon_core.package_identification:_identify(src/sllidar_ros2) by extension 'ignore_ament_install'
[0.153s] Level 1:colcon.colcon_core.package_identification:_identify(src/sllidar_ros2) by extensions ['colcon_pkg']
[0.153s] Level 1:colcon.colcon_core.package_identification:_identify(src/sllidar_ros2) by extension 'colcon_pkg'
[0.153s] Level 1:colcon.colcon_core.package_identification:_identify(src/sllidar_ros2) by extensions ['colcon_meta']
[0.153s] Level 1:colcon.colcon_core.package_identification:_identify(src/sllidar_ros2) by extension 'colcon_meta'
[0.153s] Level 1:colcon.colcon_core.package_identification:_identify(src/sllidar_ros2) by extensions ['ros']
[0.153s] Level 1:colcon.colcon_core.package_identification:_identify(src/sllidar_ros2) by extension 'ros'
[0.153s] DEBUG:colcon.colcon_core.package_identification:Package 'src/sllidar_ros2' with type 'ros.ament_cmake' and name 'sllidar_ros2'
[0.154s] Level 1:colcon.colcon_core.package_identification:_identify(src/trekking) by extensions ['ignore', 'ignore_ament_install']
[0.154s] Level 1:colcon.colcon_core.package_identification:_identify(src/trekking) by extension 'ignore'
[0.154s] Level 1:colcon.colcon_core.package_identification:_identify(src/trekking) by extension 'ignore_ament_install'
[0.154s] Level 1:colcon.colcon_core.package_identification:_identify(src/trekking) by extensions ['colcon_pkg']
[0.154s] Level 1:colcon.colcon_core.package_identification:_identify(src/trekking) by extension 'colcon_pkg'
[0.154s] Level 1:colcon.colcon_core.package_identification:_identify(src/trekking) by extensions ['colcon_meta']
[0.154s] Level 1:colcon.colcon_core.package_identification:_identify(src/trekking) by extension 'colcon_meta'
[0.154s] Level 1:colcon.colcon_core.package_identification:_identify(src/trekking) by extensions ['ros']
[0.154s] Level 1:colcon.colcon_core.package_identification:_identify(src/trekking) by extension 'ros'
[0.154s] DEBUG:colcon.colcon_core.package_identification:Package 'src/trekking' with type 'ros.ament_cmake' and name 'trekking'
[0.154s] Level 1:colcon.colcon_core.package_discovery:discover_packages(recursive) using defaults
[0.154s] Level 1:colcon.colcon_core.package_discovery:discover_packages(ignore) discover
[0.154s] Level 1:colcon.colcon_core.package_discovery:discover_packages(ignore) using defaults
[0.154s] Level 1:colcon.colcon_core.package_discovery:discover_packages(path) discover
[0.154s] Level 1:colcon.colcon_core.package_discovery:discover_packages(path) using defaults
[0.169s] Level 1:colcon.colcon_core.package_discovery:discover_packages(prefix_path) check parameters
[0.169s] Level 1:colcon.colcon_core.package_discovery:discover_packages(prefix_path) discover
[0.171s] DEBUG:colcon.colcon_installed_package_information.package_discovery:Found 378 installed packages in /opt/ros/jazzy
[0.173s] Level 1:colcon.colcon_core.package_discovery:discover_packages(prefix_path) using defaults
[0.220s] Level 5:colcon.colcon_core.verb:set package 'rf2o_laser_odometry' build argument 'cmake_args' from command line to 'None'
[0.220s] Level 5:colcon.colcon_core.verb:set package 'rf2o_laser_odometry' build argument 'cmake_target' from command line to 'None'
[0.220s] Level 5:colcon.colcon_core.verb:set package 'rf2o_laser_odometry' build argument 'cmake_target_skip_unavailable' from command line to 'False'
[0.220s] Level 5:colcon.colcon_core.verb:set package 'rf2o_laser_odometry' build argument 'cmake_clean_cache' from command line to 'False'
[0.220s] Level 5:colcon.colcon_core.verb:set package 'rf2o_laser_odometry' build argument 'cmake_clean_first' from command line to 'False'
[0.220s] Level 5:colcon.colcon_core.verb:set package 'rf2o_laser_odometry' build argument 'cmake_force_configure' from command line to 'False'
[0.220s] Level 5:colcon.colcon_core.verb:set package 'rf2o_laser_odometry' build argument 'ament_cmake_args' from command line to 'None'
[0.220s] Level 5:colcon.colcon_core.verb:set package 'rf2o_laser_odometry' build argument 'catkin_cmake_args' from command line to 'None'
[0.220s] Level 5:colcon.colcon_core.verb:set package 'rf2o_laser_odometry' build argument 'catkin_skip_building_tests' from command line to 'False'
[0.220s] DEBUG:colcon.colcon_core.verb:Building package 'rf2o_laser_odometry' with the following arguments: {'ament_cmake_args': None, 'build_base': '/home/caldo/Projects/TREKKING_ROS2_WS/build/rf2o_laser_odometry', 'catkin_cmake_args': None, 'catkin_skip_building_tests': False, 'cmake_args': None, 'cmake_clean_cache': False, 'cmake_clean_first': False, 'cmake_force_configure': False, 'cmake_target': None, 'cmake_target_skip_unavailable': False, 'install_base': '/home/caldo/Projects/TREKKING_ROS2_WS/install/rf2o_laser_odometry', 'merge_install': False, 'path': '/home/caldo/Projects/TREKKING_ROS2_WS/src/rf2o_laser_odometry', 'symlink_install': True, 'test_result_base': None}
[0.220s] Level 5:colcon.colcon_core.verb:set package 'sllidar_ros2' build argument 'cmake_args' from command line to 'None'
[0.220s] Level 5:colcon.colcon_core.verb:set package 'sllidar_ros2' build argument 'cmake_target' from command line to 'None'
[0.220s] Level 5:colcon.colcon_core.verb:set package 'sllidar_ros2' build argument 'cmake_target_skip_unavailable' from command line to 'False'
[0.220s] Level 5:colcon.colcon_core.verb:set package 'sllidar_ros2' build argument 'cmake_clean_cache' from command line to 'False'
[0.220s] Level 5:colcon.colcon_core.verb:set package 'sllidar_ros2' build argument 'cmake_clean_first' from command line to 'False'
[0.220s] Level 5:colcon.colcon_core.verb:set package 'sllidar_ros2' build argument 'cmake_force_configure' from command line to 'False'
[0.220s] Level 5:colcon.colcon_core.verb:set package 'sllidar_ros2' build argument 'ament_cmake_args' from command line to 'None'
[0.220s] Level 5:colcon.colcon_core.verb:set package 'sllidar_ros2' build argument 'catkin_cmake_args' from command line to 'None'
[0.220s] Level 5:colcon.colcon_core.verb:set package 'sllidar_ros2' build argument 'catkin_skip_building_tests' from command line to 'False'
[0.220s] DEBUG:colcon.colcon_core.verb:Building package 'sllidar_ros2' with the following arguments: {'ament_cmake_args': None, 'build_base': '/home/caldo/Projects/TREKKING_ROS2_WS/build/sllidar_ros2', 'catkin_cmake_args': None, 'catkin_skip_building_tests': False, 'cmake_args': None, 'cmake_clean_cache': False, 'cmake_clean_first': False, 'cmake_force_configure': False, 'cmake_target': None, 'cmake_target_skip_unavailable': False, 'install_base': '/home/caldo/Projects/TREKKING_ROS2_WS/install/sllidar_ros2', 'merge_install': False, 'path': '/home/caldo/Projects/TREKKING_ROS2_WS/src/sllidar_ros2', 'symlink_install': True, 'test_result_base': None}
[0.220s] Level 5:colcon.colcon_core.verb:set package 'trekking' build argument 'cmake_args' from command line to 'None'
[0.220s] Level 5:colcon.colcon_core.verb:set package 'trekking' build argument 'cmake_target' from command line to 'None'
[0.220s] Level 5:colcon.colcon_core.verb:set package 'trekking' build argument 'cmake_target_skip_unavailable' from command line to 'False'
[0.221s] Level 5:colcon.colcon_core.verb:set package 'trekking' build argument 'cmake_clean_cache' from command line to 'False'
[0.221s] Level 5:colcon.colcon_core.verb:set package 'trekking' build argument 'cmake_clean_first' from command line to 'False'
[0.221s] Level 5:colcon.colcon_core.verb:set package 'trekking' build argument 'cmake_force_configure' from command line to 'False'
[0.221s] Level 5:colcon.colcon_core.verb:set package 'trekking' build argument 'ament_cmake_args' from command line to 'None'
[0.221s] Level 5:colcon.colcon_core.verb:set package 'trekking' build argument 'catkin_cmake_args' from command line to 'None'
[0.221s] Level 5:colcon.colcon_core.verb:set package 'trekking' build argument 'catkin_skip_building_tests' from command line to 'False'
[0.221s] DEBUG:colcon.colcon_core.verb:Building package 'trekking' with the following arguments: {'ament_cmake_args': None, 'build_base': '/home/caldo/Projects/TREKKING_ROS2_WS/build/trekking', 'catkin_cmake_args': None, 'catkin_skip_building_tests': False, 'cmake_args': None, 'cmake_clean_cache': False, 'cmake_clean_first': False, 'cmake_force_configure': False, 'cmake_target': None, 'cmake_target_skip_unavailable': False, 'install_base': '/home/caldo/Projects/TREKKING_ROS2_WS/install/trekking', 'merge_install': False, 'path': '/home/caldo/Projects/TREKKING_ROS2_WS/src/trekking', 'symlink_install': True, 'test_result_base': None}
[0.221s] INFO:colcon.colcon_core.executor:Executing jobs using 'parallel' executor
[0.221s] DEBUG:colcon.colcon_parallel_executor.executor.parallel:run_until_complete
[0.222s] INFO:colcon.colcon_ros.task.ament_cmake.build:Building ROS package in '/home/caldo/Projects/TREKKING_ROS2_WS/src/rf2o_laser_odometry' with build type 'ament_cmake'
[0.222s] INFO:colcon.colcon_cmake.task.cmake.build:Building CMake package in '/home/caldo/Projects/TREKKING_ROS2_WS/src/rf2o_laser_odometry'
[0.223s] INFO:colcon.colcon_core.plugin_system:Skipping extension 'colcon_core.shell.bat': Not used on non-Windows systems
[0.224s] INFO:colcon.colcon_core.shell:Skip shell extension 'powershell' for command environment: Not usable outside of PowerShell
[0.224s] DEBUG:colcon.colcon_core.shell:Skip shell extension 'dsv' for command environment
[0.227s] INFO:colcon.colcon_ros.task.ament_cmake.build:Building ROS package in '/home/caldo/Projects/TREKKING_ROS2_WS/src/sllidar_ros2' with build type 'ament_cmake'
[0.227s] INFO:colcon.colcon_cmake.task.cmake.build:Building CMake package in '/home/caldo/Projects/TREKKING_ROS2_WS/src/sllidar_ros2'
[0.227s] INFO:colcon.colcon_core.shell:Skip shell extension 'powershell' for command environment: Not usable outside of PowerShell
[0.227s] DEBUG:colcon.colcon_core.shell:Skip shell extension 'dsv' for command environment
[0.229s] INFO:colcon.colcon_ros.task.ament_cmake.build:Building ROS package in '/home/caldo/Projects/TREKKING_ROS2_WS/src/trekking' with build type 'ament_cmake'
[0.230s] INFO:colcon.colcon_cmake.task.cmake.build:Building CMake package in '/home/caldo/Projects/TREKKING_ROS2_WS/src/trekking'
[0.230s] INFO:colcon.colcon_core.shell:Skip shell extension 'powershell' for command environment: Not usable outside of PowerShell
[0.230s] DEBUG:colcon.colcon_core.shell:Skip shell extension 'dsv' for command environment
[0.236s] DEBUG:colcon.colcon_core.event_handler.log_command:Invoking command in '/home/caldo/Projects/TREKKING_ROS2_WS/build/rf2o_laser_odometry': CMAKE_PREFIX_PATH=${CMAKE_PREFIX_PATH}:/opt/ros/jazzy DEBUGINFOD_URLS=https://debuginfod.ubuntu.com /usr/bin/cmake --build /home/caldo/Projects/TREKKING_ROS2_WS/build/rf2o_laser_odometry -- -j8 -l8
[0.239s] DEBUG:colcon.colcon_core.event_handler.log_command:Invoking command in '/home/caldo/Projects/TREKKING_ROS2_WS/build/sllidar_ros2': CMAKE_PREFIX_PATH=${CMAKE_PREFIX_PATH}:/opt/ros/jazzy DEBUGINFOD_URLS=https://debuginfod.ubuntu.com /usr/bin/cmake --build /home/caldo/Projects/TREKKING_ROS2_WS/build/sllidar_ros2 -- -j8 -l8
[0.241s] DEBUG:colcon.colcon_core.event_handler.log_command:Invoking command in '/home/caldo/Projects/TREKKING_ROS2_WS/build/trekking': CMAKE_PREFIX_PATH=${CMAKE_PREFIX_PATH}:/opt/ros/jazzy DEBUGINFOD_URLS=https://debuginfod.ubuntu.com /usr/bin/cmake --build /home/caldo/Projects/TREKKING_ROS2_WS/build/trekking -- -j8 -l8
[0.277s] DEBUG:colcon.colcon_core.event_handler.log_command:Invoked command in '/home/caldo/Projects/TREKKING_ROS2_WS/build/trekking' returned '0': CMAKE_PREFIX_PATH=${CMAKE_PREFIX_PATH}:/opt/ros/jazzy DEBUGINFOD_URLS=https://debuginfod.ubuntu.com /usr/bin/cmake --build /home/caldo/Projects/TREKKING_ROS2_WS/build/trekking -- -j8 -l8
[0.286s] DEBUG:colcon.colcon_core.event_handler.log_command:Invoking command in '/home/caldo/Projects/TREKKING_ROS2_WS/build/trekking': CMAKE_PREFIX_PATH=${CMAKE_PREFIX_PATH}:/opt/ros/jazzy DEBUGINFOD_URLS=https://debuginfod.ubuntu.com /usr/bin/cmake --install /home/caldo/Projects/TREKKING_ROS2_WS/build/trekking
[0.301s] Level 1:colcon.colcon_core.environment:create_environment_scripts_only(trekking)
[0.301s] DEBUG:colcon.colcon_core.event_handler.log_command:Invoked command in '/home/caldo/Projects/TREKKING_ROS2_WS/build/trekking' returned '0': CMAKE_PREFIX_PATH=${CMAKE_PREFIX_PATH}:/opt/ros/jazzy DEBUGINFOD_URLS=https://debuginfod.ubuntu.com /usr/bin/cmake --install /home/caldo/Projects/TREKKING_ROS2_WS/build/trekking
[0.303s] Level 1:colcon.colcon_core.environment:checking '/home/caldo/Projects/TREKKING_ROS2_WS/install/trekking' for CMake module files
[0.304s] Level 1:colcon.colcon_core.environment:checking '/home/caldo/Projects/TREKKING_ROS2_WS/install/trekking' for CMake config files
[0.304s] Level 1:colcon.colcon_core.shell:create_environment_hook('trekking', 'cmake_prefix_path')
[0.304s] INFO:colcon.colcon_core.shell:Creating environment hook '/home/caldo/Projects/TREKKING_ROS2_WS/install/trekking/share/trekking/hook/cmake_prefix_path.ps1'
[0.305s] INFO:colcon.colcon_core.shell:Creating environment descriptor '/home/caldo/Projects/TREKKING_ROS2_WS/install/trekking/share/trekking/hook/cmake_prefix_path.dsv'
[0.305s] INFO:colcon.colcon_core.shell:Creating environment hook '/home/caldo/Projects/TREKKING_ROS2_WS/install/trekking/share/trekking/hook/cmake_prefix_path.sh'
[0.306s] Level 1:colcon.colcon_core.environment:checking '/home/caldo/Projects/TREKKING_ROS2_WS/install/trekking/bin'
[0.306s] Level 1:colcon.colcon_core.environment:checking '/home/caldo/Projects/TREKKING_ROS2_WS/install/trekking/lib/pkgconfig/trekking.pc'
[0.306s] Level 1:colcon.colcon_core.environment:checking '/home/caldo/Projects/TREKKING_ROS2_WS/install/trekking/lib/python3.12/site-packages'
[0.306s] Level 1:colcon.colcon_core.environment:checking '/home/caldo/Projects/TREKKING_ROS2_WS/install/trekking/bin'
[0.306s] INFO:colcon.colcon_core.shell:Creating package script '/home/caldo/Projects/TREKKING_ROS2_WS/install/trekking/share/trekking/package.ps1'
[0.307s] INFO:colcon.colcon_core.shell:Creating package descriptor '/home/caldo/Projects/TREKKING_ROS2_WS/install/trekking/share/trekking/package.dsv'
[0.307s] INFO:colcon.colcon_core.shell:Creating package script '/home/caldo/Projects/TREKKING_ROS2_WS/install/trekking/share/trekking/package.sh'
[0.308s] INFO:colcon.colcon_core.shell:Creating package script '/home/caldo/Projects/TREKKING_ROS2_WS/install/trekking/share/trekking/package.bash'
[0.308s] INFO:colcon.colcon_core.shell:Creating package script '/home/caldo/Projects/TREKKING_ROS2_WS/install/trekking/share/trekking/package.zsh'
[0.308s] Level 1:colcon.colcon_core.environment:create_file_with_runtime_dependencies(/home/caldo/Projects/TREKKING_ROS2_WS/install/trekking/share/colcon-core/packages/trekking)
[0.309s] Level 1:colcon.colcon_core.environment:create_environment_scripts_only(trekking)
[0.309s] Level 1:colcon.colcon_core.environment:checking '/home/caldo/Projects/TREKKING_ROS2_WS/install/trekking' for CMake module files
[0.309s] Level 1:colcon.colcon_core.environment:checking '/home/caldo/Projects/TREKKING_ROS2_WS/install/trekking' for CMake config files
[0.310s] Level 1:colcon.colcon_core.shell:create_environment_hook('trekking', 'cmake_prefix_path')
[0.310s] INFO:colcon.colcon_core.shell:Creating environment hook '/home/caldo/Projects/TREKKING_ROS2_WS/install/trekking/share/trekking/hook/cmake_prefix_path.ps1'
[0.310s] INFO:colcon.colcon_core.shell:Creating environment descriptor '/home/caldo/Projects/TREKKING_ROS2_WS/install/trekking/share/trekking/hook/cmake_prefix_path.dsv'
[0.310s] INFO:colcon.colcon_core.shell:Creating environment hook '/home/caldo/Projects/TREKKING_ROS2_WS/install/trekking/share/trekking/hook/cmake_prefix_path.sh'
[0.311s] Level 1:colcon.colcon_core.environment:checking '/home/caldo/Projects/TREKKING_ROS2_WS/install/trekking/bin'
[0.311s] Level 1:colcon.colcon_core.environment:checking '/home/caldo/Projects/TREKKING_ROS2_WS/install/trekking/lib/pkgconfig/trekking.pc'
[0.311s] Level 1:colcon.colcon_core.environment:checking '/home/caldo/Projects/TREKKING_ROS2_WS/install/trekking/lib/python3.12/site-packages'
[0.311s] Level 1:colcon.colcon_core.environment:checking '/home/caldo/Projects/TREKKING_ROS2_WS/install/trekking/bin'
[0.311s] INFO:colcon.colcon_core.shell:Creating package script '/home/caldo/Projects/TREKKING_ROS2_WS/install/trekking/share/trekking/package.ps1'
[0.312s] INFO:colcon.colcon_core.shell:Creating package descriptor '/home/caldo/Projects/TREKKING_ROS2_WS/install/trekking/share/trekking/package.dsv'
[0.312s] INFO:colcon.colcon_core.shell:Creating package script '/home/caldo/Projects/TREKKING_ROS2_WS/install/trekking/share/trekking/package.sh'
[0.312s] INFO:colcon.colcon_core.shell:Creating package script '/home/caldo/Projects/TREKKING_ROS2_WS/install/trekking/share/trekking/package.bash'
[0.313s] INFO:colcon.colcon_core.shell:Creating package script '/home/caldo/Projects/TREKKING_ROS2_WS/install/trekking/share/trekking/package.zsh'
[0.313s] Level 1:colcon.colcon_core.environment:create_file_with_runtime_dependencies(/home/caldo/Projects/TREKKING_ROS2_WS/install/trekking/share/colcon-core/packages/trekking)
[0.314s] DEBUG:colcon.colcon_core.event_handler.log_command:Invoked command in '/home/caldo/Projects/TREKKING_ROS2_WS/build/rf2o_laser_odometry' returned '0': CMAKE_PREFIX_PATH=${CMAKE_PREFIX_PATH}:/opt/ros/jazzy DEBUGINFOD_URLS=https://debuginfod.ubuntu.com /usr/bin/cmake --build /home/caldo/Projects/TREKKING_ROS2_WS/build/rf2o_laser_odometry -- -j8 -l8
[0.315s] DEBUG:colcon.colcon_core.event_handler.log_command:Invoking command in '/home/caldo/Projects/TREKKING_ROS2_WS/build/rf2o_laser_odometry': CMAKE_PREFIX_PATH=${CMAKE_PREFIX_PATH}:/opt/ros/jazzy DEBUGINFOD_URLS=https://debuginfod.ubuntu.com /usr/bin/cmake --install /home/caldo/Projects/TREKKING_ROS2_WS/build/rf2o_laser_odometry
[0.316s] DEBUG:colcon.colcon_core.event_handler.log_command:Invoked command in '/home/caldo/Projects/TREKKING_ROS2_WS/build/sllidar_ros2' returned '0': CMAKE_PREFIX_PATH=${CMAKE_PREFIX_PATH}:/opt/ros/jazzy DEBUGINFOD_URLS=https://debuginfod.ubuntu.com /usr/bin/cmake --build /home/caldo/Projects/TREKKING_ROS2_WS/build/sllidar_ros2 -- -j8 -l8
[0.316s] DEBUG:colcon.colcon_core.event_handler.log_command:Invoking command in '/home/caldo/Projects/TREKKING_ROS2_WS/build/sllidar_ros2': CMAKE_PREFIX_PATH=${CMAKE_PREFIX_PATH}:/opt/ros/jazzy DEBUGINFOD_URLS=https://debuginfod.ubuntu.com /usr/bin/cmake --install /home/caldo/Projects/TREKKING_ROS2_WS/build/sllidar_ros2
[0.327s] Level 1:colcon.colcon_core.environment:create_environment_scripts_only(rf2o_laser_odometry)
[0.327s] Level 1:colcon.colcon_core.environment:checking '/home/caldo/Projects/TREKKING_ROS2_WS/install/rf2o_laser_odometry' for CMake module files
[0.328s] DEBUG:colcon.colcon_core.event_handler.log_command:Invoked command in '/home/caldo/Projects/TREKKING_ROS2_WS/build/rf2o_laser_odometry' returned '0': CMAKE_PREFIX_PATH=${CMAKE_PREFIX_PATH}:/opt/ros/jazzy DEBUGINFOD_URLS=https://debuginfod.ubuntu.com /usr/bin/cmake --install /home/caldo/Projects/TREKKING_ROS2_WS/build/rf2o_laser_odometry
[0.329s] Level 1:colcon.colcon_core.environment:checking '/home/caldo/Projects/TREKKING_ROS2_WS/install/rf2o_laser_odometry' for CMake config files
[0.329s] Level 1:colcon.colcon_core.shell:create_environment_hook('rf2o_laser_odometry', 'cmake_prefix_path')
[0.330s] INFO:colcon.colcon_core.shell:Creating environment hook '/home/caldo/Projects/TREKKING_ROS2_WS/install/rf2o_laser_odometry/share/rf2o_laser_odometry/hook/cmake_prefix_path.ps1'
[0.330s] INFO:colcon.colcon_core.shell:Creating environment descriptor '/home/caldo/Projects/TREKKING_ROS2_WS/install/rf2o_laser_odometry/share/rf2o_laser_odometry/hook/cmake_prefix_path.dsv'
[0.330s] INFO:colcon.colcon_core.shell:Creating environment hook '/home/caldo/Projects/TREKKING_ROS2_WS/install/rf2o_laser_odometry/share/rf2o_laser_odometry/hook/cmake_prefix_path.sh'
[0.331s] Level 1:colcon.colcon_core.environment:checking '/home/caldo/Projects/TREKKING_ROS2_WS/install/rf2o_laser_odometry/lib'
[0.331s] Level 1:colcon.colcon_core.environment:checking '/home/caldo/Projects/TREKKING_ROS2_WS/install/rf2o_laser_odometry/bin'
[0.331s] Level 1:colcon.colcon_core.environment:checking '/home/caldo/Projects/TREKKING_ROS2_WS/install/rf2o_laser_odometry/lib/pkgconfig/rf2o_laser_odometry.pc'
[0.331s] Level 1:colcon.colcon_core.environment:checking '/home/caldo/Projects/TREKKING_ROS2_WS/install/rf2o_laser_odometry/lib/python3.12/site-packages'
[0.331s] Level 1:colcon.colcon_core.environment:checking '/home/caldo/Projects/TREKKING_ROS2_WS/install/rf2o_laser_odometry/bin'
[0.331s] INFO:colcon.colcon_core.shell:Creating package script '/home/caldo/Projects/TREKKING_ROS2_WS/install/rf2o_laser_odometry/share/rf2o_laser_odometry/package.ps1'
[0.332s] INFO:colcon.colcon_core.shell:Creating package descriptor '/home/caldo/Projects/TREKKING_ROS2_WS/install/rf2o_laser_odometry/share/rf2o_laser_odometry/package.dsv'
[0.332s] INFO:colcon.colcon_core.shell:Creating package script '/home/caldo/Projects/TREKKING_ROS2_WS/install/rf2o_laser_odometry/share/rf2o_laser_odometry/package.sh'
[0.332s] INFO:colcon.colcon_core.shell:Creating package script '/home/caldo/Projects/TREKKING_ROS2_WS/install/rf2o_laser_odometry/share/rf2o_laser_odometry/package.bash'
[0.333s] INFO:colcon.colcon_core.shell:Creating package script '/home/caldo/Projects/TREKKING_ROS2_WS/install/rf2o_laser_odometry/share/rf2o_laser_odometry/package.zsh'
[0.333s] Level 1:colcon.colcon_core.environment:create_file_with_runtime_dependencies(/home/caldo/Projects/TREKKING_ROS2_WS/install/rf2o_laser_odometry/share/colcon-core/packages/rf2o_laser_odometry)
[0.333s] Level 1:colcon.colcon_core.environment:create_environment_scripts_only(rf2o_laser_odometry)
[0.334s] Level 1:colcon.colcon_core.environment:checking '/home/caldo/Projects/TREKKING_ROS2_WS/install/rf2o_laser_odometry' for CMake module files
[0.334s] Level 1:colcon.colcon_core.environment:checking '/home/caldo/Projects/TREKKING_ROS2_WS/install/rf2o_laser_odometry' for CMake config files
[0.334s] Level 1:colcon.colcon_core.shell:create_environment_hook('rf2o_laser_odometry', 'cmake_prefix_path')
[0.334s] INFO:colcon.colcon_core.shell:Creating environment hook '/home/caldo/Projects/TREKKING_ROS2_WS/install/rf2o_laser_odometry/share/rf2o_laser_odometry/hook/cmake_prefix_path.ps1'
[0.335s] INFO:colcon.colcon_core.shell:Creating environment descriptor '/home/caldo/Projects/TREKKING_ROS2_WS/install/rf2o_laser_odometry/share/rf2o_laser_odometry/hook/cmake_prefix_path.dsv'
[0.335s] INFO:colcon.colcon_core.shell:Creating environment hook '/home/caldo/Projects/TREKKING_ROS2_WS/install/rf2o_laser_odometry/share/rf2o_laser_odometry/hook/cmake_prefix_path.sh'
[0.335s] Level 1:colcon.colcon_core.environment:checking '/home/caldo/Projects/TREKKING_ROS2_WS/install/rf2o_laser_odometry/lib'
[0.335s] Level 1:colcon.colcon_core.environment:checking '/home/caldo/Projects/TREKKING_ROS2_WS/install/rf2o_laser_odometry/bin'
[0.336s] Level 1:colcon.colcon_core.environment:checking '/home/caldo/Projects/TREKKING_ROS2_WS/install/rf2o_laser_odometry/lib/pkgconfig/rf2o_laser_odometry.pc'
[0.336s] Level 1:colcon.colcon_core.environment:checking '/home/caldo/Projects/TREKKING_ROS2_WS/install/rf2o_laser_odometry/lib/python3.12/site-packages'
[0.336s] Level 1:colcon.colcon_core.environment:checking '/home/caldo/Projects/TREKKING_ROS2_WS/install/rf2o_laser_odometry/bin'
[0.336s] INFO:colcon.colcon_core.shell:Creating package script '/home/caldo/Projects/TREKKING_ROS2_WS/install/rf2o_laser_odometry/share/rf2o_laser_odometry/package.ps1'
[0.336s] INFO:colcon.colcon_core.shell:Creating package descriptor '/home/caldo/Projects/TREKKING_ROS2_WS/install/rf2o_laser_odometry/share/rf2o_laser_odometry/package.dsv'
[0.337s] INFO:colcon.colcon_core.shell:Creating package script '/home/caldo/Projects/TREKKING_ROS2_WS/install/rf2o_laser_odometry/share/rf2o_laser_odometry/package.sh'
[0.337s] INFO:colcon.colcon_core.shell:Creating package script '/home/caldo/Projects/TREKKING_ROS2_WS/install/rf2o_laser_odometry/share/rf2o_laser_odometry/package.bash'
[0.337s] INFO:colcon.colcon_core.shell:Creating package script '/home/caldo/Projects/TREKKING_ROS2_WS/install/rf2o_laser_odometry/share/rf2o_laser_odometry/package.zsh'
[0.338s] Level 1:colcon.colcon_core.environment:create_file_with_runtime_dependencies(/home/caldo/Projects/TREKKING_ROS2_WS/install/rf2o_laser_odometry/share/colcon-core/packages/rf2o_laser_odometry)
[0.339s] Level 1:colcon.colcon_core.environment:create_environment_scripts_only(sllidar_ros2)
[0.339s] DEBUG:colcon.colcon_core.event_handler.log_command:Invoked command in '/home/caldo/Projects/TREKKING_ROS2_WS/build/sllidar_ros2' returned '0': CMAKE_PREFIX_PATH=${CMAKE_PREFIX_PATH}:/opt/ros/jazzy DEBUGINFOD_URLS=https://debuginfod.ubuntu.com /usr/bin/cmake --install /home/caldo/Projects/TREKKING_ROS2_WS/build/sllidar_ros2
[0.339s] Level 1:colcon.colcon_core.environment:checking '/home/caldo/Projects/TREKKING_ROS2_WS/install/sllidar_ros2' for CMake module files
[0.340s] Level 1:colcon.colcon_core.environment:checking '/home/caldo/Projects/TREKKING_ROS2_WS/install/sllidar_ros2' for CMake config files
[0.340s] Level 1:colcon.colcon_core.shell:create_environment_hook('sllidar_ros2', 'cmake_prefix_path')
[0.340s] INFO:colcon.colcon_core.shell:Creating environment hook '/home/caldo/Projects/TREKKING_ROS2_WS/install/sllidar_ros2/share/sllidar_ros2/hook/cmake_prefix_path.ps1'
[0.340s] INFO:colcon.colcon_core.shell:Creating environment descriptor '/home/caldo/Projects/TREKKING_ROS2_WS/install/sllidar_ros2/share/sllidar_ros2/hook/cmake_prefix_path.dsv'
[0.340s] INFO:colcon.colcon_core.shell:Creating environment hook '/home/caldo/Projects/TREKKING_ROS2_WS/install/sllidar_ros2/share/sllidar_ros2/hook/cmake_prefix_path.sh'
[0.341s] Level 1:colcon.colcon_core.environment:checking '/home/caldo/Projects/TREKKING_ROS2_WS/install/sllidar_ros2/lib'
[0.341s] Level 1:colcon.colcon_core.environment:checking '/home/caldo/Projects/TREKKING_ROS2_WS/install/sllidar_ros2/bin'
[0.341s] Level 1:colcon.colcon_core.environment:checking '/home/caldo/Projects/TREKKING_ROS2_WS/install/sllidar_ros2/lib/pkgconfig/sllidar_ros2.pc'
[0.341s] Level 1:colcon.colcon_core.environment:checking '/home/caldo/Projects/TREKKING_ROS2_WS/install/sllidar_ros2/lib/python3.12/site-packages'
[0.341s] Level 1:colcon.colcon_core.environment:checking '/home/caldo/Projects/TREKKING_ROS2_WS/install/sllidar_ros2/bin'
[0.342s] INFO:colcon.colcon_core.shell:Creating package script '/home/caldo/Projects/TREKKING_ROS2_WS/install/sllidar_ros2/share/sllidar_ros2/package.ps1'
[0.342s] INFO:colcon.colcon_core.shell:Creating package descriptor '/home/caldo/Projects/TREKKING_ROS2_WS/install/sllidar_ros2/share/sllidar_ros2/package.dsv'
[0.342s] INFO:colcon.colcon_core.shell:Creating package script '/home/caldo/Projects/TREKKING_ROS2_WS/install/sllidar_ros2/share/sllidar_ros2/package.sh'
[0.343s] INFO:colcon.colcon_core.shell:Creating package script '/home/caldo/Projects/TREKKING_ROS2_WS/install/sllidar_ros2/share/sllidar_ros2/package.bash'
[0.343s] INFO:colcon.colcon_core.shell:Creating package script '/home/caldo/Projects/TREKKING_ROS2_WS/install/sllidar_ros2/share/sllidar_ros2/package.zsh'
[0.343s] Level 1:colcon.colcon_core.environment:create_file_with_runtime_dependencies(/home/caldo/Projects/TREKKING_ROS2_WS/install/sllidar_ros2/share/colcon-core/packages/sllidar_ros2)
[0.343s] Level 1:colcon.colcon_core.environment:create_environment_scripts_only(sllidar_ros2)
[0.344s] Level 1:colcon.colcon_core.environment:checking '/home/caldo/Projects/TREKKING_ROS2_WS/install/sllidar_ros2' for CMake module files
[0.344s] Level 1:colcon.colcon_core.environment:checking '/home/caldo/Projects/TREKKING_ROS2_WS/install/sllidar_ros2' for CMake config files
[0.344s] Level 1:colcon.colcon_core.shell:create_environment_hook('sllidar_ros2', 'cmake_prefix_path')
[0.344s] INFO:colcon.colcon_core.shell:Creating environment hook '/home/caldo/Projects/TREKKING_ROS2_WS/install/sllidar_ros2/share/sllidar_ros2/hook/cmake_prefix_path.ps1'
[0.345s] INFO:colcon.colcon_core.shell:Creating environment descriptor '/home/caldo/Projects/TREKKING_ROS2_WS/install/sllidar_ros2/share/sllidar_ros2/hook/cmake_prefix_path.dsv'
[0.345s] INFO:colcon.colcon_core.shell:Creating environment hook '/home/caldo/Projects/TREKKING_ROS2_WS/install/sllidar_ros2/share/sllidar_ros2/hook/cmake_prefix_path.sh'
[0.345s] Level 1:colcon.colcon_core.environment:checking '/home/caldo/Projects/TREKKING_ROS2_WS/install/sllidar_ros2/lib'
[0.346s] Level 1:colcon.colcon_core.environment:checking '/home/caldo/Projects/TREKKING_ROS2_WS/install/sllidar_ros2/bin'
[0.346s] Level 1:colcon.colcon_core.environment:checking '/home/caldo/Projects/TREKKING_ROS2_WS/install/sllidar_ros2/lib/pkgconfig/sllidar_ros2.pc'
[0.346s] Level 1:colcon.colcon_core.environment:checking '/home/caldo/Projects/TREKKING_ROS2_WS/install/sllidar_ros2/lib/python3.12/site-packages'
[0.346s] Level 1:colcon.colcon_core.environment:checking '/home/caldo/Projects/TREKKING_ROS2_WS/install/sllidar_ros2/bin'
[0.346s] INFO:colcon.colcon_core.shell:Creating package script '/home/caldo/Projects/TREKKING_ROS2_WS/install/sllidar_ros2/share/sllidar_ros2/package.ps1'
[0.346s] INFO:colcon.colcon_core.shell:Creating package descriptor '/home/caldo/Projects/TREKKING_ROS2_WS/install/sllidar_ros2/share/sllidar_ros2/package.dsv'
[0.347s] INFO:colcon.colcon_core.shell:Creating package script '/home/caldo/Projects/TREKKING_ROS2_WS/install/sllidar_ros2/share/sllidar_ros2/package.sh'
[0.347s] INFO:colcon.colcon_core.shell:Creating package script '/home/caldo/Projects/TREKKING_ROS2_WS/install/sllidar_ros2/share/sllidar_ros2/package.bash'
[0.347s] INFO:colcon.colcon_core.shell:Creating package script '/home/caldo/Projects/TREKKING_ROS2_WS/install/sllidar_ros2/share/sllidar_ros2/package.zsh'
[0.348s] Level 1:colcon.colcon_core.environment:create_file_with_runtime_dependencies(/home/caldo/Projects/TREKKING_ROS2_WS/install/sllidar_ros2/share/colcon-core/packages/sllidar_ros2)
[0.348s] DEBUG:colcon.colcon_parallel_executor.executor.parallel:closing loop
[0.348s] DEBUG:colcon.colcon_parallel_executor.executor.parallel:loop closed
[0.348s] DEBUG:colcon.colcon_parallel_executor.executor.parallel:run_until_complete finished with '0'
[0.348s] DEBUG:colcon.colcon_core.event_reactor:joining thread
[0.352s] INFO:colcon.colcon_core.plugin_system:Skipping extension 'colcon_notification.desktop_notification.terminal_notifier': Not used on non-Darwin systems
[0.353s] INFO:colcon.colcon_core.plugin_system:Skipping extension 'colcon_notification.desktop_notification.win32': Not used on non-Windows systems
[0.353s] INFO:colcon.colcon_notification.desktop_notification:Sending desktop notification using 'notify2'
[0.366s] DEBUG:colcon.colcon_core.event_reactor:joined thread
[0.366s] INFO:colcon.colcon_core.shell:Creating prefix script '/home/caldo/Projects/TREKKING_ROS2_WS/install/local_setup.ps1'
[0.367s] INFO:colcon.colcon_core.shell:Creating prefix util module '/home/caldo/Projects/TREKKING_ROS2_WS/install/_local_setup_util_ps1.py'
[0.368s] INFO:colcon.colcon_core.shell:Creating prefix chain script '/home/caldo/Projects/TREKKING_ROS2_WS/install/setup.ps1'
[0.369s] INFO:colcon.colcon_core.shell:Creating prefix script '/home/caldo/Projects/TREKKING_ROS2_WS/install/local_setup.sh'
[0.369s] INFO:colcon.colcon_core.shell:Creating prefix util module '/home/caldo/Projects/TREKKING_ROS2_WS/install/_local_setup_util_sh.py'
[0.369s] INFO:colcon.colcon_core.shell:Creating prefix chain script '/home/caldo/Projects/TREKKING_ROS2_WS/install/setup.sh'
[0.370s] INFO:colcon.colcon_core.shell:Creating prefix script '/home/caldo/Projects/TREKKING_ROS2_WS/install/local_setup.bash'
[0.371s] INFO:colcon.colcon_core.shell:Creating prefix chain script '/home/caldo/Projects/TREKKING_ROS2_WS/install/setup.bash'
[0.371s] INFO:colcon.colcon_core.shell:Creating prefix script '/home/caldo/Projects/TREKKING_ROS2_WS/install/local_setup.zsh'
[0.371s] INFO:colcon.colcon_core.shell:Creating prefix chain script '/home/caldo/Projects/TREKKING_ROS2_WS/install/setup.zsh'
