[0.246s] DEBUG:colcon:Command line arguments: ['/home/caldo/.espressif/python_env/idf5.2_py3.12_env/bin/colcon', 'build', '--symlink-install']
[0.246s] DEBUG:colcon:Parsed command line arguments: Namespace(log_base=None, log_level=None, verb_name='build', build_base='build', install_base='install', merge_install=False, symlink_install=True, test_result_base=None, continue_on_error=False, executor='parallel', parallel_workers=8, event_handlers=None, ignore_user_meta=False, metas=['./colcon.meta'], base_paths=['.'], packages_ignore=None, packages_ignore_regex=None, paths=None, packages_up_to=None, packages_up_to_regex=None, packages_above=None, packages_above_and_dependencies=None, packages_above_depth=None, packages_select_by_dep=None, packages_skip_by_dep=None, packages_skip_up_to=None, packages_select_build_failed=False, packages_skip_build_finished=False, packages_select_test_failures=False, packages_skip_test_passed=False, packages_select=None, packages_skip=None, packages_select_regex=None, packages_skip_regex=None, packages_start=None, packages_end=None, cmake_args=None, cmake_target=None, cmake_target_skip_unavailable=False, cmake_clean_cache=False, cmake_clean_first=False, cmake_force_configure=False, ament_cmake_args=None, catkin_cmake_args=None, catkin_skip_building_tests=False, verb_parser=<colcon_defaults.argument_parser.defaults.DefaultArgumentsDecorator object at 0x73d6142e5b50>, verb_extension=<colcon_core.verb.build.BuildVerb object at 0x73d614465580>, main=<bound method BuildVerb.main of <colcon_core.verb.build.BuildVerb object at 0x73d614465580>>)
[0.304s] Level 1:colcon.colcon_core.package_discovery:discover_packages(colcon_meta) check parameters
[0.305s] Level 1:colcon.colcon_core.package_discovery:discover_packages(recursive) check parameters
[0.305s] Level 1:colcon.colcon_core.package_discovery:discover_packages(ignore) check parameters
[0.305s] Level 1:colcon.colcon_core.package_discovery:discover_packages(path) check parameters
[0.305s] Level 1:colcon.colcon_core.package_discovery:discover_packages(colcon_meta) discover
[0.305s] Level 1:colcon.colcon_core.package_discovery:discover_packages(recursive) discover
[0.305s] INFO:colcon.colcon_core.package_discovery:Crawling recursively for packages in '/home/caldo/Projects/trekking_test_ws'
[0.305s] Level 1:colcon.colcon_core.package_identification:_identify(.) by extensions ['ignore', 'ignore_ament_install']
[0.305s] Level 1:colcon.colcon_core.package_identification:_identify(.) by extension 'ignore'
[0.305s] Level 1:colcon.colcon_core.package_identification:_identify(.) by extension 'ignore_ament_install'
[0.305s] Level 1:colcon.colcon_core.package_identification:_identify(.) by extensions ['colcon_pkg']
[0.305s] Level 1:colcon.colcon_core.package_identification:_identify(.) by extension 'colcon_pkg'
[0.305s] Level 1:colcon.colcon_core.package_identification:_identify(.) by extensions ['colcon_meta']
[0.305s] Level 1:colcon.colcon_core.package_identification:_identify(.) by extension 'colcon_meta'
[0.305s] Level 1:colcon.colcon_core.package_identification:_identify(.) by extensions ['ros']
[0.305s] Level 1:colcon.colcon_core.package_identification:_identify(.) by extension 'ros'
[0.339s] Level 1:colcon.colcon_core.package_identification:_identify(.) by extensions ['cmake', 'python']
[0.339s] Level 1:colcon.colcon_core.package_identification:_identify(.) by extension 'cmake'
[0.339s] Level 1:colcon.colcon_core.package_identification:_identify(.) by extension 'python'
[0.339s] Level 1:colcon.colcon_core.package_identification:_identify(.) by extensions ['python_setup_py']
[0.339s] Level 1:colcon.colcon_core.package_identification:_identify(.) by extension 'python_setup_py'
[0.339s] Level 1:colcon.colcon_core.package_identification:_identify(build) by extensions ['ignore', 'ignore_ament_install']
[0.339s] Level 1:colcon.colcon_core.package_identification:_identify(build) by extension 'ignore'
[0.339s] Level 1:colcon.colcon_core.package_identification:_identify(build) ignored
[0.339s] Level 1:colcon.colcon_core.package_identification:_identify(install) by extensions ['ignore', 'ignore_ament_install']
[0.339s] Level 1:colcon.colcon_core.package_identification:_identify(install) by extension 'ignore'
[0.339s] Level 1:colcon.colcon_core.package_identification:_identify(install) ignored
[0.340s] Level 1:colcon.colcon_core.package_identification:_identify(log) by extensions ['ignore', 'ignore_ament_install']
[0.340s] Level 1:colcon.colcon_core.package_identification:_identify(log) by extension 'ignore'
[0.340s] Level 1:colcon.colcon_core.package_identification:_identify(log) ignored
[0.340s] Level 1:colcon.colcon_core.package_identification:_identify(src) by extensions ['ignore', 'ignore_ament_install']
[0.340s] Level 1:colcon.colcon_core.package_identification:_identify(src) by extension 'ignore'
[0.340s] Level 1:colcon.colcon_core.package_identification:_identify(src) by extension 'ignore_ament_install'
[0.340s] Level 1:colcon.colcon_core.package_identification:_identify(src) by extensions ['colcon_pkg']
[0.340s] Level 1:colcon.colcon_core.package_identification:_identify(src) by extension 'colcon_pkg'
[0.340s] Level 1:colcon.colcon_core.package_identification:_identify(src) by extensions ['colcon_meta']
[0.340s] Level 1:colcon.colcon_core.package_identification:_identify(src) by extension 'colcon_meta'
[0.340s] Level 1:colcon.colcon_core.package_identification:_identify(src) by extensions ['ros']
[0.340s] Level 1:colcon.colcon_core.package_identification:_identify(src) by extension 'ros'
[0.341s] Level 1:colcon.colcon_core.package_identification:_identify(src) by extensions ['cmake', 'python']
[0.341s] Level 1:colcon.colcon_core.package_identification:_identify(src) by extension 'cmake'
[0.341s] Level 1:colcon.colcon_core.package_identification:_identify(src) by extension 'python'
[0.341s] Level 1:colcon.colcon_core.package_identification:_identify(src) by extensions ['python_setup_py']
[0.341s] Level 1:colcon.colcon_core.package_identification:_identify(src) by extension 'python_setup_py'
[0.341s] Level 1:colcon.colcon_core.package_identification:_identify(src/rf2o_laser_odometry) by extensions ['ignore', 'ignore_ament_install']
[0.341s] Level 1:colcon.colcon_core.package_identification:_identify(src/rf2o_laser_odometry) by extension 'ignore'
[0.341s] Level 1:colcon.colcon_core.package_identification:_identify(src/rf2o_laser_odometry) by extension 'ignore_ament_install'
[0.341s] Level 1:colcon.colcon_core.package_identification:_identify(src/rf2o_laser_odometry) by extensions ['colcon_pkg']
[0.341s] Level 1:colcon.colcon_core.package_identification:_identify(src/rf2o_laser_odometry) by extension 'colcon_pkg'
[0.341s] Level 1:colcon.colcon_core.package_identification:_identify(src/rf2o_laser_odometry) by extensions ['colcon_meta']
[0.341s] Level 1:colcon.colcon_core.package_identification:_identify(src/rf2o_laser_odometry) by extension 'colcon_meta'
[0.341s] Level 1:colcon.colcon_core.package_identification:_identify(src/rf2o_laser_odometry) by extensions ['ros']
[0.342s] Level 1:colcon.colcon_core.package_identification:_identify(src/rf2o_laser_odometry) by extension 'ros'
[0.345s] DEBUG:colcon.colcon_core.package_identification:Package 'src/rf2o_laser_odometry' with type 'ros.ament_cmake' and name 'rf2o_laser_odometry'
[0.345s] Level 1:colcon.colcon_core.package_identification:_identify(src/sllidar_ros2) by extensions ['ignore', 'ignore_ament_install']
[0.345s] Level 1:colcon.colcon_core.package_identification:_identify(src/sllidar_ros2) by extension 'ignore'
[0.345s] Level 1:colcon.colcon_core.package_identification:_identify(src/sllidar_ros2) by extension 'ignore_ament_install'
[0.345s] Level 1:colcon.colcon_core.package_identification:_identify(src/sllidar_ros2) by extensions ['colcon_pkg']
[0.345s] Level 1:colcon.colcon_core.package_identification:_identify(src/sllidar_ros2) by extension 'colcon_pkg'
[0.345s] Level 1:colcon.colcon_core.package_identification:_identify(src/sllidar_ros2) by extensions ['colcon_meta']
[0.346s] Level 1:colcon.colcon_core.package_identification:_identify(src/sllidar_ros2) by extension 'colcon_meta'
[0.346s] Level 1:colcon.colcon_core.package_identification:_identify(src/sllidar_ros2) by extensions ['ros']
[0.346s] Level 1:colcon.colcon_core.package_identification:_identify(src/sllidar_ros2) by extension 'ros'
[0.347s] DEBUG:colcon.colcon_core.package_identification:Package 'src/sllidar_ros2' with type 'ros.ament_cmake' and name 'sllidar_ros2'
[0.347s] Level 1:colcon.colcon_core.package_identification:_identify(src/trekking) by extensions ['ignore', 'ignore_ament_install']
[0.347s] Level 1:colcon.colcon_core.package_identification:_identify(src/trekking) by extension 'ignore'
[0.347s] Level 1:colcon.colcon_core.package_identification:_identify(src/trekking) by extension 'ignore_ament_install'
[0.347s] Level 1:colcon.colcon_core.package_identification:_identify(src/trekking) by extensions ['colcon_pkg']
[0.347s] Level 1:colcon.colcon_core.package_identification:_identify(src/trekking) by extension 'colcon_pkg'
[0.348s] Level 1:colcon.colcon_core.package_identification:_identify(src/trekking) by extensions ['colcon_meta']
[0.348s] Level 1:colcon.colcon_core.package_identification:_identify(src/trekking) by extension 'colcon_meta'
[0.348s] Level 1:colcon.colcon_core.package_identification:_identify(src/trekking) by extensions ['ros']
[0.348s] Level 1:colcon.colcon_core.package_identification:_identify(src/trekking) by extension 'ros'
[0.348s] DEBUG:colcon.colcon_core.package_identification:Package 'src/trekking' with type 'ros.ament_cmake' and name 'trekking'
[0.348s] Level 1:colcon.colcon_core.package_discovery:discover_packages(recursive) using defaults
[0.349s] Level 1:colcon.colcon_core.package_discovery:discover_packages(ignore) discover
[0.349s] Level 1:colcon.colcon_core.package_discovery:discover_packages(ignore) using defaults
[0.349s] Level 1:colcon.colcon_core.package_discovery:discover_packages(path) discover
[0.349s] Level 1:colcon.colcon_core.package_discovery:discover_packages(path) using defaults
[0.371s] Level 5:colcon.colcon_core.verb:set package 'rf2o_laser_odometry' build argument 'cmake_args' from command line to 'None'
[0.371s] Level 5:colcon.colcon_core.verb:set package 'rf2o_laser_odometry' build argument 'cmake_target' from command line to 'None'
[0.371s] Level 5:colcon.colcon_core.verb:set package 'rf2o_laser_odometry' build argument 'cmake_target_skip_unavailable' from command line to 'False'
[0.371s] Level 5:colcon.colcon_core.verb:set package 'rf2o_laser_odometry' build argument 'cmake_clean_cache' from command line to 'False'
[0.371s] Level 5:colcon.colcon_core.verb:set package 'rf2o_laser_odometry' build argument 'cmake_clean_first' from command line to 'False'
[0.371s] Level 5:colcon.colcon_core.verb:set package 'rf2o_laser_odometry' build argument 'cmake_force_configure' from command line to 'False'
[0.371s] Level 5:colcon.colcon_core.verb:set package 'rf2o_laser_odometry' build argument 'ament_cmake_args' from command line to 'None'
[0.371s] Level 5:colcon.colcon_core.verb:set package 'rf2o_laser_odometry' build argument 'catkin_cmake_args' from command line to 'None'
[0.371s] Level 5:colcon.colcon_core.verb:set package 'rf2o_laser_odometry' build argument 'catkin_skip_building_tests' from command line to 'False'
[0.371s] DEBUG:colcon.colcon_core.verb:Building package 'rf2o_laser_odometry' with the following arguments: {'ament_cmake_args': None, 'build_base': '/home/caldo/Projects/trekking_test_ws/build/rf2o_laser_odometry', 'catkin_cmake_args': None, 'catkin_skip_building_tests': False, 'cmake_args': None, 'cmake_clean_cache': False, 'cmake_clean_first': False, 'cmake_force_configure': False, 'cmake_target': None, 'cmake_target_skip_unavailable': False, 'install_base': '/home/caldo/Projects/trekking_test_ws/install/rf2o_laser_odometry', 'merge_install': False, 'path': '/home/caldo/Projects/trekking_test_ws/src/rf2o_laser_odometry', 'symlink_install': True, 'test_result_base': None}
[0.372s] Level 5:colcon.colcon_core.verb:set package 'sllidar_ros2' build argument 'cmake_args' from command line to 'None'
[0.372s] Level 5:colcon.colcon_core.verb:set package 'sllidar_ros2' build argument 'cmake_target' from command line to 'None'
[0.372s] Level 5:colcon.colcon_core.verb:set package 'sllidar_ros2' build argument 'cmake_target_skip_unavailable' from command line to 'False'
[0.372s] Level 5:colcon.colcon_core.verb:set package 'sllidar_ros2' build argument 'cmake_clean_cache' from command line to 'False'
[0.372s] Level 5:colcon.colcon_core.verb:set package 'sllidar_ros2' build argument 'cmake_clean_first' from command line to 'False'
[0.372s] Level 5:colcon.colcon_core.verb:set package 'sllidar_ros2' build argument 'cmake_force_configure' from command line to 'False'
[0.372s] Level 5:colcon.colcon_core.verb:set package 'sllidar_ros2' build argument 'ament_cmake_args' from command line to 'None'
[0.372s] Level 5:colcon.colcon_core.verb:set package 'sllidar_ros2' build argument 'catkin_cmake_args' from command line to 'None'
[0.372s] Level 5:colcon.colcon_core.verb:set package 'sllidar_ros2' build argument 'catkin_skip_building_tests' from command line to 'False'
[0.372s] DEBUG:colcon.colcon_core.verb:Building package 'sllidar_ros2' with the following arguments: {'ament_cmake_args': None, 'build_base': '/home/caldo/Projects/trekking_test_ws/build/sllidar_ros2', 'catkin_cmake_args': None, 'catkin_skip_building_tests': False, 'cmake_args': None, 'cmake_clean_cache': False, 'cmake_clean_first': False, 'cmake_force_configure': False, 'cmake_target': None, 'cmake_target_skip_unavailable': False, 'install_base': '/home/caldo/Projects/trekking_test_ws/install/sllidar_ros2', 'merge_install': False, 'path': '/home/caldo/Projects/trekking_test_ws/src/sllidar_ros2', 'symlink_install': True, 'test_result_base': None}
[0.372s] Level 5:colcon.colcon_core.verb:set package 'trekking' build argument 'cmake_args' from command line to 'None'
[0.372s] Level 5:colcon.colcon_core.verb:set package 'trekking' build argument 'cmake_target' from command line to 'None'
[0.372s] Level 5:colcon.colcon_core.verb:set package 'trekking' build argument 'cmake_target_skip_unavailable' from command line to 'False'
[0.372s] Level 5:colcon.colcon_core.verb:set package 'trekking' build argument 'cmake_clean_cache' from command line to 'False'
[0.372s] Level 5:colcon.colcon_core.verb:set package 'trekking' build argument 'cmake_clean_first' from command line to 'False'
[0.373s] Level 5:colcon.colcon_core.verb:set package 'trekking' build argument 'cmake_force_configure' from command line to 'False'
[0.373s] Level 5:colcon.colcon_core.verb:set package 'trekking' build argument 'ament_cmake_args' from command line to 'None'
[0.373s] Level 5:colcon.colcon_core.verb:set package 'trekking' build argument 'catkin_cmake_args' from command line to 'None'
[0.373s] Level 5:colcon.colcon_core.verb:set package 'trekking' build argument 'catkin_skip_building_tests' from command line to 'False'
[0.373s] DEBUG:colcon.colcon_core.verb:Building package 'trekking' with the following arguments: {'ament_cmake_args': None, 'build_base': '/home/caldo/Projects/trekking_test_ws/build/trekking', 'catkin_cmake_args': None, 'catkin_skip_building_tests': False, 'cmake_args': None, 'cmake_clean_cache': False, 'cmake_clean_first': False, 'cmake_force_configure': False, 'cmake_target': None, 'cmake_target_skip_unavailable': False, 'install_base': '/home/caldo/Projects/trekking_test_ws/install/trekking', 'merge_install': False, 'path': '/home/caldo/Projects/trekking_test_ws/src/trekking', 'symlink_install': True, 'test_result_base': None}
[0.373s] INFO:colcon.colcon_core.executor:Executing jobs using 'parallel' executor
[0.374s] DEBUG:colcon.colcon_parallel_executor.executor.parallel:run_until_complete
[0.374s] INFO:colcon.colcon_ros.task.ament_cmake.build:Building ROS package in '/home/caldo/Projects/trekking_test_ws/src/rf2o_laser_odometry' with build type 'ament_cmake'
[0.374s] INFO:colcon.colcon_cmake.task.cmake.build:Building CMake package in '/home/caldo/Projects/trekking_test_ws/src/rf2o_laser_odometry'
[0.376s] INFO:colcon.colcon_core.plugin_system:Skipping extension 'colcon_core.shell.bat': Not used on non-Windows systems
[0.376s] INFO:colcon.colcon_core.shell:Skip shell extension 'powershell' for command environment: Not usable outside of PowerShell
[0.376s] DEBUG:colcon.colcon_core.shell:Skip shell extension 'dsv' for command environment
[0.382s] INFO:colcon.colcon_ros.task.ament_cmake.build:Building ROS package in '/home/caldo/Projects/trekking_test_ws/src/sllidar_ros2' with build type 'ament_cmake'
[0.382s] INFO:colcon.colcon_cmake.task.cmake.build:Building CMake package in '/home/caldo/Projects/trekking_test_ws/src/sllidar_ros2'
[0.382s] INFO:colcon.colcon_core.shell:Skip shell extension 'powershell' for command environment: Not usable outside of PowerShell
[0.382s] DEBUG:colcon.colcon_core.shell:Skip shell extension 'dsv' for command environment
[0.387s] INFO:colcon.colcon_ros.task.ament_cmake.build:Building ROS package in '/home/caldo/Projects/trekking_test_ws/src/trekking' with build type 'ament_cmake'
[0.387s] INFO:colcon.colcon_cmake.task.cmake.build:Building CMake package in '/home/caldo/Projects/trekking_test_ws/src/trekking'
[0.388s] INFO:colcon.colcon_core.shell:Skip shell extension 'powershell' for command environment: Not usable outside of PowerShell
[0.388s] DEBUG:colcon.colcon_core.shell:Skip shell extension 'dsv' for command environment
[0.398s] DEBUG:colcon.colcon_core.event_handler.log_command:Invoking command in '/home/caldo/Projects/trekking_test_ws/build/rf2o_laser_odometry': CMAKE_PREFIX_PATH=${CMAKE_PREFIX_PATH}:/opt/ros/jazzy PS1=\n\[\e[90;1m\][\[\e[0;34m\]\@\[\e[90;1m\]]-\[\e[90;1m\][\[\e[0;32m\]\u\[\e[0;33m\]@\[\e[0;32m\]\h\[\e[90;1m\]]-\[\e[90;1m\][\[\e[0;35m\]\w\[\e[90;1m\]]- \[[0;32m\]|main U:39 ?:11 \[[0;31m\]✗\[[0;32m\]|\n\[\e[39m\]$ /usr/bin/cmake --build /home/caldo/Projects/trekking_test_ws/build/rf2o_laser_odometry -- -j8 -l8
[0.405s] DEBUG:colcon.colcon_core.event_handler.log_command:Invoking command in '/home/caldo/Projects/trekking_test_ws/build/sllidar_ros2': CMAKE_PREFIX_PATH=${CMAKE_PREFIX_PATH}:/opt/ros/jazzy PS1=\n\[\e[90;1m\][\[\e[0;34m\]\@\[\e[90;1m\]]-\[\e[90;1m\][\[\e[0;32m\]\u\[\e[0;33m\]@\[\e[0;32m\]\h\[\e[90;1m\]]-\[\e[90;1m\][\[\e[0;35m\]\w\[\e[90;1m\]]- \[[0;32m\]|main U:39 ?:11 \[[0;31m\]✗\[[0;32m\]|\n\[\e[39m\]$ /usr/bin/cmake --build /home/caldo/Projects/trekking_test_ws/build/sllidar_ros2 -- -j8 -l8
[0.408s] DEBUG:colcon.colcon_core.event_handler.log_command:Invoking command in '/home/caldo/Projects/trekking_test_ws/build/trekking': CMAKE_PREFIX_PATH=${CMAKE_PREFIX_PATH}:/opt/ros/jazzy PS1=\n\[\e[90;1m\][\[\e[0;34m\]\@\[\e[90;1m\]]-\[\e[90;1m\][\[\e[0;32m\]\u\[\e[0;33m\]@\[\e[0;32m\]\h\[\e[90;1m\]]-\[\e[90;1m\][\[\e[0;35m\]\w\[\e[90;1m\]]- \[[0;32m\]|main U:39 ?:11 \[[0;31m\]✗\[[0;32m\]|\n\[\e[39m\]$ /usr/bin/cmake --build /home/caldo/Projects/trekking_test_ws/build/trekking -- -j8 -l8
[1.128s] DEBUG:colcon.colcon_core.event_handler.log_command:Invoked command in '/home/caldo/Projects/trekking_test_ws/build/trekking' returned '0': CMAKE_PREFIX_PATH=${CMAKE_PREFIX_PATH}:/opt/ros/jazzy PS1=\n\[\e[90;1m\][\[\e[0;34m\]\@\[\e[90;1m\]]-\[\e[90;1m\][\[\e[0;32m\]\u\[\e[0;33m\]@\[\e[0;32m\]\h\[\e[90;1m\]]-\[\e[90;1m\][\[\e[0;35m\]\w\[\e[90;1m\]]- \[[0;32m\]|main U:39 ?:11 \[[0;31m\]✗\[[0;32m\]|\n\[\e[39m\]$ /usr/bin/cmake --build /home/caldo/Projects/trekking_test_ws/build/trekking -- -j8 -l8
[1.143s] DEBUG:colcon.colcon_core.event_handler.log_command:Invoking command in '/home/caldo/Projects/trekking_test_ws/build/trekking': CMAKE_PREFIX_PATH=${CMAKE_PREFIX_PATH}:/opt/ros/jazzy PS1=\n\[\e[90;1m\][\[\e[0;34m\]\@\[\e[90;1m\]]-\[\e[90;1m\][\[\e[0;32m\]\u\[\e[0;33m\]@\[\e[0;32m\]\h\[\e[90;1m\]]-\[\e[90;1m\][\[\e[0;35m\]\w\[\e[90;1m\]]- \[[0;32m\]|main U:39 ?:11 \[[0;31m\]✗\[[0;32m\]|\n\[\e[39m\]$ /usr/bin/cmake --install /home/caldo/Projects/trekking_test_ws/build/trekking
[1.737s] Level 1:colcon.colcon_core.environment:create_environment_scripts_only(trekking)
[1.738s] DEBUG:colcon.colcon_core.event_handler.log_command:Invoked command in '/home/caldo/Projects/trekking_test_ws/build/trekking' returned '0': CMAKE_PREFIX_PATH=${CMAKE_PREFIX_PATH}:/opt/ros/jazzy PS1=\n\[\e[90;1m\][\[\e[0;34m\]\@\[\e[90;1m\]]-\[\e[90;1m\][\[\e[0;32m\]\u\[\e[0;33m\]@\[\e[0;32m\]\h\[\e[90;1m\]]-\[\e[90;1m\][\[\e[0;35m\]\w\[\e[90;1m\]]- \[[0;32m\]|main U:39 ?:11 \[[0;31m\]✗\[[0;32m\]|\n\[\e[39m\]$ /usr/bin/cmake --install /home/caldo/Projects/trekking_test_ws/build/trekking
[1.740s] Level 1:colcon.colcon_core.environment:checking '/home/caldo/Projects/trekking_test_ws/install/trekking' for CMake module files
[1.741s] Level 1:colcon.colcon_core.environment:checking '/home/caldo/Projects/trekking_test_ws/install/trekking' for CMake config files
[1.742s] Level 1:colcon.colcon_core.shell:create_environment_hook('trekking', 'cmake_prefix_path')
[1.742s] INFO:colcon.colcon_core.shell:Creating environment hook '/home/caldo/Projects/trekking_test_ws/install/trekking/share/trekking/hook/cmake_prefix_path.ps1'
[1.743s] INFO:colcon.colcon_core.shell:Creating environment descriptor '/home/caldo/Projects/trekking_test_ws/install/trekking/share/trekking/hook/cmake_prefix_path.dsv'
[1.743s] INFO:colcon.colcon_core.shell:Creating environment hook '/home/caldo/Projects/trekking_test_ws/install/trekking/share/trekking/hook/cmake_prefix_path.sh'
[1.744s] Level 1:colcon.colcon_core.environment:checking '/home/caldo/Projects/trekking_test_ws/install/trekking/bin'
[1.744s] Level 1:colcon.colcon_core.environment:checking '/home/caldo/Projects/trekking_test_ws/install/trekking/lib/pkgconfig/trekking.pc'
[1.748s] Level 1:colcon.colcon_core.environment:checking '/home/caldo/Projects/trekking_test_ws/install/trekking/lib/python3.12/site-packages'
[1.748s] Level 1:colcon.colcon_core.environment:checking '/home/caldo/Projects/trekking_test_ws/install/trekking/bin'
[1.749s] INFO:colcon.colcon_core.shell:Creating package script '/home/caldo/Projects/trekking_test_ws/install/trekking/share/trekking/package.ps1'
[1.750s] INFO:colcon.colcon_core.shell:Creating package descriptor '/home/caldo/Projects/trekking_test_ws/install/trekking/share/trekking/package.dsv'
[1.751s] INFO:colcon.colcon_core.shell:Creating package script '/home/caldo/Projects/trekking_test_ws/install/trekking/share/trekking/package.sh'
[1.752s] INFO:colcon.colcon_core.shell:Creating package script '/home/caldo/Projects/trekking_test_ws/install/trekking/share/trekking/package.bash'
[1.753s] INFO:colcon.colcon_core.shell:Creating package script '/home/caldo/Projects/trekking_test_ws/install/trekking/share/trekking/package.zsh'
[1.754s] Level 1:colcon.colcon_core.environment:create_file_with_runtime_dependencies(/home/caldo/Projects/trekking_test_ws/install/trekking/share/colcon-core/packages/trekking)
[1.755s] Level 1:colcon.colcon_core.environment:create_environment_scripts_only(trekking)
[1.755s] Level 1:colcon.colcon_core.environment:checking '/home/caldo/Projects/trekking_test_ws/install/trekking' for CMake module files
[1.756s] Level 1:colcon.colcon_core.environment:checking '/home/caldo/Projects/trekking_test_ws/install/trekking' for CMake config files
[1.757s] Level 1:colcon.colcon_core.shell:create_environment_hook('trekking', 'cmake_prefix_path')
[1.757s] INFO:colcon.colcon_core.shell:Creating environment hook '/home/caldo/Projects/trekking_test_ws/install/trekking/share/trekking/hook/cmake_prefix_path.ps1'
[1.758s] INFO:colcon.colcon_core.shell:Creating environment descriptor '/home/caldo/Projects/trekking_test_ws/install/trekking/share/trekking/hook/cmake_prefix_path.dsv'
[1.759s] INFO:colcon.colcon_core.shell:Creating environment hook '/home/caldo/Projects/trekking_test_ws/install/trekking/share/trekking/hook/cmake_prefix_path.sh'
[1.759s] Level 1:colcon.colcon_core.environment:checking '/home/caldo/Projects/trekking_test_ws/install/trekking/bin'
[1.760s] Level 1:colcon.colcon_core.environment:checking '/home/caldo/Projects/trekking_test_ws/install/trekking/lib/pkgconfig/trekking.pc'
[1.760s] Level 1:colcon.colcon_core.environment:checking '/home/caldo/Projects/trekking_test_ws/install/trekking/lib/python3.12/site-packages'
[1.760s] Level 1:colcon.colcon_core.environment:checking '/home/caldo/Projects/trekking_test_ws/install/trekking/bin'
[1.761s] INFO:colcon.colcon_core.shell:Creating package script '/home/caldo/Projects/trekking_test_ws/install/trekking/share/trekking/package.ps1'
[1.762s] INFO:colcon.colcon_core.shell:Creating package descriptor '/home/caldo/Projects/trekking_test_ws/install/trekking/share/trekking/package.dsv'
[1.762s] INFO:colcon.colcon_core.shell:Creating package script '/home/caldo/Projects/trekking_test_ws/install/trekking/share/trekking/package.sh'
[1.764s] INFO:colcon.colcon_core.shell:Creating package script '/home/caldo/Projects/trekking_test_ws/install/trekking/share/trekking/package.bash'
[1.764s] INFO:colcon.colcon_core.shell:Creating package script '/home/caldo/Projects/trekking_test_ws/install/trekking/share/trekking/package.zsh'
[1.765s] Level 1:colcon.colcon_core.environment:create_file_with_runtime_dependencies(/home/caldo/Projects/trekking_test_ws/install/trekking/share/colcon-core/packages/trekking)
[20.488s] DEBUG:colcon.colcon_core.event_handler.log_command:Invoked command in '/home/caldo/Projects/trekking_test_ws/build/sllidar_ros2' returned '0': CMAKE_PREFIX_PATH=${CMAKE_PREFIX_PATH}:/opt/ros/jazzy PS1=\n\[\e[90;1m\][\[\e[0;34m\]\@\[\e[90;1m\]]-\[\e[90;1m\][\[\e[0;32m\]\u\[\e[0;33m\]@\[\e[0;32m\]\h\[\e[90;1m\]]-\[\e[90;1m\][\[\e[0;35m\]\w\[\e[90;1m\]]- \[[0;32m\]|main U:39 ?:11 \[[0;31m\]✗\[[0;32m\]|\n\[\e[39m\]$ /usr/bin/cmake --build /home/caldo/Projects/trekking_test_ws/build/sllidar_ros2 -- -j8 -l8
[20.499s] DEBUG:colcon.colcon_core.event_handler.log_command:Invoking command in '/home/caldo/Projects/trekking_test_ws/build/sllidar_ros2': CMAKE_PREFIX_PATH=${CMAKE_PREFIX_PATH}:/opt/ros/jazzy PS1=\n\[\e[90;1m\][\[\e[0;34m\]\@\[\e[90;1m\]]-\[\e[90;1m\][\[\e[0;32m\]\u\[\e[0;33m\]@\[\e[0;32m\]\h\[\e[90;1m\]]-\[\e[90;1m\][\[\e[0;35m\]\w\[\e[90;1m\]]- \[[0;32m\]|main U:39 ?:11 \[[0;31m\]✗\[[0;32m\]|\n\[\e[39m\]$ /usr/bin/cmake --install /home/caldo/Projects/trekking_test_ws/build/sllidar_ros2
[21.293s] Level 1:colcon.colcon_core.environment:create_environment_scripts_only(sllidar_ros2)
[21.296s] Level 1:colcon.colcon_core.environment:checking '/home/caldo/Projects/trekking_test_ws/install/sllidar_ros2' for CMake module files
[21.297s] DEBUG:colcon.colcon_core.event_handler.log_command:Invoked command in '/home/caldo/Projects/trekking_test_ws/build/sllidar_ros2' returned '0': CMAKE_PREFIX_PATH=${CMAKE_PREFIX_PATH}:/opt/ros/jazzy PS1=\n\[\e[90;1m\][\[\e[0;34m\]\@\[\e[90;1m\]]-\[\e[90;1m\][\[\e[0;32m\]\u\[\e[0;33m\]@\[\e[0;32m\]\h\[\e[90;1m\]]-\[\e[90;1m\][\[\e[0;35m\]\w\[\e[90;1m\]]- \[[0;32m\]|main U:39 ?:11 \[[0;31m\]✗\[[0;32m\]|\n\[\e[39m\]$ /usr/bin/cmake --install /home/caldo/Projects/trekking_test_ws/build/sllidar_ros2
[21.299s] Level 1:colcon.colcon_core.environment:checking '/home/caldo/Projects/trekking_test_ws/install/sllidar_ros2' for CMake config files
[21.300s] Level 1:colcon.colcon_core.shell:create_environment_hook('sllidar_ros2', 'cmake_prefix_path')
[21.301s] INFO:colcon.colcon_core.shell:Creating environment hook '/home/caldo/Projects/trekking_test_ws/install/sllidar_ros2/share/sllidar_ros2/hook/cmake_prefix_path.ps1'
[21.306s] INFO:colcon.colcon_core.shell:Creating environment descriptor '/home/caldo/Projects/trekking_test_ws/install/sllidar_ros2/share/sllidar_ros2/hook/cmake_prefix_path.dsv'
[21.307s] INFO:colcon.colcon_core.shell:Creating environment hook '/home/caldo/Projects/trekking_test_ws/install/sllidar_ros2/share/sllidar_ros2/hook/cmake_prefix_path.sh'
[21.311s] Level 1:colcon.colcon_core.environment:checking '/home/caldo/Projects/trekking_test_ws/install/sllidar_ros2/lib'
[21.314s] Level 1:colcon.colcon_core.environment:checking '/home/caldo/Projects/trekking_test_ws/install/sllidar_ros2/bin'
[21.315s] Level 1:colcon.colcon_core.environment:checking '/home/caldo/Projects/trekking_test_ws/install/sllidar_ros2/lib/pkgconfig/sllidar_ros2.pc'
[21.316s] Level 1:colcon.colcon_core.environment:checking '/home/caldo/Projects/trekking_test_ws/install/sllidar_ros2/lib/python3.12/site-packages'
[21.317s] Level 1:colcon.colcon_core.environment:checking '/home/caldo/Projects/trekking_test_ws/install/sllidar_ros2/bin'
[21.318s] INFO:colcon.colcon_core.shell:Creating package script '/home/caldo/Projects/trekking_test_ws/install/sllidar_ros2/share/sllidar_ros2/package.ps1'
[21.319s] INFO:colcon.colcon_core.shell:Creating package descriptor '/home/caldo/Projects/trekking_test_ws/install/sllidar_ros2/share/sllidar_ros2/package.dsv'
[21.320s] INFO:colcon.colcon_core.shell:Creating package script '/home/caldo/Projects/trekking_test_ws/install/sllidar_ros2/share/sllidar_ros2/package.sh'
[21.321s] INFO:colcon.colcon_core.shell:Creating package script '/home/caldo/Projects/trekking_test_ws/install/sllidar_ros2/share/sllidar_ros2/package.bash'
[21.322s] INFO:colcon.colcon_core.shell:Creating package script '/home/caldo/Projects/trekking_test_ws/install/sllidar_ros2/share/sllidar_ros2/package.zsh'
[21.323s] Level 1:colcon.colcon_core.environment:create_file_with_runtime_dependencies(/home/caldo/Projects/trekking_test_ws/install/sllidar_ros2/share/colcon-core/packages/sllidar_ros2)
[21.324s] Level 1:colcon.colcon_core.environment:create_environment_scripts_only(sllidar_ros2)
[21.324s] Level 1:colcon.colcon_core.environment:checking '/home/caldo/Projects/trekking_test_ws/install/sllidar_ros2' for CMake module files
[21.325s] Level 1:colcon.colcon_core.environment:checking '/home/caldo/Projects/trekking_test_ws/install/sllidar_ros2' for CMake config files
[21.326s] Level 1:colcon.colcon_core.shell:create_environment_hook('sllidar_ros2', 'cmake_prefix_path')
[21.326s] INFO:colcon.colcon_core.shell:Creating environment hook '/home/caldo/Projects/trekking_test_ws/install/sllidar_ros2/share/sllidar_ros2/hook/cmake_prefix_path.ps1'
[21.327s] INFO:colcon.colcon_core.shell:Creating environment descriptor '/home/caldo/Projects/trekking_test_ws/install/sllidar_ros2/share/sllidar_ros2/hook/cmake_prefix_path.dsv'
[21.327s] INFO:colcon.colcon_core.shell:Creating environment hook '/home/caldo/Projects/trekking_test_ws/install/sllidar_ros2/share/sllidar_ros2/hook/cmake_prefix_path.sh'
[21.328s] Level 1:colcon.colcon_core.environment:checking '/home/caldo/Projects/trekking_test_ws/install/sllidar_ros2/lib'
[21.328s] Level 1:colcon.colcon_core.environment:checking '/home/caldo/Projects/trekking_test_ws/install/sllidar_ros2/bin'
[21.328s] Level 1:colcon.colcon_core.environment:checking '/home/caldo/Projects/trekking_test_ws/install/sllidar_ros2/lib/pkgconfig/sllidar_ros2.pc'
[21.329s] Level 1:colcon.colcon_core.environment:checking '/home/caldo/Projects/trekking_test_ws/install/sllidar_ros2/lib/python3.12/site-packages'
[21.329s] Level 1:colcon.colcon_core.environment:checking '/home/caldo/Projects/trekking_test_ws/install/sllidar_ros2/bin'
[21.329s] INFO:colcon.colcon_core.shell:Creating package script '/home/caldo/Projects/trekking_test_ws/install/sllidar_ros2/share/sllidar_ros2/package.ps1'
[21.330s] INFO:colcon.colcon_core.shell:Creating package descriptor '/home/caldo/Projects/trekking_test_ws/install/sllidar_ros2/share/sllidar_ros2/package.dsv'
[21.331s] INFO:colcon.colcon_core.shell:Creating package script '/home/caldo/Projects/trekking_test_ws/install/sllidar_ros2/share/sllidar_ros2/package.sh'
[21.331s] INFO:colcon.colcon_core.shell:Creating package script '/home/caldo/Projects/trekking_test_ws/install/sllidar_ros2/share/sllidar_ros2/package.bash'
[21.332s] INFO:colcon.colcon_core.shell:Creating package script '/home/caldo/Projects/trekking_test_ws/install/sllidar_ros2/share/sllidar_ros2/package.zsh'
[21.333s] Level 1:colcon.colcon_core.environment:create_file_with_runtime_dependencies(/home/caldo/Projects/trekking_test_ws/install/sllidar_ros2/share/colcon-core/packages/sllidar_ros2)
[39.727s] DEBUG:colcon.colcon_core.event_handler.log_command:Invoked command in '/home/caldo/Projects/trekking_test_ws/build/rf2o_laser_odometry' returned '0': CMAKE_PREFIX_PATH=${CMAKE_PREFIX_PATH}:/opt/ros/jazzy PS1=\n\[\e[90;1m\][\[\e[0;34m\]\@\[\e[90;1m\]]-\[\e[90;1m\][\[\e[0;32m\]\u\[\e[0;33m\]@\[\e[0;32m\]\h\[\e[90;1m\]]-\[\e[90;1m\][\[\e[0;35m\]\w\[\e[90;1m\]]- \[[0;32m\]|main U:39 ?:11 \[[0;31m\]✗\[[0;32m\]|\n\[\e[39m\]$ /usr/bin/cmake --build /home/caldo/Projects/trekking_test_ws/build/rf2o_laser_odometry -- -j8 -l8
[39.729s] DEBUG:colcon.colcon_core.event_handler.log_command:Invoking command in '/home/caldo/Projects/trekking_test_ws/build/rf2o_laser_odometry': CMAKE_PREFIX_PATH=${CMAKE_PREFIX_PATH}:/opt/ros/jazzy PS1=\n\[\e[90;1m\][\[\e[0;34m\]\@\[\e[90;1m\]]-\[\e[90;1m\][\[\e[0;32m\]\u\[\e[0;33m\]@\[\e[0;32m\]\h\[\e[90;1m\]]-\[\e[90;1m\][\[\e[0;35m\]\w\[\e[90;1m\]]- \[[0;32m\]|main U:39 ?:11 \[[0;31m\]✗\[[0;32m\]|\n\[\e[39m\]$ /usr/bin/cmake --install /home/caldo/Projects/trekking_test_ws/build/rf2o_laser_odometry
[39.965s] Level 1:colcon.colcon_core.environment:create_environment_scripts_only(rf2o_laser_odometry)
[39.965s] Level 1:colcon.colcon_core.environment:checking '/home/caldo/Projects/trekking_test_ws/install/rf2o_laser_odometry' for CMake module files
[39.966s] DEBUG:colcon.colcon_core.event_handler.log_command:Invoked command in '/home/caldo/Projects/trekking_test_ws/build/rf2o_laser_odometry' returned '0': CMAKE_PREFIX_PATH=${CMAKE_PREFIX_PATH}:/opt/ros/jazzy PS1=\n\[\e[90;1m\][\[\e[0;34m\]\@\[\e[90;1m\]]-\[\e[90;1m\][\[\e[0;32m\]\u\[\e[0;33m\]@\[\e[0;32m\]\h\[\e[90;1m\]]-\[\e[90;1m\][\[\e[0;35m\]\w\[\e[90;1m\]]- \[[0;32m\]|main U:39 ?:11 \[[0;31m\]✗\[[0;32m\]|\n\[\e[39m\]$ /usr/bin/cmake --install /home/caldo/Projects/trekking_test_ws/build/rf2o_laser_odometry
[39.967s] Level 1:colcon.colcon_core.environment:checking '/home/caldo/Projects/trekking_test_ws/install/rf2o_laser_odometry' for CMake config files
[39.967s] Level 1:colcon.colcon_core.shell:create_environment_hook('rf2o_laser_odometry', 'cmake_prefix_path')
[39.967s] INFO:colcon.colcon_core.shell:Creating environment hook '/home/caldo/Projects/trekking_test_ws/install/rf2o_laser_odometry/share/rf2o_laser_odometry/hook/cmake_prefix_path.ps1'
[39.968s] INFO:colcon.colcon_core.shell:Creating environment descriptor '/home/caldo/Projects/trekking_test_ws/install/rf2o_laser_odometry/share/rf2o_laser_odometry/hook/cmake_prefix_path.dsv'
[39.968s] INFO:colcon.colcon_core.shell:Creating environment hook '/home/caldo/Projects/trekking_test_ws/install/rf2o_laser_odometry/share/rf2o_laser_odometry/hook/cmake_prefix_path.sh'
[39.969s] Level 1:colcon.colcon_core.environment:checking '/home/caldo/Projects/trekking_test_ws/install/rf2o_laser_odometry/lib'
[39.969s] Level 1:colcon.colcon_core.environment:checking '/home/caldo/Projects/trekking_test_ws/install/rf2o_laser_odometry/bin'
[39.969s] Level 1:colcon.colcon_core.environment:checking '/home/caldo/Projects/trekking_test_ws/install/rf2o_laser_odometry/lib/pkgconfig/rf2o_laser_odometry.pc'
[39.970s] Level 1:colcon.colcon_core.environment:checking '/home/caldo/Projects/trekking_test_ws/install/rf2o_laser_odometry/lib/python3.12/site-packages'
[39.970s] Level 1:colcon.colcon_core.environment:checking '/home/caldo/Projects/trekking_test_ws/install/rf2o_laser_odometry/bin'
[39.970s] INFO:colcon.colcon_core.shell:Creating package script '/home/caldo/Projects/trekking_test_ws/install/rf2o_laser_odometry/share/rf2o_laser_odometry/package.ps1'
[39.971s] INFO:colcon.colcon_core.shell:Creating package descriptor '/home/caldo/Projects/trekking_test_ws/install/rf2o_laser_odometry/share/rf2o_laser_odometry/package.dsv'
[39.971s] INFO:colcon.colcon_core.shell:Creating package script '/home/caldo/Projects/trekking_test_ws/install/rf2o_laser_odometry/share/rf2o_laser_odometry/package.sh'
[39.972s] INFO:colcon.colcon_core.shell:Creating package script '/home/caldo/Projects/trekking_test_ws/install/rf2o_laser_odometry/share/rf2o_laser_odometry/package.bash'
[39.972s] INFO:colcon.colcon_core.shell:Creating package script '/home/caldo/Projects/trekking_test_ws/install/rf2o_laser_odometry/share/rf2o_laser_odometry/package.zsh'
[39.973s] Level 1:colcon.colcon_core.environment:create_file_with_runtime_dependencies(/home/caldo/Projects/trekking_test_ws/install/rf2o_laser_odometry/share/colcon-core/packages/rf2o_laser_odometry)
[39.974s] Level 1:colcon.colcon_core.environment:create_environment_scripts_only(rf2o_laser_odometry)
[39.974s] Level 1:colcon.colcon_core.environment:checking '/home/caldo/Projects/trekking_test_ws/install/rf2o_laser_odometry' for CMake module files
[39.974s] Level 1:colcon.colcon_core.environment:checking '/home/caldo/Projects/trekking_test_ws/install/rf2o_laser_odometry' for CMake config files
[39.975s] Level 1:colcon.colcon_core.shell:create_environment_hook('rf2o_laser_odometry', 'cmake_prefix_path')
[39.975s] INFO:colcon.colcon_core.shell:Creating environment hook '/home/caldo/Projects/trekking_test_ws/install/rf2o_laser_odometry/share/rf2o_laser_odometry/hook/cmake_prefix_path.ps1'
[39.975s] INFO:colcon.colcon_core.shell:Creating environment descriptor '/home/caldo/Projects/trekking_test_ws/install/rf2o_laser_odometry/share/rf2o_laser_odometry/hook/cmake_prefix_path.dsv'
[39.976s] INFO:colcon.colcon_core.shell:Creating environment hook '/home/caldo/Projects/trekking_test_ws/install/rf2o_laser_odometry/share/rf2o_laser_odometry/hook/cmake_prefix_path.sh'
[39.977s] Level 1:colcon.colcon_core.environment:checking '/home/caldo/Projects/trekking_test_ws/install/rf2o_laser_odometry/lib'
[39.977s] Level 1:colcon.colcon_core.environment:checking '/home/caldo/Projects/trekking_test_ws/install/rf2o_laser_odometry/bin'
[39.977s] Level 1:colcon.colcon_core.environment:checking '/home/caldo/Projects/trekking_test_ws/install/rf2o_laser_odometry/lib/pkgconfig/rf2o_laser_odometry.pc'
[39.977s] Level 1:colcon.colcon_core.environment:checking '/home/caldo/Projects/trekking_test_ws/install/rf2o_laser_odometry/lib/python3.12/site-packages'
[39.977s] Level 1:colcon.colcon_core.environment:checking '/home/caldo/Projects/trekking_test_ws/install/rf2o_laser_odometry/bin'
[39.978s] INFO:colcon.colcon_core.shell:Creating package script '/home/caldo/Projects/trekking_test_ws/install/rf2o_laser_odometry/share/rf2o_laser_odometry/package.ps1'
[39.978s] INFO:colcon.colcon_core.shell:Creating package descriptor '/home/caldo/Projects/trekking_test_ws/install/rf2o_laser_odometry/share/rf2o_laser_odometry/package.dsv'
[39.979s] INFO:colcon.colcon_core.shell:Creating package script '/home/caldo/Projects/trekking_test_ws/install/rf2o_laser_odometry/share/rf2o_laser_odometry/package.sh'
[39.980s] INFO:colcon.colcon_core.shell:Creating package script '/home/caldo/Projects/trekking_test_ws/install/rf2o_laser_odometry/share/rf2o_laser_odometry/package.bash'
[39.980s] INFO:colcon.colcon_core.shell:Creating package script '/home/caldo/Projects/trekking_test_ws/install/rf2o_laser_odometry/share/rf2o_laser_odometry/package.zsh'
[39.981s] Level 1:colcon.colcon_core.environment:create_file_with_runtime_dependencies(/home/caldo/Projects/trekking_test_ws/install/rf2o_laser_odometry/share/colcon-core/packages/rf2o_laser_odometry)
[39.981s] DEBUG:colcon.colcon_parallel_executor.executor.parallel:closing loop
[39.982s] DEBUG:colcon.colcon_parallel_executor.executor.parallel:loop closed
[39.982s] DEBUG:colcon.colcon_parallel_executor.executor.parallel:run_until_complete finished with '0'
[39.982s] DEBUG:colcon.colcon_core.event_reactor:joining thread
[39.993s] INFO:colcon.colcon_core.plugin_system:Skipping extension 'colcon_notification.desktop_notification.notify2': 'notify2' not found
[39.994s] INFO:colcon.colcon_core.plugin_system:Skipping extension 'colcon_notification.desktop_notification.notify_send': Could not find 'notify-send'
[39.994s] INFO:colcon.colcon_core.plugin_system:Skipping extension 'colcon_notification.desktop_notification.terminal_notifier': Not used on non-Darwin systems
[39.994s] INFO:colcon.colcon_core.plugin_system:Skipping extension 'colcon_notification.desktop_notification.win32': Not used on non-Windows systems
[39.994s] DEBUG:colcon.colcon_core.event_reactor:joined thread
[39.995s] INFO:colcon.colcon_core.shell:Creating prefix script '/home/caldo/Projects/trekking_test_ws/install/local_setup.ps1'
[39.997s] INFO:colcon.colcon_core.shell:Creating prefix util module '/home/caldo/Projects/trekking_test_ws/install/_local_setup_util_ps1.py'
[39.999s] INFO:colcon.colcon_core.shell:Creating prefix chain script '/home/caldo/Projects/trekking_test_ws/install/setup.ps1'
[40.001s] INFO:colcon.colcon_core.shell:Creating prefix script '/home/caldo/Projects/trekking_test_ws/install/local_setup.sh'
[40.003s] INFO:colcon.colcon_core.shell:Creating prefix util module '/home/caldo/Projects/trekking_test_ws/install/_local_setup_util_sh.py'
[40.004s] INFO:colcon.colcon_core.shell:Creating prefix chain script '/home/caldo/Projects/trekking_test_ws/install/setup.sh'
[40.005s] INFO:colcon.colcon_core.shell:Creating prefix script '/home/caldo/Projects/trekking_test_ws/install/local_setup.bash'
[40.005s] INFO:colcon.colcon_core.shell:Creating prefix chain script '/home/caldo/Projects/trekking_test_ws/install/setup.bash'
[40.007s] INFO:colcon.colcon_core.shell:Creating prefix script '/home/caldo/Projects/trekking_test_ws/install/local_setup.zsh'
[40.008s] INFO:colcon.colcon_core.shell:Creating prefix chain script '/home/caldo/Projects/trekking_test_ws/install/setup.zsh'
