[0.227s] DEBUG:colcon:Command line arguments: ['/home/caldo/.espressif/python_env/idf5.2_py3.12_env/bin/colcon', 'build', '--symlink-install']
[0.227s] DEBUG:colcon:Parsed command line arguments: Namespace(log_base=None, log_level=None, verb_name='build', build_base='build', install_base='install', merge_install=False, symlink_install=True, test_result_base=None, continue_on_error=False, executor='parallel', parallel_workers=8, event_handlers=None, ignore_user_meta=False, metas=['./colcon.meta'], base_paths=['.'], packages_ignore=None, packages_ignore_regex=None, paths=None, packages_up_to=None, packages_up_to_regex=None, packages_above=None, packages_above_and_dependencies=None, packages_above_depth=None, packages_select_by_dep=None, packages_skip_by_dep=None, packages_skip_up_to=None, packages_select_build_failed=False, packages_skip_build_finished=False, packages_select_test_failures=False, packages_skip_test_passed=False, packages_select=None, packages_skip=None, packages_select_regex=None, packages_skip_regex=None, packages_start=None, packages_end=None, cmake_args=None, cmake_target=None, cmake_target_skip_unavailable=False, cmake_clean_cache=False, cmake_clean_first=False, cmake_force_configure=False, ament_cmake_args=None, catkin_cmake_args=None, catkin_skip_building_tests=False, verb_parser=<colcon_defaults.argument_parser.defaults.DefaultArgumentsDecorator object at 0x7beee694bb30>, verb_extension=<colcon_core.verb.build.BuildVerb object at 0x7beee6b21cd0>, main=<bound method BuildVerb.main of <colcon_core.verb.build.BuildVerb object at 0x7beee6b21cd0>>)
[0.303s] Level 1:colcon.colcon_core.package_discovery:discover_packages(colcon_meta) check parameters
[0.303s] Level 1:colcon.colcon_core.package_discovery:discover_packages(recursive) check parameters
[0.303s] Level 1:colcon.colcon_core.package_discovery:discover_packages(ignore) check parameters
[0.303s] Level 1:colcon.colcon_core.package_discovery:discover_packages(path) check parameters
[0.303s] Level 1:colcon.colcon_core.package_discovery:discover_packages(colcon_meta) discover
[0.303s] Level 1:colcon.colcon_core.package_discovery:discover_packages(recursive) discover
[0.303s] INFO:colcon.colcon_core.package_discovery:Crawling recursively for packages in '/home/caldo/Projects/trekking_test_ws'
[0.303s] Level 1:colcon.colcon_core.package_identification:_identify(.) by extensions ['ignore', 'ignore_ament_install']
[0.304s] Level 1:colcon.colcon_core.package_identification:_identify(.) by extension 'ignore'
[0.304s] Level 1:colcon.colcon_core.package_identification:_identify(.) by extension 'ignore_ament_install'
[0.304s] Level 1:colcon.colcon_core.package_identification:_identify(.) by extensions ['colcon_pkg']
[0.304s] Level 1:colcon.colcon_core.package_identification:_identify(.) by extension 'colcon_pkg'
[0.304s] Level 1:colcon.colcon_core.package_identification:_identify(.) by extensions ['colcon_meta']
[0.304s] Level 1:colcon.colcon_core.package_identification:_identify(.) by extension 'colcon_meta'
[0.304s] Level 1:colcon.colcon_core.package_identification:_identify(.) by extensions ['ros']
[0.304s] Level 1:colcon.colcon_core.package_identification:_identify(.) by extension 'ros'
[0.340s] Level 1:colcon.colcon_core.package_identification:_identify(.) by extensions ['cmake', 'python']
[0.340s] Level 1:colcon.colcon_core.package_identification:_identify(.) by extension 'cmake'
[0.340s] Level 1:colcon.colcon_core.package_identification:_identify(.) by extension 'python'
[0.340s] Level 1:colcon.colcon_core.package_identification:_identify(.) by extensions ['python_setup_py']
[0.340s] Level 1:colcon.colcon_core.package_identification:_identify(.) by extension 'python_setup_py'
[0.341s] Level 1:colcon.colcon_core.package_identification:_identify(build) by extensions ['ignore', 'ignore_ament_install']
[0.341s] Level 1:colcon.colcon_core.package_identification:_identify(build) by extension 'ignore'
[0.341s] Level 1:colcon.colcon_core.package_identification:_identify(build) ignored
[0.341s] Level 1:colcon.colcon_core.package_identification:_identify(install) by extensions ['ignore', 'ignore_ament_install']
[0.341s] Level 1:colcon.colcon_core.package_identification:_identify(install) by extension 'ignore'
[0.341s] Level 1:colcon.colcon_core.package_identification:_identify(install) ignored
[0.341s] Level 1:colcon.colcon_core.package_identification:_identify(log) by extensions ['ignore', 'ignore_ament_install']
[0.341s] Level 1:colcon.colcon_core.package_identification:_identify(log) by extension 'ignore'
[0.341s] Level 1:colcon.colcon_core.package_identification:_identify(log) ignored
[0.341s] Level 1:colcon.colcon_core.package_identification:_identify(src) by extensions ['ignore', 'ignore_ament_install']
[0.341s] Level 1:colcon.colcon_core.package_identification:_identify(src) by extension 'ignore'
[0.341s] Level 1:colcon.colcon_core.package_identification:_identify(src) by extension 'ignore_ament_install'
[0.341s] Level 1:colcon.colcon_core.package_identification:_identify(src) by extensions ['colcon_pkg']
[0.341s] Level 1:colcon.colcon_core.package_identification:_identify(src) by extension 'colcon_pkg'
[0.341s] Level 1:colcon.colcon_core.package_identification:_identify(src) by extensions ['colcon_meta']
[0.341s] Level 1:colcon.colcon_core.package_identification:_identify(src) by extension 'colcon_meta'
[0.342s] Level 1:colcon.colcon_core.package_identification:_identify(src) by extensions ['ros']
[0.342s] Level 1:colcon.colcon_core.package_identification:_identify(src) by extension 'ros'
[0.342s] Level 1:colcon.colcon_core.package_identification:_identify(src) by extensions ['cmake', 'python']
[0.342s] Level 1:colcon.colcon_core.package_identification:_identify(src) by extension 'cmake'
[0.342s] Level 1:colcon.colcon_core.package_identification:_identify(src) by extension 'python'
[0.342s] Level 1:colcon.colcon_core.package_identification:_identify(src) by extensions ['python_setup_py']
[0.342s] Level 1:colcon.colcon_core.package_identification:_identify(src) by extension 'python_setup_py'
[0.342s] Level 1:colcon.colcon_core.package_identification:_identify(src/rplidar_ros) by extensions ['ignore', 'ignore_ament_install']
[0.342s] Level 1:colcon.colcon_core.package_identification:_identify(src/rplidar_ros) by extension 'ignore'
[0.342s] Level 1:colcon.colcon_core.package_identification:_identify(src/rplidar_ros) by extension 'ignore_ament_install'
[0.342s] Level 1:colcon.colcon_core.package_identification:_identify(src/rplidar_ros) by extensions ['colcon_pkg']
[0.342s] Level 1:colcon.colcon_core.package_identification:_identify(src/rplidar_ros) by extension 'colcon_pkg'
[0.342s] Level 1:colcon.colcon_core.package_identification:_identify(src/rplidar_ros) by extensions ['colcon_meta']
[0.342s] Level 1:colcon.colcon_core.package_identification:_identify(src/rplidar_ros) by extension 'colcon_meta'
[0.342s] Level 1:colcon.colcon_core.package_identification:_identify(src/rplidar_ros) by extensions ['ros']
[0.342s] Level 1:colcon.colcon_core.package_identification:_identify(src/rplidar_ros) by extension 'ros'
[0.345s] DEBUG:colcon.colcon_core.package_identification:Package 'src/rplidar_ros' with type 'ros.ament_cmake' and name 'rplidar_ros'
[0.345s] Level 1:colcon.colcon_core.package_identification:_identify(src/trekking) by extensions ['ignore', 'ignore_ament_install']
[0.345s] Level 1:colcon.colcon_core.package_identification:_identify(src/trekking) by extension 'ignore'
[0.345s] Level 1:colcon.colcon_core.package_identification:_identify(src/trekking) by extension 'ignore_ament_install'
[0.345s] Level 1:colcon.colcon_core.package_identification:_identify(src/trekking) by extensions ['colcon_pkg']
[0.345s] Level 1:colcon.colcon_core.package_identification:_identify(src/trekking) by extension 'colcon_pkg'
[0.345s] Level 1:colcon.colcon_core.package_identification:_identify(src/trekking) by extensions ['colcon_meta']
[0.345s] Level 1:colcon.colcon_core.package_identification:_identify(src/trekking) by extension 'colcon_meta'
[0.345s] Level 1:colcon.colcon_core.package_identification:_identify(src/trekking) by extensions ['ros']
[0.345s] Level 1:colcon.colcon_core.package_identification:_identify(src/trekking) by extension 'ros'
[0.346s] DEBUG:colcon.colcon_core.package_identification:Package 'src/trekking' with type 'ros.ament_cmake' and name 'trekking'
[0.346s] Level 1:colcon.colcon_core.package_discovery:discover_packages(recursive) using defaults
[0.346s] Level 1:colcon.colcon_core.package_discovery:discover_packages(ignore) discover
[0.346s] Level 1:colcon.colcon_core.package_discovery:discover_packages(ignore) using defaults
[0.346s] Level 1:colcon.colcon_core.package_discovery:discover_packages(path) discover
[0.346s] Level 1:colcon.colcon_core.package_discovery:discover_packages(path) using defaults
[0.370s] Level 5:colcon.colcon_core.verb:set package 'rplidar_ros' build argument 'cmake_args' from command line to 'None'
[0.370s] Level 5:colcon.colcon_core.verb:set package 'rplidar_ros' build argument 'cmake_target' from command line to 'None'
[0.370s] Level 5:colcon.colcon_core.verb:set package 'rplidar_ros' build argument 'cmake_target_skip_unavailable' from command line to 'False'
[0.370s] Level 5:colcon.colcon_core.verb:set package 'rplidar_ros' build argument 'cmake_clean_cache' from command line to 'False'
[0.370s] Level 5:colcon.colcon_core.verb:set package 'rplidar_ros' build argument 'cmake_clean_first' from command line to 'False'
[0.370s] Level 5:colcon.colcon_core.verb:set package 'rplidar_ros' build argument 'cmake_force_configure' from command line to 'False'
[0.370s] Level 5:colcon.colcon_core.verb:set package 'rplidar_ros' build argument 'ament_cmake_args' from command line to 'None'
[0.370s] Level 5:colcon.colcon_core.verb:set package 'rplidar_ros' build argument 'catkin_cmake_args' from command line to 'None'
[0.370s] Level 5:colcon.colcon_core.verb:set package 'rplidar_ros' build argument 'catkin_skip_building_tests' from command line to 'False'
[0.370s] DEBUG:colcon.colcon_core.verb:Building package 'rplidar_ros' with the following arguments: {'ament_cmake_args': None, 'build_base': '/home/caldo/Projects/trekking_test_ws/build/rplidar_ros', 'catkin_cmake_args': None, 'catkin_skip_building_tests': False, 'cmake_args': None, 'cmake_clean_cache': False, 'cmake_clean_first': False, 'cmake_force_configure': False, 'cmake_target': None, 'cmake_target_skip_unavailable': False, 'install_base': '/home/caldo/Projects/trekking_test_ws/install/rplidar_ros', 'merge_install': False, 'path': '/home/caldo/Projects/trekking_test_ws/src/rplidar_ros', 'symlink_install': True, 'test_result_base': None}
[0.370s] Level 5:colcon.colcon_core.verb:set package 'trekking' build argument 'cmake_args' from command line to 'None'
[0.370s] Level 5:colcon.colcon_core.verb:set package 'trekking' build argument 'cmake_target' from command line to 'None'
[0.370s] Level 5:colcon.colcon_core.verb:set package 'trekking' build argument 'cmake_target_skip_unavailable' from command line to 'False'
[0.370s] Level 5:colcon.colcon_core.verb:set package 'trekking' build argument 'cmake_clean_cache' from command line to 'False'
[0.370s] Level 5:colcon.colcon_core.verb:set package 'trekking' build argument 'cmake_clean_first' from command line to 'False'
[0.370s] Level 5:colcon.colcon_core.verb:set package 'trekking' build argument 'cmake_force_configure' from command line to 'False'
[0.370s] Level 5:colcon.colcon_core.verb:set package 'trekking' build argument 'ament_cmake_args' from command line to 'None'
[0.370s] Level 5:colcon.colcon_core.verb:set package 'trekking' build argument 'catkin_cmake_args' from command line to 'None'
[0.370s] Level 5:colcon.colcon_core.verb:set package 'trekking' build argument 'catkin_skip_building_tests' from command line to 'False'
[0.370s] DEBUG:colcon.colcon_core.verb:Building package 'trekking' with the following arguments: {'ament_cmake_args': None, 'build_base': '/home/caldo/Projects/trekking_test_ws/build/trekking', 'catkin_cmake_args': None, 'catkin_skip_building_tests': False, 'cmake_args': None, 'cmake_clean_cache': False, 'cmake_clean_first': False, 'cmake_force_configure': False, 'cmake_target': None, 'cmake_target_skip_unavailable': False, 'install_base': '/home/caldo/Projects/trekking_test_ws/install/trekking', 'merge_install': False, 'path': '/home/caldo/Projects/trekking_test_ws/src/trekking', 'symlink_install': True, 'test_result_base': None}
[0.371s] INFO:colcon.colcon_core.executor:Executing jobs using 'parallel' executor
[0.371s] DEBUG:colcon.colcon_parallel_executor.executor.parallel:run_until_complete
[0.371s] INFO:colcon.colcon_ros.task.ament_cmake.build:Building ROS package in '/home/caldo/Projects/trekking_test_ws/src/rplidar_ros' with build type 'ament_cmake'
[0.371s] INFO:colcon.colcon_cmake.task.cmake.build:Building CMake package in '/home/caldo/Projects/trekking_test_ws/src/rplidar_ros'
[0.374s] INFO:colcon.colcon_core.plugin_system:Skipping extension 'colcon_core.shell.bat': Not used on non-Windows systems
[0.375s] INFO:colcon.colcon_core.shell:Skip shell extension 'powershell' for command environment: Not usable outside of PowerShell
[0.375s] DEBUG:colcon.colcon_core.shell:Skip shell extension 'dsv' for command environment
[0.380s] INFO:colcon.colcon_ros.task.ament_cmake.build:Building ROS package in '/home/caldo/Projects/trekking_test_ws/src/trekking' with build type 'ament_cmake'
[0.381s] INFO:colcon.colcon_cmake.task.cmake.build:Building CMake package in '/home/caldo/Projects/trekking_test_ws/src/trekking'
[0.381s] INFO:colcon.colcon_core.shell:Skip shell extension 'powershell' for command environment: Not usable outside of PowerShell
[0.381s] DEBUG:colcon.colcon_core.shell:Skip shell extension 'dsv' for command environment
[0.387s] DEBUG:colcon.colcon_core.event_handler.log_command:Invoking command in '/home/caldo/Projects/trekking_test_ws/build/rplidar_ros': CMAKE_PREFIX_PATH=${CMAKE_PREFIX_PATH}:/opt/ros/jazzy PS1=\n\[\e[90;1m\][\[\e[0;34m\]\@\[\e[90;1m\]]-\[\e[90;1m\][\[\e[0;32m\]\u\[\e[0;33m\]@\[\e[0;32m\]\h\[\e[90;1m\]]-\[\e[90;1m\][\[\e[0;35m\]\w\[\e[90;1m\]]-\n\[\e[39m\]$ /usr/bin/cmake /home/caldo/Projects/trekking_test_ws/src/rplidar_ros -DAMENT_CMAKE_SYMLINK_INSTALL=1 -DCMAKE_INSTALL_PREFIX=/home/caldo/Projects/trekking_test_ws/install/rplidar_ros
[0.393s] DEBUG:colcon.colcon_core.event_handler.log_command:Invoking command in '/home/caldo/Projects/trekking_test_ws/build/trekking': CMAKE_PREFIX_PATH=${CMAKE_PREFIX_PATH}:/opt/ros/jazzy PS1=\n\[\e[90;1m\][\[\e[0;34m\]\@\[\e[90;1m\]]-\[\e[90;1m\][\[\e[0;32m\]\u\[\e[0;33m\]@\[\e[0;32m\]\h\[\e[90;1m\]]-\[\e[90;1m\][\[\e[0;35m\]\w\[\e[90;1m\]]-\n\[\e[39m\]$ /usr/bin/cmake --build /home/caldo/Projects/trekking_test_ws/build/trekking -- -j8 -l8
[0.473s] DEBUG:colcon.colcon_core.event_handler.log_command:Invoked command in '/home/caldo/Projects/trekking_test_ws/build/trekking' returned '0': CMAKE_PREFIX_PATH=${CMAKE_PREFIX_PATH}:/opt/ros/jazzy PS1=\n\[\e[90;1m\][\[\e[0;34m\]\@\[\e[90;1m\]]-\[\e[90;1m\][\[\e[0;32m\]\u\[\e[0;33m\]@\[\e[0;32m\]\h\[\e[90;1m\]]-\[\e[90;1m\][\[\e[0;35m\]\w\[\e[90;1m\]]-\n\[\e[39m\]$ /usr/bin/cmake --build /home/caldo/Projects/trekking_test_ws/build/trekking -- -j8 -l8
[0.482s] DEBUG:colcon.colcon_core.event_handler.log_command:Invoking command in '/home/caldo/Projects/trekking_test_ws/build/trekking': CMAKE_PREFIX_PATH=${CMAKE_PREFIX_PATH}:/opt/ros/jazzy PS1=\n\[\e[90;1m\][\[\e[0;34m\]\@\[\e[90;1m\]]-\[\e[90;1m\][\[\e[0;32m\]\u\[\e[0;33m\]@\[\e[0;32m\]\h\[\e[90;1m\]]-\[\e[90;1m\][\[\e[0;35m\]\w\[\e[90;1m\]]-\n\[\e[39m\]$ /usr/bin/cmake --install /home/caldo/Projects/trekking_test_ws/build/trekking
[0.499s] Level 1:colcon.colcon_core.environment:create_environment_scripts_only(trekking)
[0.500s] DEBUG:colcon.colcon_core.event_handler.log_command:Invoked command in '/home/caldo/Projects/trekking_test_ws/build/trekking' returned '0': CMAKE_PREFIX_PATH=${CMAKE_PREFIX_PATH}:/opt/ros/jazzy PS1=\n\[\e[90;1m\][\[\e[0;34m\]\@\[\e[90;1m\]]-\[\e[90;1m\][\[\e[0;32m\]\u\[\e[0;33m\]@\[\e[0;32m\]\h\[\e[90;1m\]]-\[\e[90;1m\][\[\e[0;35m\]\w\[\e[90;1m\]]-\n\[\e[39m\]$ /usr/bin/cmake --install /home/caldo/Projects/trekking_test_ws/build/trekking
[0.503s] Level 1:colcon.colcon_core.environment:checking '/home/caldo/Projects/trekking_test_ws/install/trekking' for CMake module files
[0.504s] Level 1:colcon.colcon_core.environment:checking '/home/caldo/Projects/trekking_test_ws/install/trekking' for CMake config files
[0.504s] Level 1:colcon.colcon_core.shell:create_environment_hook('trekking', 'cmake_prefix_path')
[0.504s] INFO:colcon.colcon_core.shell:Creating environment hook '/home/caldo/Projects/trekking_test_ws/install/trekking/share/trekking/hook/cmake_prefix_path.ps1'
[0.505s] INFO:colcon.colcon_core.shell:Creating environment descriptor '/home/caldo/Projects/trekking_test_ws/install/trekking/share/trekking/hook/cmake_prefix_path.dsv'
[0.505s] INFO:colcon.colcon_core.shell:Creating environment hook '/home/caldo/Projects/trekking_test_ws/install/trekking/share/trekking/hook/cmake_prefix_path.sh'
[0.506s] Level 1:colcon.colcon_core.environment:checking '/home/caldo/Projects/trekking_test_ws/install/trekking/bin'
[0.506s] Level 1:colcon.colcon_core.environment:checking '/home/caldo/Projects/trekking_test_ws/install/trekking/lib/pkgconfig/trekking.pc'
[0.508s] Level 1:colcon.colcon_core.environment:checking '/home/caldo/Projects/trekking_test_ws/install/trekking/lib/python3.12/site-packages'
[0.509s] Level 1:colcon.colcon_core.environment:checking '/home/caldo/Projects/trekking_test_ws/install/trekking/bin'
[0.509s] INFO:colcon.colcon_core.shell:Creating package script '/home/caldo/Projects/trekking_test_ws/install/trekking/share/trekking/package.ps1'
[0.510s] INFO:colcon.colcon_core.shell:Creating package descriptor '/home/caldo/Projects/trekking_test_ws/install/trekking/share/trekking/package.dsv'
[0.510s] INFO:colcon.colcon_core.shell:Creating package script '/home/caldo/Projects/trekking_test_ws/install/trekking/share/trekking/package.sh'
[0.511s] INFO:colcon.colcon_core.shell:Creating package script '/home/caldo/Projects/trekking_test_ws/install/trekking/share/trekking/package.bash'
[0.511s] INFO:colcon.colcon_core.shell:Creating package script '/home/caldo/Projects/trekking_test_ws/install/trekking/share/trekking/package.zsh'
[0.512s] Level 1:colcon.colcon_core.environment:create_file_with_runtime_dependencies(/home/caldo/Projects/trekking_test_ws/install/trekking/share/colcon-core/packages/trekking)
[0.512s] Level 1:colcon.colcon_core.environment:create_environment_scripts_only(trekking)
[0.512s] Level 1:colcon.colcon_core.environment:checking '/home/caldo/Projects/trekking_test_ws/install/trekking' for CMake module files
[0.513s] Level 1:colcon.colcon_core.environment:checking '/home/caldo/Projects/trekking_test_ws/install/trekking' for CMake config files
[0.513s] Level 1:colcon.colcon_core.shell:create_environment_hook('trekking', 'cmake_prefix_path')
[0.513s] INFO:colcon.colcon_core.shell:Creating environment hook '/home/caldo/Projects/trekking_test_ws/install/trekking/share/trekking/hook/cmake_prefix_path.ps1'
[0.514s] INFO:colcon.colcon_core.shell:Creating environment descriptor '/home/caldo/Projects/trekking_test_ws/install/trekking/share/trekking/hook/cmake_prefix_path.dsv'
[0.514s] INFO:colcon.colcon_core.shell:Creating environment hook '/home/caldo/Projects/trekking_test_ws/install/trekking/share/trekking/hook/cmake_prefix_path.sh'
[0.515s] Level 1:colcon.colcon_core.environment:checking '/home/caldo/Projects/trekking_test_ws/install/trekking/bin'
[0.515s] Level 1:colcon.colcon_core.environment:checking '/home/caldo/Projects/trekking_test_ws/install/trekking/lib/pkgconfig/trekking.pc'
[0.515s] Level 1:colcon.colcon_core.environment:checking '/home/caldo/Projects/trekking_test_ws/install/trekking/lib/python3.12/site-packages'
[0.515s] Level 1:colcon.colcon_core.environment:checking '/home/caldo/Projects/trekking_test_ws/install/trekking/bin'
[0.515s] INFO:colcon.colcon_core.shell:Creating package script '/home/caldo/Projects/trekking_test_ws/install/trekking/share/trekking/package.ps1'
[0.516s] INFO:colcon.colcon_core.shell:Creating package descriptor '/home/caldo/Projects/trekking_test_ws/install/trekking/share/trekking/package.dsv'
[0.516s] INFO:colcon.colcon_core.shell:Creating package script '/home/caldo/Projects/trekking_test_ws/install/trekking/share/trekking/package.sh'
[0.516s] INFO:colcon.colcon_core.shell:Creating package script '/home/caldo/Projects/trekking_test_ws/install/trekking/share/trekking/package.bash'
[0.517s] INFO:colcon.colcon_core.shell:Creating package script '/home/caldo/Projects/trekking_test_ws/install/trekking/share/trekking/package.zsh'
[0.517s] Level 1:colcon.colcon_core.environment:create_file_with_runtime_dependencies(/home/caldo/Projects/trekking_test_ws/install/trekking/share/colcon-core/packages/trekking)
[1.556s] DEBUG:colcon.colcon_core.event_handler.log_command:Invoked command in '/home/caldo/Projects/trekking_test_ws/build/rplidar_ros' returned '0': CMAKE_PREFIX_PATH=${CMAKE_PREFIX_PATH}:/opt/ros/jazzy PS1=\n\[\e[90;1m\][\[\e[0;34m\]\@\[\e[90;1m\]]-\[\e[90;1m\][\[\e[0;32m\]\u\[\e[0;33m\]@\[\e[0;32m\]\h\[\e[90;1m\]]-\[\e[90;1m\][\[\e[0;35m\]\w\[\e[90;1m\]]-\n\[\e[39m\]$ /usr/bin/cmake /home/caldo/Projects/trekking_test_ws/src/rplidar_ros -DAMENT_CMAKE_SYMLINK_INSTALL=1 -DCMAKE_INSTALL_PREFIX=/home/caldo/Projects/trekking_test_ws/install/rplidar_ros
[1.557s] DEBUG:colcon.colcon_core.event_handler.log_command:Invoking command in '/home/caldo/Projects/trekking_test_ws/build/rplidar_ros': CMAKE_PREFIX_PATH=${CMAKE_PREFIX_PATH}:/opt/ros/jazzy PS1=\n\[\e[90;1m\][\[\e[0;34m\]\@\[\e[90;1m\]]-\[\e[90;1m\][\[\e[0;32m\]\u\[\e[0;33m\]@\[\e[0;32m\]\h\[\e[90;1m\]]-\[\e[90;1m\][\[\e[0;35m\]\w\[\e[90;1m\]]-\n\[\e[39m\]$ /usr/bin/cmake --build /home/caldo/Projects/trekking_test_ws/build/rplidar_ros -- -j8 -l8
[15.708s] DEBUG:colcon.colcon_core.event_handler.log_command:Invoked command in '/home/caldo/Projects/trekking_test_ws/build/rplidar_ros' returned '0': CMAKE_PREFIX_PATH=${CMAKE_PREFIX_PATH}:/opt/ros/jazzy PS1=\n\[\e[90;1m\][\[\e[0;34m\]\@\[\e[90;1m\]]-\[\e[90;1m\][\[\e[0;32m\]\u\[\e[0;33m\]@\[\e[0;32m\]\h\[\e[90;1m\]]-\[\e[90;1m\][\[\e[0;35m\]\w\[\e[90;1m\]]-\n\[\e[39m\]$ /usr/bin/cmake --build /home/caldo/Projects/trekking_test_ws/build/rplidar_ros -- -j8 -l8
[15.713s] DEBUG:colcon.colcon_core.event_handler.log_command:Invoking command in '/home/caldo/Projects/trekking_test_ws/build/rplidar_ros': CMAKE_PREFIX_PATH=${CMAKE_PREFIX_PATH}:/opt/ros/jazzy PS1=\n\[\e[90;1m\][\[\e[0;34m\]\@\[\e[90;1m\]]-\[\e[90;1m\][\[\e[0;32m\]\u\[\e[0;33m\]@\[\e[0;32m\]\h\[\e[90;1m\]]-\[\e[90;1m\][\[\e[0;35m\]\w\[\e[90;1m\]]-\n\[\e[39m\]$ /usr/bin/cmake --install /home/caldo/Projects/trekking_test_ws/build/rplidar_ros
[16.119s] Level 1:colcon.colcon_core.environment:create_environment_scripts_only(rplidar_ros)
[16.120s] Level 1:colcon.colcon_core.environment:checking '/home/caldo/Projects/trekking_test_ws/install/rplidar_ros' for CMake module files
[16.121s] DEBUG:colcon.colcon_core.event_handler.log_command:Invoked command in '/home/caldo/Projects/trekking_test_ws/build/rplidar_ros' returned '0': CMAKE_PREFIX_PATH=${CMAKE_PREFIX_PATH}:/opt/ros/jazzy PS1=\n\[\e[90;1m\][\[\e[0;34m\]\@\[\e[90;1m\]]-\[\e[90;1m\][\[\e[0;32m\]\u\[\e[0;33m\]@\[\e[0;32m\]\h\[\e[90;1m\]]-\[\e[90;1m\][\[\e[0;35m\]\w\[\e[90;1m\]]-\n\[\e[39m\]$ /usr/bin/cmake --install /home/caldo/Projects/trekking_test_ws/build/rplidar_ros
[16.122s] Level 1:colcon.colcon_core.environment:checking '/home/caldo/Projects/trekking_test_ws/install/rplidar_ros' for CMake config files
[16.122s] Level 1:colcon.colcon_core.shell:create_environment_hook('rplidar_ros', 'cmake_prefix_path')
[16.123s] INFO:colcon.colcon_core.shell:Creating environment hook '/home/caldo/Projects/trekking_test_ws/install/rplidar_ros/share/rplidar_ros/hook/cmake_prefix_path.ps1'
[16.124s] INFO:colcon.colcon_core.shell:Creating environment descriptor '/home/caldo/Projects/trekking_test_ws/install/rplidar_ros/share/rplidar_ros/hook/cmake_prefix_path.dsv'
[16.125s] INFO:colcon.colcon_core.shell:Creating environment hook '/home/caldo/Projects/trekking_test_ws/install/rplidar_ros/share/rplidar_ros/hook/cmake_prefix_path.sh'
[16.126s] Level 1:colcon.colcon_core.environment:checking '/home/caldo/Projects/trekking_test_ws/install/rplidar_ros/lib'
[16.127s] Level 1:colcon.colcon_core.environment:checking '/home/caldo/Projects/trekking_test_ws/install/rplidar_ros/bin'
[16.127s] Level 1:colcon.colcon_core.environment:checking '/home/caldo/Projects/trekking_test_ws/install/rplidar_ros/lib/pkgconfig/rplidar_ros.pc'
[16.128s] Level 1:colcon.colcon_core.environment:checking '/home/caldo/Projects/trekking_test_ws/install/rplidar_ros/lib/python3.12/site-packages'
[16.128s] Level 1:colcon.colcon_core.environment:checking '/home/caldo/Projects/trekking_test_ws/install/rplidar_ros/bin'
[16.128s] INFO:colcon.colcon_core.shell:Creating package script '/home/caldo/Projects/trekking_test_ws/install/rplidar_ros/share/rplidar_ros/package.ps1'
[16.129s] INFO:colcon.colcon_core.shell:Creating package descriptor '/home/caldo/Projects/trekking_test_ws/install/rplidar_ros/share/rplidar_ros/package.dsv'
[16.129s] INFO:colcon.colcon_core.shell:Creating package script '/home/caldo/Projects/trekking_test_ws/install/rplidar_ros/share/rplidar_ros/package.sh'
[16.130s] INFO:colcon.colcon_core.shell:Creating package script '/home/caldo/Projects/trekking_test_ws/install/rplidar_ros/share/rplidar_ros/package.bash'
[16.130s] INFO:colcon.colcon_core.shell:Creating package script '/home/caldo/Projects/trekking_test_ws/install/rplidar_ros/share/rplidar_ros/package.zsh'
[16.130s] Level 1:colcon.colcon_core.environment:create_file_with_runtime_dependencies(/home/caldo/Projects/trekking_test_ws/install/rplidar_ros/share/colcon-core/packages/rplidar_ros)
[16.131s] Level 1:colcon.colcon_core.environment:create_environment_scripts_only(rplidar_ros)
[16.131s] Level 1:colcon.colcon_core.environment:checking '/home/caldo/Projects/trekking_test_ws/install/rplidar_ros' for CMake module files
[16.132s] Level 1:colcon.colcon_core.environment:checking '/home/caldo/Projects/trekking_test_ws/install/rplidar_ros' for CMake config files
[16.132s] Level 1:colcon.colcon_core.shell:create_environment_hook('rplidar_ros', 'cmake_prefix_path')
[16.132s] INFO:colcon.colcon_core.shell:Creating environment hook '/home/caldo/Projects/trekking_test_ws/install/rplidar_ros/share/rplidar_ros/hook/cmake_prefix_path.ps1'
[16.133s] INFO:colcon.colcon_core.shell:Creating environment descriptor '/home/caldo/Projects/trekking_test_ws/install/rplidar_ros/share/rplidar_ros/hook/cmake_prefix_path.dsv'
[16.133s] INFO:colcon.colcon_core.shell:Creating environment hook '/home/caldo/Projects/trekking_test_ws/install/rplidar_ros/share/rplidar_ros/hook/cmake_prefix_path.sh'
[16.133s] Level 1:colcon.colcon_core.environment:checking '/home/caldo/Projects/trekking_test_ws/install/rplidar_ros/lib'
[16.133s] Level 1:colcon.colcon_core.environment:checking '/home/caldo/Projects/trekking_test_ws/install/rplidar_ros/bin'
[16.133s] Level 1:colcon.colcon_core.environment:checking '/home/caldo/Projects/trekking_test_ws/install/rplidar_ros/lib/pkgconfig/rplidar_ros.pc'
[16.134s] Level 1:colcon.colcon_core.environment:checking '/home/caldo/Projects/trekking_test_ws/install/rplidar_ros/lib/python3.12/site-packages'
[16.134s] Level 1:colcon.colcon_core.environment:checking '/home/caldo/Projects/trekking_test_ws/install/rplidar_ros/bin'
[16.134s] INFO:colcon.colcon_core.shell:Creating package script '/home/caldo/Projects/trekking_test_ws/install/rplidar_ros/share/rplidar_ros/package.ps1'
[16.134s] INFO:colcon.colcon_core.shell:Creating package descriptor '/home/caldo/Projects/trekking_test_ws/install/rplidar_ros/share/rplidar_ros/package.dsv'
[16.135s] INFO:colcon.colcon_core.shell:Creating package script '/home/caldo/Projects/trekking_test_ws/install/rplidar_ros/share/rplidar_ros/package.sh'
[16.135s] INFO:colcon.colcon_core.shell:Creating package script '/home/caldo/Projects/trekking_test_ws/install/rplidar_ros/share/rplidar_ros/package.bash'
[16.136s] INFO:colcon.colcon_core.shell:Creating package script '/home/caldo/Projects/trekking_test_ws/install/rplidar_ros/share/rplidar_ros/package.zsh'
[16.136s] Level 1:colcon.colcon_core.environment:create_file_with_runtime_dependencies(/home/caldo/Projects/trekking_test_ws/install/rplidar_ros/share/colcon-core/packages/rplidar_ros)
[16.137s] DEBUG:colcon.colcon_parallel_executor.executor.parallel:closing loop
[16.137s] DEBUG:colcon.colcon_parallel_executor.executor.parallel:loop closed
[16.137s] DEBUG:colcon.colcon_parallel_executor.executor.parallel:run_until_complete finished with '0'
[16.137s] DEBUG:colcon.colcon_core.event_reactor:joining thread
[16.163s] INFO:colcon.colcon_core.plugin_system:Skipping extension 'colcon_notification.desktop_notification.notify2': 'notify2' not found
[16.163s] INFO:colcon.colcon_core.plugin_system:Skipping extension 'colcon_notification.desktop_notification.notify_send': Could not find 'notify-send'
[16.163s] INFO:colcon.colcon_core.plugin_system:Skipping extension 'colcon_notification.desktop_notification.terminal_notifier': Not used on non-Darwin systems
[16.163s] INFO:colcon.colcon_core.plugin_system:Skipping extension 'colcon_notification.desktop_notification.win32': Not used on non-Windows systems
[16.164s] DEBUG:colcon.colcon_core.event_reactor:joined thread
[16.164s] INFO:colcon.colcon_core.shell:Creating prefix script '/home/caldo/Projects/trekking_test_ws/install/local_setup.ps1'
[16.165s] INFO:colcon.colcon_core.shell:Creating prefix util module '/home/caldo/Projects/trekking_test_ws/install/_local_setup_util_ps1.py'
[16.166s] INFO:colcon.colcon_core.shell:Creating prefix chain script '/home/caldo/Projects/trekking_test_ws/install/setup.ps1'
[16.167s] INFO:colcon.colcon_core.shell:Creating prefix script '/home/caldo/Projects/trekking_test_ws/install/local_setup.sh'
[16.168s] INFO:colcon.colcon_core.shell:Creating prefix util module '/home/caldo/Projects/trekking_test_ws/install/_local_setup_util_sh.py'
[16.169s] INFO:colcon.colcon_core.shell:Creating prefix chain script '/home/caldo/Projects/trekking_test_ws/install/setup.sh'
[16.170s] INFO:colcon.colcon_core.shell:Creating prefix script '/home/caldo/Projects/trekking_test_ws/install/local_setup.bash'
[16.170s] INFO:colcon.colcon_core.shell:Creating prefix chain script '/home/caldo/Projects/trekking_test_ws/install/setup.bash'
[16.171s] INFO:colcon.colcon_core.shell:Creating prefix script '/home/caldo/Projects/trekking_test_ws/install/local_setup.zsh'
[16.172s] INFO:colcon.colcon_core.shell:Creating prefix chain script '/home/caldo/Projects/trekking_test_ws/install/setup.zsh'
