[0.023s] Invoking command in '/home/caldo/Projects/trekking_test_ws/build/trekking': CMAKE_PREFIX_PATH=${CMAKE_PREFIX_PATH}:/opt/ros/jazzy PS1=\n\[\e[90;1m\][\[\e[0;34m\]\@\[\e[90;1m\]]-\[\e[90;1m\][\[\e[0;32m\]\u\[\e[0;33m\]@\[\e[0;32m\]\h\[\e[90;1m\]]-\[\e[90;1m\][\[\e[0;35m\]\w\[\e[90;1m\]]-\n\[\e[39m\]$ /usr/bin/cmake --build /home/caldo/Projects/trekking_test_ws/build/trekking -- -j8 -l8
[0.123s] Invoked command in '/home/caldo/Projects/trekking_test_ws/build/trekking' returned '0': CMAKE_PREFIX_PATH=${CMAKE_PREFIX_PATH}:/opt/ros/jazzy PS1=\n\[\e[90;1m\][\[\e[0;34m\]\@\[\e[90;1m\]]-\[\e[90;1m\][\[\e[0;32m\]\u\[\e[0;33m\]@\[\e[0;32m\]\h\[\e[90;1m\]]-\[\e[90;1m\][\[\e[0;35m\]\w\[\e[90;1m\]]-\n\[\e[39m\]$ /usr/bin/cmake --build /home/caldo/Projects/trekking_test_ws/build/trekking -- -j8 -l8
[0.138s] Invoking command in '/home/caldo/Projects/trekking_test_ws/build/trekking': CMAKE_PREFIX_PATH=${CMAKE_PREFIX_PATH}:/opt/ros/jazzy PS1=\n\[\e[90;1m\][\[\e[0;34m\]\@\[\e[90;1m\]]-\[\e[90;1m\][\[\e[0;32m\]\u\[\e[0;33m\]@\[\e[0;32m\]\h\[\e[90;1m\]]-\[\e[90;1m\][\[\e[0;35m\]\w\[\e[90;1m\]]-\n\[\e[39m\]$ /usr/bin/cmake --install /home/caldo/Projects/trekking_test_ws/build/trekking
[0.149s] -- Install configuration: ""
[0.150s] -- Execute custom install script
[0.150s] -- Symlinking: /home/caldo/Projects/trekking_test_ws/install/trekking/share/trekking/config/drive_bot.rviz
[0.165s] -- Up-to-date symlink: /home/caldo/Projects/trekking_test_ws/install/trekking/share/trekking/config/empty.yaml
[0.166s] -- Symlinking: /home/caldo/Projects/trekking_test_ws/install/trekking/share/trekking/config/gaz_ros2_ctl_use_sim.yaml
[0.179s] -- Symlinking: /home/caldo/Projects/trekking_test_ws/install/trekking/share/trekking/config/gazebo_params.yaml
[0.192s] -- Symlinking: /home/caldo/Projects/trekking_test_ws/install/trekking/share/trekking/config/joystick.yaml
[0.206s] -- Symlinking: /home/caldo/Projects/trekking_test_ws/install/trekking/share/trekking/config/main.rviz
[0.218s] -- Symlinking: /home/caldo/Projects/trekking_test_ws/install/trekking/share/trekking/config/map.rviz
[0.230s] -- Symlinking: /home/caldo/Projects/trekking_test_ws/install/trekking/share/trekking/config/mapper_params_online_async.yaml
[0.243s] -- Symlinking: /home/caldo/Projects/trekking_test_ws/install/trekking/share/trekking/config/my_controllers.yaml
[0.255s] -- Symlinking: /home/caldo/Projects/trekking_test_ws/install/trekking/share/trekking/config/nav2_params.yaml
[0.269s] -- Up-to-date symlink: /home/caldo/Projects/trekking_test_ws/install/trekking/share/trekking/config/oche kkkk.rviz
[0.269s] -- Symlinking: /home/caldo/Projects/trekking_test_ws/install/trekking/share/trekking/config/twist_mux.yaml
[0.281s] -- Up-to-date symlink: /home/caldo/Projects/trekking_test_ws/install/trekking/share/trekking/config/view_bot.rviz
[0.282s] -- Symlinking: /home/caldo/Projects/trekking_test_ws/install/trekking/share/trekking/description/camera.xacro
[0.295s] -- Symlinking: /home/caldo/Projects/trekking_test_ws/install/trekking/share/trekking/description/depth_camera.xacro
[0.310s] -- Symlinking: /home/caldo/Projects/trekking_test_ws/install/trekking/share/trekking/description/face.xacro
[0.323s] -- Symlinking: /home/caldo/Projects/trekking_test_ws/install/trekking/share/trekking/description/gazebo_control.xacro
[0.339s] -- Up-to-date symlink: /home/caldo/Projects/trekking_test_ws/install/trekking/share/trekking/description/inertial_macros.xacro
[0.340s] -- Symlinking: /home/caldo/Projects/trekking_test_ws/install/trekking/share/trekking/description/lidar.xacro
[0.352s] -- Up-to-date symlink: /home/caldo/Projects/trekking_test_ws/install/trekking/share/trekking/description/robot.urdf.xacro
[0.352s] -- Up-to-date symlink: /home/caldo/Projects/trekking_test_ws/install/trekking/share/trekking/description/robot_core.xacro
[0.352s] -- Symlinking: /home/caldo/Projects/trekking_test_ws/install/trekking/share/trekking/launch/camera.launch.py
[0.366s] -- Symlinking: /home/caldo/Projects/trekking_test_ws/install/trekking/share/trekking/launch/joystick.launch.py
[0.379s] -- Symlinking: /home/caldo/Projects/trekking_test_ws/install/trekking/share/trekking/launch/launch_robot.launch.py
[0.394s] -- Symlinking: /home/caldo/Projects/trekking_test_ws/install/trekking/share/trekking/launch/launch_sim.launch.py
[0.410s] -- Symlinking: /home/caldo/Projects/trekking_test_ws/install/trekking/share/trekking/launch/localization_launch.py
[0.427s] -- Symlinking: /home/caldo/Projects/trekking_test_ws/install/trekking/share/trekking/launch/navigation_launch.py
[0.443s] -- Symlinking: /home/caldo/Projects/trekking_test_ws/install/trekking/share/trekking/launch/online_async_launch.py
[0.457s] -- Symlinking: /home/caldo/Projects/trekking_test_ws/install/trekking/share/trekking/launch/rplidar.launch.py
[0.471s] -- Up-to-date symlink: /home/caldo/Projects/trekking_test_ws/install/trekking/share/trekking/launch/rsp.launch.py
[0.471s] -- Up-to-date symlink: /home/caldo/Projects/trekking_test_ws/install/trekking/share/ament_index/resource_index/package_run_dependencies/trekking
[0.471s] -- Up-to-date symlink: /home/caldo/Projects/trekking_test_ws/install/trekking/share/ament_index/resource_index/parent_prefix_path/trekking
[0.472s] -- Up-to-date symlink: /home/caldo/Projects/trekking_test_ws/install/trekking/share/trekking/environment/ament_prefix_path.sh
[0.472s] -- Up-to-date symlink: /home/caldo/Projects/trekking_test_ws/install/trekking/share/trekking/environment/ament_prefix_path.dsv
[0.472s] -- Up-to-date symlink: /home/caldo/Projects/trekking_test_ws/install/trekking/share/trekking/environment/path.sh
[0.472s] -- Up-to-date symlink: /home/caldo/Projects/trekking_test_ws/install/trekking/share/trekking/environment/path.dsv
[0.473s] -- Up-to-date symlink: /home/caldo/Projects/trekking_test_ws/install/trekking/share/trekking/local_setup.bash
[0.473s] -- Up-to-date symlink: /home/caldo/Projects/trekking_test_ws/install/trekking/share/trekking/local_setup.sh
[0.473s] -- Up-to-date symlink: /home/caldo/Projects/trekking_test_ws/install/trekking/share/trekking/local_setup.zsh
[0.474s] -- Up-to-date symlink: /home/caldo/Projects/trekking_test_ws/install/trekking/share/trekking/local_setup.dsv
[0.474s] -- Symlinking: /home/caldo/Projects/trekking_test_ws/install/trekking/share/trekking/package.dsv
[0.490s] -- Up-to-date symlink: /home/caldo/Projects/trekking_test_ws/install/trekking/share/ament_index/resource_index/packages/trekking
[0.490s] -- Up-to-date symlink: /home/caldo/Projects/trekking_test_ws/install/trekking/share/trekking/cmake/trekkingConfig.cmake
[0.490s] -- Up-to-date symlink: /home/caldo/Projects/trekking_test_ws/install/trekking/share/trekking/cmake/trekkingConfig-version.cmake
[0.490s] -- Up-to-date symlink: /home/caldo/Projects/trekking_test_ws/install/trekking/share/trekking/package.xml
[0.493s] Invoked command in '/home/caldo/Projects/trekking_test_ws/build/trekking' returned '0': CMAKE_PREFIX_PATH=${CMAKE_PREFIX_PATH}:/opt/ros/jazzy PS1=\n\[\e[90;1m\][\[\e[0;34m\]\@\[\e[90;1m\]]-\[\e[90;1m\][\[\e[0;32m\]\u\[\e[0;33m\]@\[\e[0;32m\]\h\[\e[90;1m\]]-\[\e[90;1m\][\[\e[0;35m\]\w\[\e[90;1m\]]-\n\[\e[39m\]$ /usr/bin/cmake --install /home/caldo/Projects/trekking_test_ws/build/trekking
