[0.012s] Invoking command in '/home/caldo/Projects/TREKKING_ROS2_WS/build/sllidar_ros2': CMAKE_PREFIX_PATH=${CMAKE_PREFIX_PATH}:/opt/ros/jazzy DEBUGINFOD_URLS=https://debuginfod.ubuntu.com /usr/bin/cmake --build /home/caldo/Projects/TREKKING_ROS2_WS/build/sllidar_ros2 -- -j8 -l8
[0.037s] [0mCMake Error: The current CMakeCache.txt directory /home/caldo/Projects/TREKKING_ROS2_WS/build/sllidar_ros2/CMakeCache.txt is different than the directory /home/caldo/Projects/trekking_test_ws/build/sllidar_ros2 where CMakeCache.txt was created. This may result in binaries being created in the wrong place. If you are not sure, reedit the CMakeCache.txt[0m
[0.127s] [ 90%] Built target sllidar_node
[0.127s] [100%] Built target sllidar_client
[0.138s] Invoked command in '/home/caldo/Projects/TREKKING_ROS2_WS/build/sllidar_ros2' returned '0': CMAKE_PREFIX_PATH=${CMAKE_PREFIX_PATH}:/opt/ros/jazzy DEBUGINFOD_URLS=https://debuginfod.ubuntu.com /usr/bin/cmake --build /home/caldo/Projects/TREKKING_ROS2_WS/build/sllidar_ros2 -- -j8 -l8
[0.139s] Invoking command in '/home/caldo/Projects/TREKKING_ROS2_WS/build/sllidar_ros2': CMAKE_PREFIX_PATH=${CMAKE_PREFIX_PATH}:/opt/ros/jazzy DEBUGINFOD_URLS=https://debuginfod.ubuntu.com /usr/bin/cmake --install /home/caldo/Projects/TREKKING_ROS2_WS/build/sllidar_ros2
[0.145s] -- Install configuration: ""
[0.145s] -- Execute custom install script
[0.146s] -- Up-to-date symlink: /home/caldo/Projects/trekking_test_ws/install/sllidar_ros2/share/sllidar_ros2/launch/sllidar_a1_launch.py
[0.146s] -- Up-to-date symlink: /home/caldo/Projects/trekking_test_ws/install/sllidar_ros2/share/sllidar_ros2/launch/sllidar_a2m12_launch .py
[0.146s] -- Up-to-date symlink: /home/caldo/Projects/trekking_test_ws/install/sllidar_ros2/share/sllidar_ros2/launch/sllidar_a2m7_launch.py
[0.146s] -- Up-to-date symlink: /home/caldo/Projects/trekking_test_ws/install/sllidar_ros2/share/sllidar_ros2/launch/sllidar_a2m8_launch.py
[0.146s] -- Up-to-date symlink: /home/caldo/Projects/trekking_test_ws/install/sllidar_ros2/share/sllidar_ros2/launch/sllidar_a3_launch.py
[0.147s] -- Up-to-date symlink: /home/caldo/Projects/trekking_test_ws/install/sllidar_ros2/share/sllidar_ros2/launch/sllidar_c1_launch.py
[0.147s] -- Up-to-date symlink: /home/caldo/Projects/trekking_test_ws/install/sllidar_ros2/share/sllidar_ros2/launch/sllidar_s1_launch.py
[0.147s] -- Up-to-date symlink: /home/caldo/Projects/trekking_test_ws/install/sllidar_ros2/share/sllidar_ros2/launch/sllidar_s1_tcp_launch.py
[0.147s] -- Up-to-date symlink: /home/caldo/Projects/trekking_test_ws/install/sllidar_ros2/share/sllidar_ros2/launch/sllidar_s2_launch.py
[0.147s] -- Up-to-date symlink: /home/caldo/Projects/trekking_test_ws/install/sllidar_ros2/share/sllidar_ros2/launch/sllidar_s2e_launch.py
[0.147s] -- Up-to-date symlink: /home/caldo/Projects/trekking_test_ws/install/sllidar_ros2/share/sllidar_ros2/launch/sllidar_s3_launch.py
[0.147s] -- Up-to-date symlink: /home/caldo/Projects/trekking_test_ws/install/sllidar_ros2/share/sllidar_ros2/launch/sllidar_t1_launch.py
[0.147s] -- Up-to-date symlink: /home/caldo/Projects/trekking_test_ws/install/sllidar_ros2/share/sllidar_ros2/launch/view_sllidar_a1_launch.py
[0.147s] -- Up-to-date symlink: /home/caldo/Projects/trekking_test_ws/install/sllidar_ros2/share/sllidar_ros2/launch/view_sllidar_a2m12_launch.py
[0.147s] -- Up-to-date symlink: /home/caldo/Projects/trekking_test_ws/install/sllidar_ros2/share/sllidar_ros2/launch/view_sllidar_a2m7_launch.py
[0.148s] -- Up-to-date symlink: /home/caldo/Projects/trekking_test_ws/install/sllidar_ros2/share/sllidar_ros2/launch/view_sllidar_a2m8_launch.py
[0.148s] -- Up-to-date symlink: /home/caldo/Projects/trekking_test_ws/install/sllidar_ros2/share/sllidar_ros2/launch/view_sllidar_a3_launch.py
[0.148s] -- Up-to-date symlink: /home/caldo/Projects/trekking_test_ws/install/sllidar_ros2/share/sllidar_ros2/launch/view_sllidar_c1_launch.py
[0.148s] -- Up-to-date symlink: /home/caldo/Projects/trekking_test_ws/install/sllidar_ros2/share/sllidar_ros2/launch/view_sllidar_s1_launch.py
[0.148s] -- Up-to-date symlink: /home/caldo/Projects/trekking_test_ws/install/sllidar_ros2/share/sllidar_ros2/launch/view_sllidar_s1_tcp_launch.py
[0.148s] -- Up-to-date symlink: /home/caldo/Projects/trekking_test_ws/install/sllidar_ros2/share/sllidar_ros2/launch/view_sllidar_s2_launch.py
[0.148s] -- Up-to-date symlink: /home/caldo/Projects/trekking_test_ws/install/sllidar_ros2/share/sllidar_ros2/launch/view_sllidar_s2e_launch.py
[0.148s] -- Up-to-date symlink: /home/caldo/Projects/trekking_test_ws/install/sllidar_ros2/share/sllidar_ros2/launch/view_sllidar_s3_launch.py
[0.148s] -- Up-to-date symlink: /home/caldo/Projects/trekking_test_ws/install/sllidar_ros2/share/sllidar_ros2/launch/view_sllidar_t1_launch.py
[0.148s] -- Up-to-date symlink: /home/caldo/Projects/trekking_test_ws/install/sllidar_ros2/share/sllidar_ros2/rviz/sllidar_ros2.rviz
[0.149s] -- Up-to-date symlink: /home/caldo/Projects/trekking_test_ws/install/sllidar_ros2/lib/sllidar_ros2/sllidar_node
[0.149s] -- Up-to-date symlink: /home/caldo/Projects/trekking_test_ws/install/sllidar_ros2/lib/sllidar_ros2/sllidar_client
[0.149s] -- Up-to-date symlink: /home/caldo/Projects/trekking_test_ws/install/sllidar_ros2/share/ament_index/resource_index/package_run_dependencies/sllidar_ros2
[0.149s] -- Up-to-date symlink: /home/caldo/Projects/trekking_test_ws/install/sllidar_ros2/share/ament_index/resource_index/parent_prefix_path/sllidar_ros2
[0.149s] -- Up-to-date symlink: /home/caldo/Projects/trekking_test_ws/install/sllidar_ros2/share/sllidar_ros2/environment/ament_prefix_path.sh
[0.149s] -- Up-to-date symlink: /home/caldo/Projects/trekking_test_ws/install/sllidar_ros2/share/sllidar_ros2/environment/ament_prefix_path.dsv
[0.149s] -- Up-to-date symlink: /home/caldo/Projects/trekking_test_ws/install/sllidar_ros2/share/sllidar_ros2/environment/path.sh
[0.149s] -- Up-to-date symlink: /home/caldo/Projects/trekking_test_ws/install/sllidar_ros2/share/sllidar_ros2/environment/path.dsv
[0.149s] -- Up-to-date symlink: /home/caldo/Projects/trekking_test_ws/install/sllidar_ros2/share/sllidar_ros2/local_setup.bash
[0.149s] -- Up-to-date symlink: /home/caldo/Projects/trekking_test_ws/install/sllidar_ros2/share/sllidar_ros2/local_setup.sh
[0.149s] -- Up-to-date symlink: /home/caldo/Projects/trekking_test_ws/install/sllidar_ros2/share/sllidar_ros2/local_setup.zsh
[0.149s] -- Up-to-date symlink: /home/caldo/Projects/trekking_test_ws/install/sllidar_ros2/share/sllidar_ros2/local_setup.dsv
[0.150s] -- Symlinking: /home/caldo/Projects/trekking_test_ws/install/sllidar_ros2/share/sllidar_ros2/package.dsv
[0.157s] -- Up-to-date symlink: /home/caldo/Projects/trekking_test_ws/install/sllidar_ros2/share/ament_index/resource_index/packages/sllidar_ros2
[0.157s] -- Up-to-date symlink: /home/caldo/Projects/trekking_test_ws/install/sllidar_ros2/share/sllidar_ros2/cmake/ament_cmake_export_dependencies-extras.cmake
[0.157s] -- Up-to-date symlink: /home/caldo/Projects/trekking_test_ws/install/sllidar_ros2/share/sllidar_ros2/cmake/ament_cmake_export_include_directories-extras.cmake
[0.158s] -- Up-to-date symlink: /home/caldo/Projects/trekking_test_ws/install/sllidar_ros2/share/sllidar_ros2/cmake/sllidar_ros2Config.cmake
[0.158s] -- Up-to-date symlink: /home/caldo/Projects/trekking_test_ws/install/sllidar_ros2/share/sllidar_ros2/cmake/sllidar_ros2Config-version.cmake
[0.158s] -- Up-to-date symlink: /home/caldo/Projects/trekking_test_ws/install/sllidar_ros2/share/sllidar_ros2/package.xml
[0.168s] Invoked command in '/home/caldo/Projects/TREKKING_ROS2_WS/build/sllidar_ros2' returned '0': CMAKE_PREFIX_PATH=${CMAKE_PREFIX_PATH}:/opt/ros/jazzy DEBUGINFOD_URLS=https://debuginfod.ubuntu.com /usr/bin/cmake --install /home/caldo/Projects/TREKKING_ROS2_WS/build/sllidar_ros2
