[0.017s] Invoking command in '/home/caldo/Projects/trekking_test_ws/build/rplidar_ros': PS1=\n\[\e[90;1m\][\[\e[0;34m\]\@\[\e[90;1m\]]-\[\e[90;1m\][\[\e[0;32m\]\u\[\e[0;33m\]@\[\e[0;32m\]\h\[\e[90;1m\]]-\[\e[90;1m\][\[\e[0;35m\]\w\[\e[90;1m\]]-\n\[\e[39m\]$ /usr/bin/cmake /home/caldo/Projects/trekking_test_ws/src/rplidar_ros -DCATKIN_INSTALL_INTO_PREFIX_ROOT=0 -DCATKIN_SYMLINK_INSTALL=ON -DCMAKE_INSTALL_PREFIX=/home/caldo/Projects/trekking_test_ws/install/rplidar_ros
[0.052s] CMake Error at CMakeLists.txt:16 (find_package):
[0.052s]   By not providing "Findcatkin.cmake" in CMAKE_MODULE_PATH this project has
[0.053s]   asked CMake to find a package configuration file provided by "catkin", but
[0.053s]   CMake did not find one.
[0.053s] 
[0.053s]   Could not find a package configuration file provided by "catkin" with any
[0.053s]   of the following names:
[0.053s] 
[0.053s]     catkinConfig.cmake
[0.053s]     catkin-config.cmake
[0.053s] 
[0.053s]   Add the installation prefix of "catkin" to CMAKE_PREFIX_PATH or set
[0.053s]   "catkin_DIR" to a directory containing one of the above files.  If "catkin"
[0.053s]   provides a separate development package or SDK, be sure it has been
[0.053s]   installed.
[0.053s] 
[0.054s] 
[0.054s] -- Configuring incomplete, errors occurred!
[0.054s] Invoked command in '/home/caldo/Projects/trekking_test_ws/build/rplidar_ros' returned '1': PS1=\n\[\e[90;1m\][\[\e[0;34m\]\@\[\e[90;1m\]]-\[\e[90;1m\][\[\e[0;32m\]\u\[\e[0;33m\]@\[\e[0;32m\]\h\[\e[90;1m\]]-\[\e[90;1m\][\[\e[0;35m\]\w\[\e[90;1m\]]-\n\[\e[39m\]$ /usr/bin/cmake /home/caldo/Projects/trekking_test_ws/src/rplidar_ros -DCATKIN_INSTALL_INTO_PREFIX_ROOT=0 -DCATKIN_SYMLINK_INSTALL=ON -DCMAKE_INSTALL_PREFIX=/home/caldo/Projects/trekking_test_ws/install/rplidar_ros
