[0.018s] Invoking command in '/home/caldo/Projects/trekking_test_ws/build/trekking': CMAKE_PREFIX_PATH=${CMAKE_PREFIX_PATH}:/home/caldo/Projects/trekking_test_ws/install/trekking:/opt/ros/jazzy PS1=\n\[\e[90;1m\][\[\e[0;34m\]\@\[\e[90;1m\]]-\[\e[90;1m\][\[\e[0;32m\]\u\[\e[0;33m\]@\[\e[0;32m\]\h\[\e[90;1m\]]-\[\e[90;1m\][\[\e[0;35m\]\w\[\e[90;1m\]]-\n\[\e[39m\]$ /usr/bin/cmake /home/caldo/Projects/trekking_test_ws/src/trekking -DCMAKE_INSTALL_PREFIX=/home/caldo/Projects/trekking_test_ws/install/trekking
[0.302s] -- The C compiler identification is GNU 13.3.0
[0.430s] -- The CXX compiler identification is GNU 13.3.0
[0.474s] -- Detecting C compiler ABI info
[0.620s] -- Detecting C compiler ABI info - done
[0.635s] -- Check for working C compiler: /usr/bin/cc - skipped
[0.636s] -- Detecting C compile features
[0.637s] -- Detecting C compile features - done
[0.653s] -- Detecting CXX compiler ABI info
[0.808s] -- Detecting CXX compiler ABI info - done
[0.824s] -- Check for working CXX compiler: /usr/bin/c++ - skipped
[0.825s] -- Detecting CXX compile features
[0.825s] -- Detecting CXX compile features - done
[0.853s] -- Found ament_cmake: 2.5.3 (/opt/ros/jazzy/share/ament_cmake/cmake)
[1.062s] -- Found Python3: /home/caldo/.espressif/python_env/idf5.2_py3.12_env/bin/python3 (found version "3.12.3") found components: Interpreter 
[1.261s] -- Found ament_lint_auto: 0.17.1 (/opt/ros/jazzy/share/ament_lint_auto/cmake)
[1.447s] -- Added test 'copyright' to check source files copyright and LICENSE
[1.450s] -- Added test 'flake8' to check Python code syntax and style conventions
[1.450s] -- Configured 'flake8' exclude dirs and/or files: 
[1.452s] -- Added test 'lint_cmake' to check CMake code style
[1.453s] -- Added test 'pep257' to check Python code against some of the docstring style conventions in PEP 257
[1.456s] -- Added test 'xmllint' to check XML markup files
[1.459s] -- Configuring done (1.3s)
[1.464s] -- Generating done (0.0s)
[1.466s] -- Build files have been written to: /home/caldo/Projects/trekking_test_ws/build/trekking
[1.473s] Invoked command in '/home/caldo/Projects/trekking_test_ws/build/trekking' returned '0': CMAKE_PREFIX_PATH=${CMAKE_PREFIX_PATH}:/home/caldo/Projects/trekking_test_ws/install/trekking:/opt/ros/jazzy PS1=\n\[\e[90;1m\][\[\e[0;34m\]\@\[\e[90;1m\]]-\[\e[90;1m\][\[\e[0;32m\]\u\[\e[0;33m\]@\[\e[0;32m\]\h\[\e[90;1m\]]-\[\e[90;1m\][\[\e[0;35m\]\w\[\e[90;1m\]]-\n\[\e[39m\]$ /usr/bin/cmake /home/caldo/Projects/trekking_test_ws/src/trekking -DCMAKE_INSTALL_PREFIX=/home/caldo/Projects/trekking_test_ws/install/trekking
[1.475s] Invoking command in '/home/caldo/Projects/trekking_test_ws/build/trekking': CMAKE_PREFIX_PATH=${CMAKE_PREFIX_PATH}:/home/caldo/Projects/trekking_test_ws/install/trekking:/opt/ros/jazzy PS1=\n\[\e[90;1m\][\[\e[0;34m\]\@\[\e[90;1m\]]-\[\e[90;1m\][\[\e[0;32m\]\u\[\e[0;33m\]@\[\e[0;32m\]\h\[\e[90;1m\]]-\[\e[90;1m\][\[\e[0;35m\]\w\[\e[90;1m\]]-\n\[\e[39m\]$ /usr/bin/cmake --build /home/caldo/Projects/trekking_test_ws/build/trekking -- -j8 -l8
[1.536s] Invoked command in '/home/caldo/Projects/trekking_test_ws/build/trekking' returned '0': CMAKE_PREFIX_PATH=${CMAKE_PREFIX_PATH}:/home/caldo/Projects/trekking_test_ws/install/trekking:/opt/ros/jazzy PS1=\n\[\e[90;1m\][\[\e[0;34m\]\@\[\e[90;1m\]]-\[\e[90;1m\][\[\e[0;32m\]\u\[\e[0;33m\]@\[\e[0;32m\]\h\[\e[90;1m\]]-\[\e[90;1m\][\[\e[0;35m\]\w\[\e[90;1m\]]-\n\[\e[39m\]$ /usr/bin/cmake --build /home/caldo/Projects/trekking_test_ws/build/trekking -- -j8 -l8
[1.552s] Invoking command in '/home/caldo/Projects/trekking_test_ws/build/trekking': CMAKE_PREFIX_PATH=${CMAKE_PREFIX_PATH}:/home/caldo/Projects/trekking_test_ws/install/trekking:/opt/ros/jazzy PS1=\n\[\e[90;1m\][\[\e[0;34m\]\@\[\e[90;1m\]]-\[\e[90;1m\][\[\e[0;32m\]\u\[\e[0;33m\]@\[\e[0;32m\]\h\[\e[90;1m\]]-\[\e[90;1m\][\[\e[0;35m\]\w\[\e[90;1m\]]-\n\[\e[39m\]$ /usr/bin/cmake --install /home/caldo/Projects/trekking_test_ws/build/trekking
[1.563s] -- Install configuration: ""
[1.563s] -- Installing: /home/caldo/Projects/trekking_test_ws/install/trekking/share/trekking/config
[1.564s] -- Installing: /home/caldo/Projects/trekking_test_ws/install/trekking/share/trekking/config/empty.yaml
[1.564s] -- Installing: /home/caldo/Projects/trekking_test_ws/install/trekking/share/trekking/config/view_bot.rviz
[1.564s] -- Installing: /home/caldo/Projects/trekking_test_ws/install/trekking/share/trekking/description
[1.564s] -- Installing: /home/caldo/Projects/trekking_test_ws/install/trekking/share/trekking/description/inertial_macros.xacro
[1.564s] -- Installing: /home/caldo/Projects/trekking_test_ws/install/trekking/share/trekking/description/robot.urdf.xacro
[1.564s] -- Installing: /home/caldo/Projects/trekking_test_ws/install/trekking/share/trekking/description/robot_core.xacro
[1.565s] -- Installing: /home/caldo/Projects/trekking_test_ws/install/trekking/share/trekking/launch
[1.565s] -- Installing: /home/caldo/Projects/trekking_test_ws/install/trekking/share/trekking/launch/rsp.launch.py
[1.565s] -- Installing: /home/caldo/Projects/trekking_test_ws/install/trekking/share/trekking/worlds
[1.565s] -- Installing: /home/caldo/Projects/trekking_test_ws/install/trekking/share/trekking/worlds/empty.world
[1.565s] -- Installing: /home/caldo/Projects/trekking_test_ws/install/trekking/share/ament_index/resource_index/package_run_dependencies/trekking
[1.565s] -- Installing: /home/caldo/Projects/trekking_test_ws/install/trekking/share/ament_index/resource_index/parent_prefix_path/trekking
[1.566s] -- Installing: /home/caldo/Projects/trekking_test_ws/install/trekking/share/trekking/environment/ament_prefix_path.sh
[1.566s] -- Installing: /home/caldo/Projects/trekking_test_ws/install/trekking/share/trekking/environment/ament_prefix_path.dsv
[1.566s] -- Installing: /home/caldo/Projects/trekking_test_ws/install/trekking/share/trekking/environment/path.sh
[1.566s] -- Installing: /home/caldo/Projects/trekking_test_ws/install/trekking/share/trekking/environment/path.dsv
[1.566s] -- Installing: /home/caldo/Projects/trekking_test_ws/install/trekking/share/trekking/local_setup.bash
[1.567s] -- Installing: /home/caldo/Projects/trekking_test_ws/install/trekking/share/trekking/local_setup.sh
[1.567s] -- Installing: /home/caldo/Projects/trekking_test_ws/install/trekking/share/trekking/local_setup.zsh
[1.567s] -- Installing: /home/caldo/Projects/trekking_test_ws/install/trekking/share/trekking/local_setup.dsv
[1.567s] -- Installing: /home/caldo/Projects/trekking_test_ws/install/trekking/share/trekking/package.dsv
[1.567s] -- Installing: /home/caldo/Projects/trekking_test_ws/install/trekking/share/ament_index/resource_index/packages/trekking
[1.567s] -- Installing: /home/caldo/Projects/trekking_test_ws/install/trekking/share/trekking/cmake/trekkingConfig.cmake
[1.567s] -- Installing: /home/caldo/Projects/trekking_test_ws/install/trekking/share/trekking/cmake/trekkingConfig-version.cmake
[1.568s] -- Installing: /home/caldo/Projects/trekking_test_ws/install/trekking/share/trekking/package.xml
[1.570s] Invoked command in '/home/caldo/Projects/trekking_test_ws/build/trekking' returned '0': CMAKE_PREFIX_PATH=${CMAKE_PREFIX_PATH}:/home/caldo/Projects/trekking_test_ws/install/trekking:/opt/ros/jazzy PS1=\n\[\e[90;1m\][\[\e[0;34m\]\@\[\e[90;1m\]]-\[\e[90;1m\][\[\e[0;32m\]\u\[\e[0;33m\]@\[\e[0;32m\]\h\[\e[90;1m\]]-\[\e[90;1m\][\[\e[0;35m\]\w\[\e[90;1m\]]-\n\[\e[39m\]$ /usr/bin/cmake --install /home/caldo/Projects/trekking_test_ws/build/trekking
