[0.019s] Invoking command in '/home/caldo/Projects/trekking_test_ws/build/rplidar_ros': PS1=\n\[\e[90;1m\][\[\e[0;34m\]\@\[\e[90;1m\]]-\[\e[90;1m\][\[\e[0;32m\]\u\[\e[0;33m\]@\[\e[0;32m\]\h\[\e[90;1m\]]-\[\e[90;1m\][\[\e[0;35m\]\w\[\e[90;1m\]]-\n\[\e[39m\]$ /usr/bin/cmake /home/caldo/Projects/trekking_test_ws/src/rplidar_ros -DCATKIN_INSTALL_INTO_PREFIX_ROOT=0 -DCATKIN_SYMLINK_INSTALL=ON -DCMAKE_INSTALL_PREFIX=/home/caldo/Projects/trekking_test_ws/install/rplidar_ros
[0.042s] CMake Deprecation Warning at CMakeLists.txt:1 (cmake_minimum_required):
[0.042s]   Compatibility with CMake < 3.5 will be removed from a future version of
[0.042s]   CMake.
[0.042s] 
[0.042s]   Update the VERSION argument <min> value or use a ...<max> suffix to tell
[0.042s]   CMake that the project does not need compatibility with older versions.
[0.042s] 
[0.042s] 
[0.154s] -- The C compiler identification is GNU 13.3.0
[0.242s] -- The CXX compiler identification is GNU 13.3.0
[0.261s] -- Detecting C compiler ABI info
[0.344s] -- Detecting C compiler ABI info - done
[0.354s] -- Check for working C compiler: /usr/bin/cc - skipped
[0.354s] -- Detecting C compile features
[0.355s] -- Detecting C compile features - done
[0.365s] -- Detecting CXX compiler ABI info
[0.453s] -- Detecting CXX compiler ABI info - done
[0.464s] -- Check for working CXX compiler: /usr/bin/c++ - skipped
[0.464s] -- Detecting CXX compile features
[0.465s] -- Detecting CXX compile features - done
[0.556s] CMake Error at CMakeLists.txt:16 (find_package):
[0.556s]   By not providing "Findcatkin.cmake" in CMAKE_MODULE_PATH this project has
[0.556s]   asked CMake to find a package configuration file provided by "catkin", but
[0.556s]   CMake did not find one.
[0.556s] 
[0.556s]   Could not find a package configuration file provided by "catkin" with any
[0.556s]   of the following names:
[0.556s] 
[0.556s]     catkinConfig.cmake
[0.557s]     catkin-config.cmake
[0.557s] 
[0.557s]   Add the installation prefix of "catkin" to CMAKE_PREFIX_PATH or set
[0.557s]   "catkin_DIR" to a directory containing one of the above files.  If "catkin"
[0.557s]   provides a separate development package or SDK, be sure it has been
[0.557s]   installed.
[0.557s] 
[0.557s] 
[0.557s] -- Configuring incomplete, errors occurred!
[0.559s] Invoked command in '/home/caldo/Projects/trekking_test_ws/build/rplidar_ros' returned '1': PS1=\n\[\e[90;1m\][\[\e[0;34m\]\@\[\e[90;1m\]]-\[\e[90;1m\][\[\e[0;32m\]\u\[\e[0;33m\]@\[\e[0;32m\]\h\[\e[90;1m\]]-\[\e[90;1m\][\[\e[0;35m\]\w\[\e[90;1m\]]-\n\[\e[39m\]$ /usr/bin/cmake /home/caldo/Projects/trekking_test_ws/src/rplidar_ros -DCATKIN_INSTALL_INTO_PREFIX_ROOT=0 -DCATKIN_SYMLINK_INSTALL=ON -DCMAKE_INSTALL_PREFIX=/home/caldo/Projects/trekking_test_ws/install/rplidar_ros
