[0.020s] Invoking command in '/home/caldo/Projects/trekking_test_ws/build/trekking': CMAKE_PREFIX_PATH=/home/caldo/Projects/trekking_test_ws/install/trekking:/home/caldo/Projects/trekking_test_ws/install/sllidar_ros2:/opt/ros/jazzy:/home/caldo/Projects/trekking_test_ws/install/rplidar_ros:/home/caldo/Projects/trekking_test_ws/install/rf2o_laser_odometry:/home/caldo/Projects/trekking_test_ws/install/trekking:/opt/ros/jazzy/opt/gz_sim_vendor:/opt/ros/jazzy/opt/gz_sensors_vendor:/opt/ros/jazzy/opt/gz_physics_vendor:/opt/ros/jazzy/opt/sdformat_vendor:/opt/ros/jazzy/opt/gz_gui_vendor:/opt/ros/jazzy/opt/gz_transport_vendor:/opt/ros/jazzy/opt/gz_rendering_vendor:/opt/ros/jazzy/opt/gz_plugin_vendor:/opt/ros/jazzy/opt/gz_fuel_tools_vendor:/opt/ros/jazzy/opt/gz_msgs_vendor:/opt/ros/jazzy/opt/gz_common_vendor:/opt/ros/jazzy/opt/gz_math_vendor:/opt/ros/jazzy/opt/gz_utils_vendor:/opt/ros/jazzy/opt/gz_tools_vendor:/opt/ros/jazzy/opt/gz_ogre_next_vendor:/opt/ros/jazzy/opt/gz_dartsim_vendor:/opt/ros/jazzy/opt/gz_cmake_vendor PS1=\n\[\e[90;1m\][\[\e[0;34m\]\@\[\e[90;1m\]]-\[\e[90;1m\][\[\e[0;32m\]\u\[\e[0;33m\]@\[\e[0;32m\]\h\[\e[90;1m\]]-\[\e[90;1m\][\[\e[0;35m\]\w\[\e[90;1m\]]- \[[0;32m\]|main U:428 ?:28 \[[0;31m\]✗\[[0;32m\]|\n\[\e[39m\]$ /usr/bin/cmake --build /home/caldo/Projects/trekking_test_ws/build/trekking -- -j8 -l8
[0.107s] Invoked command in '/home/caldo/Projects/trekking_test_ws/build/trekking' returned '0': CMAKE_PREFIX_PATH=/home/caldo/Projects/trekking_test_ws/install/trekking:/home/caldo/Projects/trekking_test_ws/install/sllidar_ros2:/opt/ros/jazzy:/home/caldo/Projects/trekking_test_ws/install/rplidar_ros:/home/caldo/Projects/trekking_test_ws/install/rf2o_laser_odometry:/home/caldo/Projects/trekking_test_ws/install/trekking:/opt/ros/jazzy/opt/gz_sim_vendor:/opt/ros/jazzy/opt/gz_sensors_vendor:/opt/ros/jazzy/opt/gz_physics_vendor:/opt/ros/jazzy/opt/sdformat_vendor:/opt/ros/jazzy/opt/gz_gui_vendor:/opt/ros/jazzy/opt/gz_transport_vendor:/opt/ros/jazzy/opt/gz_rendering_vendor:/opt/ros/jazzy/opt/gz_plugin_vendor:/opt/ros/jazzy/opt/gz_fuel_tools_vendor:/opt/ros/jazzy/opt/gz_msgs_vendor:/opt/ros/jazzy/opt/gz_common_vendor:/opt/ros/jazzy/opt/gz_math_vendor:/opt/ros/jazzy/opt/gz_utils_vendor:/opt/ros/jazzy/opt/gz_tools_vendor:/opt/ros/jazzy/opt/gz_ogre_next_vendor:/opt/ros/jazzy/opt/gz_dartsim_vendor:/opt/ros/jazzy/opt/gz_cmake_vendor PS1=\n\[\e[90;1m\][\[\e[0;34m\]\@\[\e[90;1m\]]-\[\e[90;1m\][\[\e[0;32m\]\u\[\e[0;33m\]@\[\e[0;32m\]\h\[\e[90;1m\]]-\[\e[90;1m\][\[\e[0;35m\]\w\[\e[90;1m\]]- \[[0;32m\]|main U:428 ?:28 \[[0;31m\]✗\[[0;32m\]|\n\[\e[39m\]$ /usr/bin/cmake --build /home/caldo/Projects/trekking_test_ws/build/trekking -- -j8 -l8
[0.117s] Invoking command in '/home/caldo/Projects/trekking_test_ws/build/trekking': CMAKE_PREFIX_PATH=/home/caldo/Projects/trekking_test_ws/install/trekking:/home/caldo/Projects/trekking_test_ws/install/sllidar_ros2:/opt/ros/jazzy:/home/caldo/Projects/trekking_test_ws/install/rplidar_ros:/home/caldo/Projects/trekking_test_ws/install/rf2o_laser_odometry:/home/caldo/Projects/trekking_test_ws/install/trekking:/opt/ros/jazzy/opt/gz_sim_vendor:/opt/ros/jazzy/opt/gz_sensors_vendor:/opt/ros/jazzy/opt/gz_physics_vendor:/opt/ros/jazzy/opt/sdformat_vendor:/opt/ros/jazzy/opt/gz_gui_vendor:/opt/ros/jazzy/opt/gz_transport_vendor:/opt/ros/jazzy/opt/gz_rendering_vendor:/opt/ros/jazzy/opt/gz_plugin_vendor:/opt/ros/jazzy/opt/gz_fuel_tools_vendor:/opt/ros/jazzy/opt/gz_msgs_vendor:/opt/ros/jazzy/opt/gz_common_vendor:/opt/ros/jazzy/opt/gz_math_vendor:/opt/ros/jazzy/opt/gz_utils_vendor:/opt/ros/jazzy/opt/gz_tools_vendor:/opt/ros/jazzy/opt/gz_ogre_next_vendor:/opt/ros/jazzy/opt/gz_dartsim_vendor:/opt/ros/jazzy/opt/gz_cmake_vendor PS1=\n\[\e[90;1m\][\[\e[0;34m\]\@\[\e[90;1m\]]-\[\e[90;1m\][\[\e[0;32m\]\u\[\e[0;33m\]@\[\e[0;32m\]\h\[\e[90;1m\]]-\[\e[90;1m\][\[\e[0;35m\]\w\[\e[90;1m\]]- \[[0;32m\]|main U:428 ?:28 \[[0;31m\]✗\[[0;32m\]|\n\[\e[39m\]$ /usr/bin/cmake --install /home/caldo/Projects/trekking_test_ws/build/trekking
[0.127s] -- Install configuration: ""
[0.128s] -- Execute custom install script
[0.128s] -- Up-to-date symlink: /home/caldo/Projects/trekking_test_ws/install/trekking/share/trekking/config/drive_bot.rviz
[0.128s] -- Up-to-date symlink: /home/caldo/Projects/trekking_test_ws/install/trekking/share/trekking/config/empty.yaml
[0.128s] -- Up-to-date symlink: /home/caldo/Projects/trekking_test_ws/install/trekking/share/trekking/config/main.rviz
[0.129s] -- Up-to-date symlink: /home/caldo/Projects/trekking_test_ws/install/trekking/share/trekking/config/map.rviz
[0.129s] -- Up-to-date symlink: /home/caldo/Projects/trekking_test_ws/install/trekking/share/trekking/config/mapper_params_online_async.yaml
[0.129s] -- Up-to-date symlink: /home/caldo/Projects/trekking_test_ws/install/trekking/share/trekking/config/my_controllers.yaml
[0.129s] -- Up-to-date symlink: /home/caldo/Projects/trekking_test_ws/install/trekking/share/trekking/config/nav2_params.yaml
[0.129s] -- Up-to-date symlink: /home/caldo/Projects/trekking_test_ws/install/trekking/share/trekking/config/oche kkkk.rviz
[0.129s] -- Up-to-date symlink: /home/caldo/Projects/trekking_test_ws/install/trekking/share/trekking/config/twist_mux.yaml
[0.130s] -- Up-to-date symlink: /home/caldo/Projects/trekking_test_ws/install/trekking/share/trekking/config/view_bot.rviz
[0.130s] -- Up-to-date symlink: /home/caldo/Projects/trekking_test_ws/install/trekking/share/trekking/description/inertial_macros.xacro
[0.130s] -- Up-to-date symlink: /home/caldo/Projects/trekking_test_ws/install/trekking/share/trekking/description/robot.urdf.xacro
[0.130s] -- Symlinking: /home/caldo/Projects/trekking_test_ws/install/trekking/share/trekking/description/robot_core.urdf.xacro
[0.143s] -- Up-to-date symlink: /home/caldo/Projects/trekking_test_ws/install/trekking/share/trekking/launch/localization_launch.py
[0.143s] -- Up-to-date symlink: /home/caldo/Projects/trekking_test_ws/install/trekking/share/trekking/launch/main.launch.py
[0.143s] -- Up-to-date symlink: /home/caldo/Projects/trekking_test_ws/install/trekking/share/trekking/launch/navigation_launch.py
[0.143s] -- Up-to-date symlink: /home/caldo/Projects/trekking_test_ws/install/trekking/share/trekking/launch/online_async_launch.py
[0.143s] -- Up-to-date symlink: /home/caldo/Projects/trekking_test_ws/install/trekking/share/trekking/launch/rplidar.launch.py
[0.144s] -- Up-to-date symlink: /home/caldo/Projects/trekking_test_ws/install/trekking/share/ament_index/resource_index/package_run_dependencies/trekking
[0.144s] -- Up-to-date symlink: /home/caldo/Projects/trekking_test_ws/install/trekking/share/ament_index/resource_index/parent_prefix_path/trekking
[0.144s] -- Up-to-date symlink: /home/caldo/Projects/trekking_test_ws/install/trekking/share/trekking/environment/ament_prefix_path.sh
[0.144s] -- Up-to-date symlink: /home/caldo/Projects/trekking_test_ws/install/trekking/share/trekking/environment/ament_prefix_path.dsv
[0.144s] -- Up-to-date symlink: /home/caldo/Projects/trekking_test_ws/install/trekking/share/trekking/environment/path.sh
[0.144s] -- Up-to-date symlink: /home/caldo/Projects/trekking_test_ws/install/trekking/share/trekking/environment/path.dsv
[0.145s] -- Up-to-date symlink: /home/caldo/Projects/trekking_test_ws/install/trekking/share/trekking/local_setup.bash
[0.145s] -- Up-to-date symlink: /home/caldo/Projects/trekking_test_ws/install/trekking/share/trekking/local_setup.sh
[0.145s] -- Up-to-date symlink: /home/caldo/Projects/trekking_test_ws/install/trekking/share/trekking/local_setup.zsh
[0.145s] -- Up-to-date symlink: /home/caldo/Projects/trekking_test_ws/install/trekking/share/trekking/local_setup.dsv
[0.146s] -- Symlinking: /home/caldo/Projects/trekking_test_ws/install/trekking/share/trekking/package.dsv
[0.159s] -- Up-to-date symlink: /home/caldo/Projects/trekking_test_ws/install/trekking/share/ament_index/resource_index/packages/trekking
[0.160s] -- Up-to-date symlink: /home/caldo/Projects/trekking_test_ws/install/trekking/share/trekking/cmake/trekkingConfig.cmake
[0.160s] -- Up-to-date symlink: /home/caldo/Projects/trekking_test_ws/install/trekking/share/trekking/cmake/trekkingConfig-version.cmake
[0.160s] -- Up-to-date symlink: /home/caldo/Projects/trekking_test_ws/install/trekking/share/trekking/package.xml
[0.162s] Invoked command in '/home/caldo/Projects/trekking_test_ws/build/trekking' returned '0': CMAKE_PREFIX_PATH=/home/caldo/Projects/trekking_test_ws/install/trekking:/home/caldo/Projects/trekking_test_ws/install/sllidar_ros2:/opt/ros/jazzy:/home/caldo/Projects/trekking_test_ws/install/rplidar_ros:/home/caldo/Projects/trekking_test_ws/install/rf2o_laser_odometry:/home/caldo/Projects/trekking_test_ws/install/trekking:/opt/ros/jazzy/opt/gz_sim_vendor:/opt/ros/jazzy/opt/gz_sensors_vendor:/opt/ros/jazzy/opt/gz_physics_vendor:/opt/ros/jazzy/opt/sdformat_vendor:/opt/ros/jazzy/opt/gz_gui_vendor:/opt/ros/jazzy/opt/gz_transport_vendor:/opt/ros/jazzy/opt/gz_rendering_vendor:/opt/ros/jazzy/opt/gz_plugin_vendor:/opt/ros/jazzy/opt/gz_fuel_tools_vendor:/opt/ros/jazzy/opt/gz_msgs_vendor:/opt/ros/jazzy/opt/gz_common_vendor:/opt/ros/jazzy/opt/gz_math_vendor:/opt/ros/jazzy/opt/gz_utils_vendor:/opt/ros/jazzy/opt/gz_tools_vendor:/opt/ros/jazzy/opt/gz_ogre_next_vendor:/opt/ros/jazzy/opt/gz_dartsim_vendor:/opt/ros/jazzy/opt/gz_cmake_vendor PS1=\n\[\e[90;1m\][\[\e[0;34m\]\@\[\e[90;1m\]]-\[\e[90;1m\][\[\e[0;32m\]\u\[\e[0;33m\]@\[\e[0;32m\]\h\[\e[90;1m\]]-\[\e[90;1m\][\[\e[0;35m\]\w\[\e[90;1m\]]- \[[0;32m\]|main U:428 ?:28 \[[0;31m\]✗\[[0;32m\]|\n\[\e[39m\]$ /usr/bin/cmake --install /home/caldo/Projects/trekking_test_ws/build/trekking
