[0.021s] Invoking command in '/home/caldo/Projects/trekking_test_ws/build/trekking': CMAKE_PREFIX_PATH=${CMAKE_PREFIX_PATH}:/opt/ros/jazzy PS1=\n\[\e[90;1m\][\[\e[0;34m\]\@\[\e[90;1m\]]-\[\e[90;1m\][\[\e[0;32m\]\u\[\e[0;33m\]@\[\e[0;32m\]\h\[\e[90;1m\]]-\[\e[90;1m\][\[\e[0;35m\]\w\[\e[90;1m\]]- \[[0;32m\]|main U:39 ?:11 \[[0;31m\]✗\[[0;32m\]|\n\[\e[39m\]$ /usr/bin/cmake --build /home/caldo/Projects/trekking_test_ws/build/trekking -- -j8 -l8
[0.072s] -- Found ament_cmake: 2.5.3 (/opt/ros/jazzy/share/ament_cmake/cmake)
[0.473s] -- Override CMake install command with custom implementation using symlinks instead of copying resources
[0.486s] -- Found ament_lint_auto: 0.17.2 (/opt/ros/jazzy/share/ament_lint_auto/cmake)
[0.682s] -- Added test 'copyright' to check source files copyright and LICENSE
[0.685s] -- Added test 'flake8' to check Python code syntax and style conventions
[0.685s] -- Configured 'flake8' exclude dirs and/or files: 
[0.686s] -- Added test 'lint_cmake' to check CMake code style
[0.686s] -- Added test 'pep257' to check Python code against some of the docstring style conventions in PEP 257
[0.687s] -- Added test 'xmllint' to check XML markup files
[0.689s] -- Configuring done (0.6s)
[0.694s] -- Generating done (0.0s)
[0.697s] -- Build files have been written to: /home/caldo/Projects/trekking_test_ws/build/trekking
[0.740s] Invoked command in '/home/caldo/Projects/trekking_test_ws/build/trekking' returned '0': CMAKE_PREFIX_PATH=${CMAKE_PREFIX_PATH}:/opt/ros/jazzy PS1=\n\[\e[90;1m\][\[\e[0;34m\]\@\[\e[90;1m\]]-\[\e[90;1m\][\[\e[0;32m\]\u\[\e[0;33m\]@\[\e[0;32m\]\h\[\e[90;1m\]]-\[\e[90;1m\][\[\e[0;35m\]\w\[\e[90;1m\]]- \[[0;32m\]|main U:39 ?:11 \[[0;31m\]✗\[[0;32m\]|\n\[\e[39m\]$ /usr/bin/cmake --build /home/caldo/Projects/trekking_test_ws/build/trekking -- -j8 -l8
[0.756s] Invoking command in '/home/caldo/Projects/trekking_test_ws/build/trekking': CMAKE_PREFIX_PATH=${CMAKE_PREFIX_PATH}:/opt/ros/jazzy PS1=\n\[\e[90;1m\][\[\e[0;34m\]\@\[\e[90;1m\]]-\[\e[90;1m\][\[\e[0;32m\]\u\[\e[0;33m\]@\[\e[0;32m\]\h\[\e[90;1m\]]-\[\e[90;1m\][\[\e[0;35m\]\w\[\e[90;1m\]]- \[[0;32m\]|main U:39 ?:11 \[[0;31m\]✗\[[0;32m\]|\n\[\e[39m\]$ /usr/bin/cmake --install /home/caldo/Projects/trekking_test_ws/build/trekking
[0.767s] -- Install configuration: ""
[0.769s] -- Execute custom install script
[0.769s] -- Symlinking: /home/caldo/Projects/trekking_test_ws/install/trekking/share/trekking/config/drive_bot.rviz
[0.784s] -- Symlinking: /home/caldo/Projects/trekking_test_ws/install/trekking/share/trekking/config/empty.yaml
[0.808s] -- Symlinking: /home/caldo/Projects/trekking_test_ws/install/trekking/share/trekking/config/main.rviz
[0.823s] -- Symlinking: /home/caldo/Projects/trekking_test_ws/install/trekking/share/trekking/config/map.rviz
[0.840s] -- Symlinking: /home/caldo/Projects/trekking_test_ws/install/trekking/share/trekking/config/mapper_params_online_async.yaml
[0.856s] -- Symlinking: /home/caldo/Projects/trekking_test_ws/install/trekking/share/trekking/config/my_controllers.yaml
[0.871s] -- Symlinking: /home/caldo/Projects/trekking_test_ws/install/trekking/share/trekking/config/nav2_params.yaml
[0.884s] -- Symlinking: /home/caldo/Projects/trekking_test_ws/install/trekking/share/trekking/config/oche kkkk.rviz
[0.898s] -- Symlinking: /home/caldo/Projects/trekking_test_ws/install/trekking/share/trekking/config/twist_mux.yaml
[0.920s] -- Symlinking: /home/caldo/Projects/trekking_test_ws/install/trekking/share/trekking/config/view_bot.rviz
[0.943s] -- Symlinking: /home/caldo/Projects/trekking_test_ws/install/trekking/share/trekking/description/inertial_macros.xacro
[0.975s] -- Symlinking: /home/caldo/Projects/trekking_test_ws/install/trekking/share/trekking/description/robot.urdf.xacro
[1.010s] -- Symlinking: /home/caldo/Projects/trekking_test_ws/install/trekking/share/trekking/description/robot_core.xacro
[1.030s] -- Symlinking: /home/caldo/Projects/trekking_test_ws/install/trekking/share/trekking/launch/localization_launch.py
[1.046s] -- Symlinking: /home/caldo/Projects/trekking_test_ws/install/trekking/share/trekking/launch/main.launch.py
[1.067s] -- Symlinking: /home/caldo/Projects/trekking_test_ws/install/trekking/share/trekking/launch/navigation_launch.py
[1.085s] -- Symlinking: /home/caldo/Projects/trekking_test_ws/install/trekking/share/trekking/launch/online_async_launch.py
[1.106s] -- Symlinking: /home/caldo/Projects/trekking_test_ws/install/trekking/share/trekking/launch/rplidar.launch.py
[1.125s] -- Symlinking: /home/caldo/Projects/trekking_test_ws/install/trekking/share/ament_index/resource_index/package_run_dependencies/trekking
[1.138s] -- Symlinking: /home/caldo/Projects/trekking_test_ws/install/trekking/share/ament_index/resource_index/parent_prefix_path/trekking
[1.161s] -- Up-to-date symlink: /home/caldo/Projects/trekking_test_ws/install/trekking/share/trekking/environment/ament_prefix_path.sh
[1.161s] -- Symlinking: /home/caldo/Projects/trekking_test_ws/install/trekking/share/trekking/environment/ament_prefix_path.dsv
[1.178s] -- Up-to-date symlink: /home/caldo/Projects/trekking_test_ws/install/trekking/share/trekking/environment/path.sh
[1.178s] -- Symlinking: /home/caldo/Projects/trekking_test_ws/install/trekking/share/trekking/environment/path.dsv
[1.196s] -- Symlinking: /home/caldo/Projects/trekking_test_ws/install/trekking/share/trekking/local_setup.bash
[1.215s] -- Symlinking: /home/caldo/Projects/trekking_test_ws/install/trekking/share/trekking/local_setup.sh
[1.227s] -- Symlinking: /home/caldo/Projects/trekking_test_ws/install/trekking/share/trekking/local_setup.zsh
[1.240s] -- Symlinking: /home/caldo/Projects/trekking_test_ws/install/trekking/share/trekking/local_setup.dsv
[1.256s] -- Symlinking: /home/caldo/Projects/trekking_test_ws/install/trekking/share/trekking/package.dsv
[1.273s] -- Symlinking: /home/caldo/Projects/trekking_test_ws/install/trekking/share/ament_index/resource_index/packages/trekking
[1.289s] -- Symlinking: /home/caldo/Projects/trekking_test_ws/install/trekking/share/trekking/cmake/trekkingConfig.cmake
[1.308s] -- Symlinking: /home/caldo/Projects/trekking_test_ws/install/trekking/share/trekking/cmake/trekkingConfig-version.cmake
[1.329s] -- Symlinking: /home/caldo/Projects/trekking_test_ws/install/trekking/share/trekking/package.xml
[1.350s] Invoked command in '/home/caldo/Projects/trekking_test_ws/build/trekking' returned '0': CMAKE_PREFIX_PATH=${CMAKE_PREFIX_PATH}:/opt/ros/jazzy PS1=\n\[\e[90;1m\][\[\e[0;34m\]\@\[\e[90;1m\]]-\[\e[90;1m\][\[\e[0;32m\]\u\[\e[0;33m\]@\[\e[0;32m\]\h\[\e[90;1m\]]-\[\e[90;1m\][\[\e[0;35m\]\w\[\e[90;1m\]]- \[[0;32m\]|main U:39 ?:11 \[[0;31m\]✗\[[0;32m\]|\n\[\e[39m\]$ /usr/bin/cmake --install /home/caldo/Projects/trekking_test_ws/build/trekking
